<?xml version="1.0" encoding="UTF-8"?>
<robot generator="Robot 4.1 (Python 3.7.3 on win32)" generated="20211021 18:38:35.944" rpa="false" schemaversion="2">
<suite id="s1" name="Testcase003" source="E:\rf\Transform\Tests\Testcase003.robot">
<test id="s1-t1" name="User navigates to a pipeline and applies add field transformation">
<kw name="Open the Browser" library="transformation" type="SETUP">
<kw name="Open Browser" library="SeleniumLibrary">
<arg>${Url}</arg>
<arg>${Browser}</arg>
<doc>Opens a new browser instance to the optional ``url``.</doc>
<msg timestamp="20211021 18:38:36.756" level="INFO">Opening browser 'gc' to base url 'https://beta.hevo.me/'.</msg>
<status status="PASS" starttime="20211021 18:38:36.756" endtime="20211021 18:38:43.913"/>
</kw>
<kw name="Maximize Browser Window" library="SeleniumLibrary">
<doc>Maximizes current browser window.</doc>
<status status="PASS" starttime="20211021 18:38:43.913" endtime="20211021 18:38:44.041"/>
</kw>
<kw name="Set Selenium Implicit Wait" library="SeleniumLibrary">
<arg>30 seconds</arg>
<doc>Sets the implicit wait value used by Selenium.</doc>
<status status="PASS" starttime="20211021 18:38:44.041" endtime="20211021 18:38:44.041"/>
</kw>
<status status="PASS" starttime="20211021 18:38:36.756" endtime="20211021 18:38:44.041"/>
</kw>
<kw name="Given User is alowed to login to Hevo" library="transformation">
<kw name="Input Text" library="SeleniumLibrary">
<arg>${Email_Elem}</arg>
<arg>${Email_Id}</arg>
<doc>Types the given ``text`` into the text field identified by ``locator``.</doc>
<msg timestamp="20211021 18:38:44.049" level="INFO">Typing text 'test@newhevotest.com' into text field 'xpath://input[@type='email']'.</msg>
<status status="PASS" starttime="20211021 18:38:44.049" endtime="20211021 18:38:44.312"/>
</kw>
<kw name="Click Button" library="SeleniumLibrary">
<arg>${Login_Btn}</arg>
<doc>Clicks the button identified by ``locator``.</doc>
<msg timestamp="20211021 18:38:44.312" level="INFO">Clicking button 'xpath://button[@type='submit']'.</msg>
<status status="PASS" starttime="20211021 18:38:44.312" endtime="20211021 18:38:44.408"/>
</kw>
<kw name="Wait Until Page Contains" library="SeleniumLibrary">
<arg>${Pwd_Txt}</arg>
<doc>Waits until ``text`` appears on the current page.</doc>
<status status="PASS" starttime="20211021 18:38:44.416" endtime="20211021 18:38:44.612"/>
</kw>
<kw name="Input Password" library="SeleniumLibrary">
<arg>${Pwd_Elem}</arg>
<arg>${Pwd}</arg>
<doc>Types the given password into the text field identified by ``locator``.</doc>
<msg timestamp="20211021 18:38:44.612" level="INFO">Typing password into text field 'xpath://input[@type='password']'.</msg>
<msg timestamp="20211021 18:38:44.687" level="INFO">Temporally setting log level to: NONE</msg>
<msg timestamp="20211021 18:38:44.779" level="INFO">Log level changed from NONE to INFO.</msg>
<status status="PASS" starttime="20211021 18:38:44.612" endtime="20211021 18:38:44.779"/>
</kw>
<kw name="Click Button" library="SeleniumLibrary">
<arg>${Login_Btn}</arg>
<doc>Clicks the button identified by ``locator``.</doc>
<msg timestamp="20211021 18:38:44.779" level="INFO">Clicking button 'xpath://button[@type='submit']'.</msg>
<status status="PASS" starttime="20211021 18:38:44.779" endtime="20211021 18:38:44.915"/>
</kw>
<status status="PASS" starttime="20211021 18:38:44.049" endtime="20211021 18:38:44.917"/>
</kw>
<kw name="When User navigates to the pipleine" library="transformation">
<kw name="Wait Until Page Contains" library="SeleniumLibrary">
<arg>${Dark_Mode_Txt}</arg>
<doc>Waits until ``text`` appears on the current page.</doc>
<status status="PASS" starttime="20211021 18:38:44.925" endtime="20211021 18:38:45.681"/>
</kw>
<kw name="Press Keys" library="SeleniumLibrary">
<arg>None</arg>
<arg>ESC</arg>
<doc>Simulates the user pressing key(s) to an element or on the active browser.</doc>
<msg timestamp="20211021 18:38:45.681" level="INFO">Sending key(s) ('ESC',) to page.</msg>
<msg timestamp="20211021 18:38:45.681" level="INFO">Pressing special key ESCAPE to browser.</msg>
<msg timestamp="20211021 18:38:45.681" level="INFO">Releasing special key ESCAPE.</msg>
<status status="PASS" starttime="20211021 18:38:45.681" endtime="20211021 18:38:45.785"/>
</kw>
<kw name="Sleep" library="BuiltIn">
<arg>5</arg>
<doc>Pauses the test executed for the given time.</doc>
<msg timestamp="20211021 18:38:50.790" level="INFO">Slept 5 seconds</msg>
<status status="PASS" starttime="20211021 18:38:45.785" endtime="20211021 18:38:50.790"/>
</kw>
<kw name="Click Element" library="SeleniumLibrary">
<arg>${Pipeline_Label_Elem}</arg>
<doc>Click the element identified by ``locator``.</doc>
<msg timestamp="20211021 18:38:50.790" level="INFO">Clicking element 'xpath://a[@iconname='pipeline']'.</msg>
<status status="PASS" starttime="20211021 18:38:50.790" endtime="20211021 18:38:50.923"/>
</kw>
<kw name="Click Element" library="SeleniumLibrary">
<arg>${Pipeline}</arg>
<doc>Click the element identified by ``locator``.</doc>
<msg timestamp="20211021 18:38:50.923" level="INFO">Clicking element 'xpath://div[text()=' MySQL01 ']'.</msg>
<status status="PASS" starttime="20211021 18:38:50.923" endtime="20211021 18:38:52.031"/>
</kw>
<kw name="Wait Until Element Is Visible" library="SeleniumLibrary">
<arg>${Transf_Elem}</arg>
<doc>Waits until the element ``locator`` is visible.</doc>
<status status="PASS" starttime="20211021 18:38:52.031" endtime="20211021 18:38:52.079"/>
</kw>
<kw name="Click Element" library="SeleniumLibrary">
<arg>${Transf_Elem}</arg>
<doc>Click the element identified by ``locator``.</doc>
<msg timestamp="20211021 18:38:52.079" level="INFO">Clicking element 'xpath://a[@iconname='transformation']'.</msg>
<status status="PASS" starttime="20211021 18:38:52.079" endtime="20211021 18:38:53.016"/>
</kw>
<status status="PASS" starttime="20211021 18:38:44.917" endtime="20211021 18:38:53.016"/>
</kw>
<kw name="And User drags add field transformation block and provide the transformation details" library="transformation">
<kw name="Drag And Drop" library="SeleniumLibrary">
<arg>${Add_Field_Elem}</arg>
<arg>${Workflow_Transf_Elem}</arg>
<doc>Drags the element identified by ``locator`` into the ``target`` element.</doc>
<status status="PASS" starttime="20211021 18:38:53.016" endtime="20211021 18:38:54.312"/>
</kw>
<kw name="Click Button" library="SeleniumLibrary">
<arg>${Add_Filter_Btn1}</arg>
<doc>Clicks the button identified by ``locator``.</doc>
<msg timestamp="20211021 18:38:54.312" level="INFO">Clicking button 'xpath://button[text()=' Add Filter ']'.</msg>
<status status="PASS" starttime="20211021 18:38:54.312" endtime="20211021 18:38:54.545"/>
</kw>
<kw name="Click Element" library="SeleniumLibrary">
<arg>${Event_Type_Option}</arg>
<doc>Click the element identified by ``locator``.</doc>
<msg timestamp="20211021 18:38:54.545" level="INFO">Clicking element 'xpath://fs-option[text()=' Event Type ']'.</msg>
<status status="PASS" starttime="20211021 18:38:54.545" endtime="20211021 18:38:54.697"/>
</kw>
<kw name="Click Element" library="SeleniumLibrary">
<arg>${Equals_Option}</arg>
<doc>Click the element identified by ``locator``.</doc>
<msg timestamp="20211021 18:38:54.697" level="INFO">Clicking element 'xpath://fs-option[text()=' Equals ']'.</msg>
<status status="PASS" starttime="20211021 18:38:54.697" endtime="20211021 18:38:54.855"/>
</kw>
<kw name="Input Text" library="SeleniumLibrary">
<arg>${Enter_Value_Txtbox}</arg>
<arg>${Event_Value}</arg>
<doc>Types the given ``text`` into the text field identified by ``locator``.</doc>
<msg timestamp="20211021 18:38:54.855" level="INFO">Typing text 'demo.departments' into text field 'xpath://input[@placeholder='Value']'.</msg>
<status status="PASS" starttime="20211021 18:38:54.855" endtime="20211021 18:38:55.238"/>
</kw>
<kw name="Click Button" library="SeleniumLibrary">
<arg>${Add_Filter_Btn2}</arg>
<doc>Clicks the button identified by ``locator``.</doc>
<msg timestamp="20211021 18:38:55.238" level="INFO">Clicking button 'xpath://button[@class='btn btn-primary']'.</msg>
<status status="PASS" starttime="20211021 18:38:55.238" endtime="20211021 18:38:55.411"/>
</kw>
<kw name="Input Text" library="SeleniumLibrary">
<arg>${New_Field_Name_Txtbox}</arg>
<arg>${Field_Name_01}</arg>
<doc>Types the given ``text`` into the text field identified by ``locator``.</doc>
<msg timestamp="20211021 18:38:55.419" level="INFO">Typing text 'dept_loc' into text field 'xpath://input[@name='field-name']'.</msg>
<status status="PASS" starttime="20211021 18:38:55.411" endtime="20211021 18:38:55.611"/>
</kw>
<kw name="Input Text" library="SeleniumLibrary">
<arg>${New_Field_Value_Txtbox}</arg>
<arg>${New_Field_Value_01}</arg>
<doc>Types the given ``text`` into the text field identified by ``locator``.</doc>
<msg timestamp="20211021 18:38:55.611" level="INFO">Typing text '"India"' into text field 'xpath://input[@name='field-value']'.</msg>
<status status="PASS" starttime="20211021 18:38:55.611" endtime="20211021 18:38:55.844"/>
</kw>
<status status="PASS" starttime="20211021 18:38:53.016" endtime="20211021 18:38:55.844"/>
</kw>
<kw name="Then User tests the transformation applied to the event" library="transformation">
<kw name="Click Button" library="SeleniumLibrary">
<arg>${Test_Btn_01}</arg>
<doc>Clicks the button identified by ``locator``.</doc>
<msg timestamp="20211021 18:38:55.851" level="INFO">Clicking button 'xpath://button[@class='btn btn-secondary']'.</msg>
<status status="PASS" starttime="20211021 18:38:55.851" endtime="20211021 18:38:56.077"/>
</kw>
<kw name="Click Element" library="SeleniumLibrary">
<arg>${Select_Event_Dropdown}</arg>
<doc>Click the element identified by ``locator``.</doc>
<msg timestamp="20211021 18:38:56.077" level="INFO">Clicking element 'xpath://span[text()=' Select Event Type ']'.</msg>
<status status="PASS" starttime="20211021 18:38:56.077" endtime="20211021 18:38:56.238"/>
</kw>
<kw name="Input Text" library="SeleniumLibrary">
<arg>${Search_Icon}</arg>
<arg>${Event_Name}</arg>
<doc>Types the given ``text`` into the text field identified by ``locator``.</doc>
<msg timestamp="20211021 18:38:56.238" level="INFO">Typing text 'demo.departments' into text field 'xpath://input[@placeholder='Select Event Type']'.</msg>
<status status="PASS" starttime="20211021 18:38:56.238" endtime="20211021 18:38:56.718"/>
</kw>
<kw name="Press Keys" library="SeleniumLibrary">
<arg>None</arg>
<arg>ARROW_DOWN</arg>
<doc>Simulates the user pressing key(s) to an element or on the active browser.</doc>
<msg timestamp="20211021 18:38:56.718" level="INFO">Sending key(s) ('ARROW_DOWN',) to page.</msg>
<msg timestamp="20211021 18:38:56.718" level="INFO">Pressing special key ARROW_DOWN to browser.</msg>
<msg timestamp="20211021 18:38:56.718" level="INFO">Releasing special key ARROW_DOWN.</msg>
<status status="PASS" starttime="20211021 18:38:56.718" endtime="20211021 18:38:56.726"/>
</kw>
<kw name="Press Keys" library="SeleniumLibrary">
<arg>None</arg>
<arg>RETURN</arg>
<doc>Simulates the user pressing key(s) to an element or on the active browser.</doc>
<msg timestamp="20211021 18:38:56.726" level="INFO">Sending key(s) ('RETURN',) to page.</msg>
<msg timestamp="20211021 18:38:56.726" level="INFO">Pressing special key RETURN to browser.</msg>
<msg timestamp="20211021 18:38:56.726" level="INFO">Releasing special key RETURN.</msg>
<status status="PASS" starttime="20211021 18:38:56.726" endtime="20211021 18:38:56.751"/>
</kw>
<kw name="Click Button" library="SeleniumLibrary">
<arg>${Get_Sample_Btn}</arg>
<doc>Clicks the button identified by ``locator``.</doc>
<msg timestamp="20211021 18:38:56.759" level="INFO">Clicking button 'xpath://button[text()=' Get Sample ']'.</msg>
<status status="PASS" starttime="20211021 18:38:56.751" endtime="20211021 18:38:56.885"/>
</kw>
<kw name="Sleep" library="BuiltIn">
<arg>1</arg>
<doc>Pauses the test executed for the given time.</doc>
<msg timestamp="20211021 18:38:57.907" level="INFO">Slept 1 second</msg>
<status status="PASS" starttime="20211021 18:38:56.893" endtime="20211021 18:38:57.907"/>
</kw>
<kw name="Click Button" library="SeleniumLibrary">
<arg>${Test_Btn_02}</arg>
<doc>Clicks the button identified by ``locator``.</doc>
<msg timestamp="20211021 18:38:57.907" level="INFO">Clicking button 'xpath://button[@class='btn btn-primary']'.</msg>
<status status="PASS" starttime="20211021 18:38:57.907" endtime="20211021 18:38:58.041"/>
</kw>
<kw name="Sleep" library="BuiltIn">
<arg>3</arg>
<doc>Pauses the test executed for the given time.</doc>
<msg timestamp="20211021 18:39:01.052" level="INFO">Slept 3 seconds</msg>
<status status="PASS" starttime="20211021 18:38:58.041" endtime="20211021 18:39:01.052"/>
</kw>
<kw name="Click Button" library="SeleniumLibrary">
<arg>${Deploy_Btn}</arg>
<doc>Clicks the button identified by ``locator``.</doc>
<msg timestamp="20211021 18:39:01.052" level="INFO">Clicking button 'xpath://button[text()=' Deploy ']'.</msg>
<status status="PASS" starttime="20211021 18:39:01.052" endtime="20211021 18:39:01.338"/>
</kw>
<status status="PASS" starttime="20211021 18:38:55.844" endtime="20211021 18:39:01.338"/>
</kw>
<kw name="And User runs the event again" library="transformation">
<kw name="Click Element" library="SeleniumLibrary">
<arg>${Ovrview_Icon}</arg>
<doc>Click the element identified by ``locator``.</doc>
<msg timestamp="20211021 18:39:01.346" level="INFO">Clicking element 'xpath://a[@iconname='overview']'.</msg>
<status status="PASS" starttime="20211021 18:39:01.338" endtime="20211021 18:39:01.626"/>
</kw>
<kw name="Click Element" library="SeleniumLibrary">
<arg>${Src_Object_Elem}</arg>
<doc>Click the element identified by ``locator``.</doc>
<msg timestamp="20211021 18:39:01.626" level="INFO">Clicking element 'xpath://searcharea[@placeholder='Search Objects']'.</msg>
<status status="PASS" starttime="20211021 18:39:01.626" endtime="20211021 18:39:01.786"/>
</kw>
<kw name="Input Text" library="SeleniumLibrary">
<arg>${Src_Object_Text_Elem}</arg>
<arg>${Event_Value}</arg>
<doc>Types the given ``text`` into the text field identified by ``locator``.</doc>
<msg timestamp="20211021 18:39:01.794" level="INFO">Typing text 'demo.departments' into text field 'xpath://input[@placeholder='Search Objects']'.</msg>
<status status="PASS" starttime="20211021 18:39:01.794" endtime="20211021 18:39:02.529"/>
</kw>
<kw name="Sleep" library="BuiltIn">
<arg>1</arg>
<doc>Pauses the test executed for the given time.</doc>
<msg timestamp="20211021 18:39:03.536" level="INFO">Slept 1 second</msg>
<status status="PASS" starttime="20211021 18:39:02.529" endtime="20211021 18:39:03.536"/>
</kw>
<kw name="Click Element" library="SeleniumLibrary">
<arg>${Vertical_Bar_Icon}</arg>
<doc>Click the element identified by ``locator``.</doc>
<msg timestamp="20211021 18:39:03.536" level="INFO">Clicking element 'xpath://div[@class='status-actions-container']/button'.</msg>
<status status="PASS" starttime="20211021 18:39:03.536" endtime="20211021 18:39:03.774"/>
</kw>
<kw name="Click Element" library="SeleniumLibrary">
<arg>${Run_Now_Opt}</arg>
<doc>Click the element identified by ``locator``.</doc>
<msg timestamp="20211021 18:39:03.774" level="INFO">Clicking element 'xpath://hd-icon[@name='run-now']'.</msg>
<status status="PASS" starttime="20211021 18:39:03.774" endtime="20211021 18:39:03.946"/>
</kw>
<status status="PASS" starttime="20211021 18:39:01.338" endtime="20211021 18:39:03.946"/>
</kw>
<doc>Add Field Transformation</doc>
<tag>Transformation</tag>
<status status="PASS" starttime="20211021 18:38:36.743" endtime="20211021 18:39:03.946"/>
</test>
<test id="s1-t2" name="User navigates to a pipeline and applies drop field transformation">
<kw name="Open the Browser" library="transformation" type="SETUP">
<kw name="Open Browser" library="SeleniumLibrary">
<arg>${Url}</arg>
<arg>${Browser}</arg>
<doc>Opens a new browser instance to the optional ``url``.</doc>
<msg timestamp="20211021 18:39:03.962" level="INFO">Opening browser 'gc' to base url 'https://beta.hevo.me/'.</msg>
<status status="PASS" starttime="20211021 18:39:03.962" endtime="20211021 18:39:10.044"/>
</kw>
<kw name="Maximize Browser Window" library="SeleniumLibrary">
<doc>Maximizes current browser window.</doc>
<status status="PASS" starttime="20211021 18:39:10.044" endtime="20211021 18:39:10.172"/>
</kw>
<kw name="Set Selenium Implicit Wait" library="SeleniumLibrary">
<arg>30 seconds</arg>
<doc>Sets the implicit wait value used by Selenium.</doc>
<status status="PASS" starttime="20211021 18:39:10.172" endtime="20211021 18:39:10.172"/>
</kw>
<status status="PASS" starttime="20211021 18:39:03.954" endtime="20211021 18:39:10.172"/>
</kw>
<kw name="Given User is alowed to login to Hevo" library="transformation">
<kw name="Input Text" library="SeleniumLibrary">
<arg>${Email_Elem}</arg>
<arg>${Email_Id}</arg>
<doc>Types the given ``text`` into the text field identified by ``locator``.</doc>
<msg timestamp="20211021 18:39:10.179" level="INFO">Typing text 'test@newhevotest.com' into text field 'xpath://input[@type='email']'.</msg>
<status status="PASS" starttime="20211021 18:39:10.179" endtime="20211021 18:39:10.376"/>
</kw>
<kw name="Click Button" library="SeleniumLibrary">
<arg>${Login_Btn}</arg>
<doc>Clicks the button identified by ``locator``.</doc>
<msg timestamp="20211021 18:39:10.376" level="INFO">Clicking button 'xpath://button[@type='submit']'.</msg>
<status status="PASS" starttime="20211021 18:39:10.376" endtime="20211021 18:39:10.486"/>
</kw>
<kw name="Wait Until Page Contains" library="SeleniumLibrary">
<arg>${Pwd_Txt}</arg>
<doc>Waits until ``text`` appears on the current page.</doc>
<status status="PASS" starttime="20211021 18:39:10.486" endtime="20211021 18:39:10.701"/>
</kw>
<kw name="Input Password" library="SeleniumLibrary">
<arg>${Pwd_Elem}</arg>
<arg>${Pwd}</arg>
<doc>Types the given password into the text field identified by ``locator``.</doc>
<msg timestamp="20211021 18:39:10.701" level="INFO">Typing password into text field 'xpath://input[@type='password']'.</msg>
<msg timestamp="20211021 18:39:10.773" level="INFO">Temporally setting log level to: NONE</msg>
<msg timestamp="20211021 18:39:10.888" level="INFO">Log level changed from NONE to INFO.</msg>
<status status="PASS" starttime="20211021 18:39:10.701" endtime="20211021 18:39:10.888"/>
</kw>
<kw name="Click Button" library="SeleniumLibrary">
<arg>${Login_Btn}</arg>
<doc>Clicks the button identified by ``locator``.</doc>
<msg timestamp="20211021 18:39:10.888" level="INFO">Clicking button 'xpath://button[@type='submit']'.</msg>
<status status="PASS" starttime="20211021 18:39:10.888" endtime="20211021 18:39:11.024"/>
</kw>
<status status="PASS" starttime="20211021 18:39:10.172" endtime="20211021 18:39:11.024"/>
</kw>
<kw name="When User navigates to the pipleine" library="transformation">
<kw name="Wait Until Page Contains" library="SeleniumLibrary">
<arg>${Dark_Mode_Txt}</arg>
<doc>Waits until ``text`` appears on the current page.</doc>
<status status="PASS" starttime="20211021 18:39:11.024" endtime="20211021 18:39:11.863"/>
</kw>
<kw name="Press Keys" library="SeleniumLibrary">
<arg>None</arg>
<arg>ESC</arg>
<doc>Simulates the user pressing key(s) to an element or on the active browser.</doc>
<msg timestamp="20211021 18:39:11.863" level="INFO">Sending key(s) ('ESC',) to page.</msg>
<msg timestamp="20211021 18:39:11.863" level="INFO">Pressing special key ESCAPE to browser.</msg>
<msg timestamp="20211021 18:39:11.863" level="INFO">Releasing special key ESCAPE.</msg>
<status status="PASS" starttime="20211021 18:39:11.863" endtime="20211021 18:39:11.935"/>
</kw>
<kw name="Sleep" library="BuiltIn">
<arg>5</arg>
<doc>Pauses the test executed for the given time.</doc>
<msg timestamp="20211021 18:39:16.940" level="INFO">Slept 5 seconds</msg>
<status status="PASS" starttime="20211021 18:39:11.935" endtime="20211021 18:39:16.940"/>
</kw>
<kw name="Click Element" library="SeleniumLibrary">
<arg>${Pipeline_Label_Elem}</arg>
<doc>Click the element identified by ``locator``.</doc>
<msg timestamp="20211021 18:39:16.940" level="INFO">Clicking element 'xpath://a[@iconname='pipeline']'.</msg>
<status status="PASS" starttime="20211021 18:39:16.940" endtime="20211021 18:39:17.059"/>
</kw>
<kw name="Click Element" library="SeleniumLibrary">
<arg>${Pipeline}</arg>
<doc>Click the element identified by ``locator``.</doc>
<msg timestamp="20211021 18:39:17.059" level="INFO">Clicking element 'xpath://div[text()=' MySQL01 ']'.</msg>
<status status="PASS" starttime="20211021 18:39:17.059" endtime="20211021 18:39:18.091"/>
</kw>
<kw name="Wait Until Element Is Visible" library="SeleniumLibrary">
<arg>${Transf_Elem}</arg>
<doc>Waits until the element ``locator`` is visible.</doc>
<status status="PASS" starttime="20211021 18:39:18.094" endtime="20211021 18:39:18.145"/>
</kw>
<kw name="Click Element" library="SeleniumLibrary">
<arg>${Transf_Elem}</arg>
<doc>Click the element identified by ``locator``.</doc>
<msg timestamp="20211021 18:39:18.145" level="INFO">Clicking element 'xpath://a[@iconname='transformation']'.</msg>
<status status="PASS" starttime="20211021 18:39:18.145" endtime="20211021 18:39:19.113"/>
</kw>
<status status="PASS" starttime="20211021 18:39:11.024" endtime="20211021 18:39:19.113"/>
</kw>
<kw name="And User drags drop field transformation block and provide the transformation details" library="transformation">
<kw name="Click Element" library="SeleniumLibrary">
<arg>${Add_Field_Block}</arg>
<doc>Click the element identified by ``locator``.</doc>
<msg timestamp="20211021 18:39:19.121" level="INFO">Clicking element 'xpath://figure[@class='Add_New_Field']'.</msg>
<status status="PASS" starttime="20211021 18:39:19.121" endtime="20211021 18:39:20.015"/>
</kw>
<kw name="Click Element" library="SeleniumLibrary">
<arg>${Delete_Block_Elem}</arg>
<doc>Click the element identified by ``locator``.</doc>
<msg timestamp="20211021 18:39:20.015" level="INFO">Clicking element 'xpath://button[@class='btn-error size-xs ng-star-inserted']'.</msg>
<status status="PASS" starttime="20211021 18:39:20.015" endtime="20211021 18:39:20.194"/>
</kw>
<kw name="Click Button" library="SeleniumLibrary">
<arg>${Deploy_Btn}</arg>
<doc>Clicks the button identified by ``locator``.</doc>
<msg timestamp="20211021 18:39:20.202" level="INFO">Clicking button 'xpath://button[text()=' Deploy ']'.</msg>
<status status="PASS" starttime="20211021 18:39:20.202" endtime="20211021 18:39:20.382"/>
</kw>
<kw name="Sleep" library="BuiltIn">
<arg>2</arg>
<doc>Pauses the test executed for the given time.</doc>
<msg timestamp="20211021 18:39:22.397" level="INFO">Slept 2 seconds</msg>
<status status="PASS" starttime="20211021 18:39:20.382" endtime="20211021 18:39:22.397"/>
</kw>
<kw name="Click Button" library="SeleniumLibrary">
<arg>${Confirm_Btn}</arg>
<doc>Clicks the button identified by ``locator``.</doc>
<msg timestamp="20211021 18:39:22.397" level="INFO">Clicking button 'xpath://button[text()=' Confirm ']'.</msg>
<status status="PASS" starttime="20211021 18:39:22.397" endtime="20211021 18:39:22.505"/>
</kw>
<kw name="Sleep" library="BuiltIn">
<arg>1</arg>
<doc>Pauses the test executed for the given time.</doc>
<msg timestamp="20211021 18:39:23.519" level="INFO">Slept 1 second</msg>
<status status="PASS" starttime="20211021 18:39:22.505" endtime="20211021 18:39:23.519"/>
</kw>
<kw name="Drag And Drop" library="SeleniumLibrary">
<arg>${Drop_Field_Elem}</arg>
<arg>${Workflow_Transf_Elem}</arg>
<doc>Drags the element identified by ``locator`` into the ``target`` element.</doc>
<status status="PASS" starttime="20211021 18:39:23.519" endtime="20211021 18:39:24.203"/>
</kw>
<kw name="Click Button" library="SeleniumLibrary">
<arg>${Add_Filter_Btn1}</arg>
<doc>Clicks the button identified by ``locator``.</doc>
<msg timestamp="20211021 18:39:24.203" level="INFO">Clicking button 'xpath://button[text()=' Add Filter ']'.</msg>
<status status="PASS" starttime="20211021 18:39:24.203" endtime="20211021 18:39:24.463"/>
</kw>
<kw name="Click Element" library="SeleniumLibrary">
<arg>${Event_Type_Option}</arg>
<doc>Click the element identified by ``locator``.</doc>
<msg timestamp="20211021 18:39:24.463" level="INFO">Clicking element 'xpath://fs-option[text()=' Event Type ']'.</msg>
<status status="PASS" starttime="20211021 18:39:24.463" endtime="20211021 18:39:24.619"/>
</kw>
<kw name="Click Element" library="SeleniumLibrary">
<arg>${Equals_Option}</arg>
<doc>Click the element identified by ``locator``.</doc>
<msg timestamp="20211021 18:39:24.619" level="INFO">Clicking element 'xpath://fs-option[text()=' Equals ']'.</msg>
<status status="PASS" starttime="20211021 18:39:24.619" endtime="20211021 18:39:24.783"/>
</kw>
<kw name="Input Text" library="SeleniumLibrary">
<arg>${Enter_Value_Txtbox}</arg>
<arg>${Event_Value}</arg>
<doc>Types the given ``text`` into the text field identified by ``locator``.</doc>
<msg timestamp="20211021 18:39:24.792" level="INFO">Typing text 'demo.departments' into text field 'xpath://input[@placeholder='Value']'.</msg>
<status status="PASS" starttime="20211021 18:39:24.783" endtime="20211021 18:39:25.170"/>
</kw>
<kw name="Click Button" library="SeleniumLibrary">
<arg>${Add_Filter_Btn2}</arg>
<doc>Clicks the button identified by ``locator``.</doc>
<msg timestamp="20211021 18:39:25.170" level="INFO">Clicking button 'xpath://button[@class='btn btn-primary']'.</msg>
<status status="PASS" starttime="20211021 18:39:25.170" endtime="20211021 18:39:25.312"/>
</kw>
<kw name="Click Button" library="SeleniumLibrary">
<arg>${Add_Filter_Btn3}</arg>
<doc>Clicks the button identified by ``locator``.</doc>
<msg timestamp="20211021 18:39:25.312" level="INFO">Clicking button 'xpath://filter-group[@class='mt-4 ng-star-inserted']/button'.</msg>
<status status="PASS" starttime="20211021 18:39:25.312" endtime="20211021 18:39:25.426"/>
</kw>
<kw name="Click Element" library="SeleniumLibrary">
<arg>${Field_Name_Elem_01}</arg>
<doc>Click the element identified by ``locator``.</doc>
<msg timestamp="20211021 18:39:25.426" level="INFO">Clicking element 'xpath://fs-option[text()=' Field Name ']'.</msg>
<status status="PASS" starttime="20211021 18:39:25.426" endtime="20211021 18:39:25.535"/>
</kw>
<kw name="Click Element" library="SeleniumLibrary">
<arg>${Equals_Option}</arg>
<doc>Click the element identified by ``locator``.</doc>
<msg timestamp="20211021 18:39:25.535" level="INFO">Clicking element 'xpath://fs-option[text()=' Equals ']'.</msg>
<status status="PASS" starttime="20211021 18:39:25.535" endtime="20211021 18:39:25.609"/>
</kw>
<kw name="Execute Javascript" library="SeleniumLibrary">
<arg>window.scrollTo(0,-100)</arg>
<doc>Executes the given JavaScript code with possible arguments.</doc>
<msg timestamp="20211021 18:39:25.618" level="INFO">Executing JavaScript:
window.scrollTo(0,-100)
Without any arguments.</msg>
<status status="PASS" starttime="20211021 18:39:25.609" endtime="20211021 18:39:25.626"/>
</kw>
<kw name="Input Text" library="SeleniumLibrary">
<arg>${Enter_Value_Txtbox}</arg>
<arg>${Field_Name_01}</arg>
<doc>Types the given ``text`` into the text field identified by ``locator``.</doc>
<msg timestamp="20211021 18:39:25.626" level="INFO">Typing text 'dept_loc' into text field 'xpath://input[@placeholder='Value']'.</msg>
<status status="PASS" starttime="20211021 18:39:25.626" endtime="20211021 18:39:25.885"/>
</kw>
<kw name="Click Button" library="SeleniumLibrary">
<arg>${Add_Filter_Btn2}</arg>
<doc>Clicks the button identified by ``locator``.</doc>
<msg timestamp="20211021 18:39:25.885" level="INFO">Clicking button 'xpath://button[@class='btn btn-primary']'.</msg>
<status status="PASS" starttime="20211021 18:39:25.885" endtime="20211021 18:39:26.008"/>
</kw>
<status status="PASS" starttime="20211021 18:39:19.113" endtime="20211021 18:39:26.008"/>
</kw>
<kw name="Then User Tests The Transformation Applied To The Event" library="transformation">
<kw name="Click Button" library="SeleniumLibrary">
<arg>${Test_Btn_01}</arg>
<doc>Clicks the button identified by ``locator``.</doc>
<msg timestamp="20211021 18:39:26.008" level="INFO">Clicking button 'xpath://button[@class='btn btn-secondary']'.</msg>
<status status="PASS" starttime="20211021 18:39:26.008" endtime="20211021 18:39:26.216"/>
</kw>
<kw name="Click Element" library="SeleniumLibrary">
<arg>${Select_Event_Dropdown}</arg>
<doc>Click the element identified by ``locator``.</doc>
<msg timestamp="20211021 18:39:26.216" level="INFO">Clicking element 'xpath://span[text()=' Select Event Type ']'.</msg>
<status status="PASS" starttime="20211021 18:39:26.216" endtime="20211021 18:39:26.379"/>
</kw>
<kw name="Input Text" library="SeleniumLibrary">
<arg>${Search_Icon}</arg>
<arg>${Event_Name}</arg>
<doc>Types the given ``text`` into the text field identified by ``locator``.</doc>
<msg timestamp="20211021 18:39:26.379" level="INFO">Typing text 'demo.departments' into text field 'xpath://input[@placeholder='Select Event Type']'.</msg>
<status status="PASS" starttime="20211021 18:39:26.379" endtime="20211021 18:39:26.808"/>
</kw>
<kw name="Press Keys" library="SeleniumLibrary">
<arg>None</arg>
<arg>ARROW_DOWN</arg>
<doc>Simulates the user pressing key(s) to an element or on the active browser.</doc>
<msg timestamp="20211021 18:39:26.816" level="INFO">Sending key(s) ('ARROW_DOWN',) to page.</msg>
<msg timestamp="20211021 18:39:26.816" level="INFO">Pressing special key ARROW_DOWN to browser.</msg>
<msg timestamp="20211021 18:39:26.816" level="INFO">Releasing special key ARROW_DOWN.</msg>
<status status="PASS" starttime="20211021 18:39:26.808" endtime="20211021 18:39:26.824"/>
</kw>
<kw name="Press Keys" library="SeleniumLibrary">
<arg>None</arg>
<arg>RETURN</arg>
<doc>Simulates the user pressing key(s) to an element or on the active browser.</doc>
<msg timestamp="20211021 18:39:26.832" level="INFO">Sending key(s) ('RETURN',) to page.</msg>
<msg timestamp="20211021 18:39:26.832" level="INFO">Pressing special key RETURN to browser.</msg>
<msg timestamp="20211021 18:39:26.832" level="INFO">Releasing special key RETURN.</msg>
<status status="PASS" starttime="20211021 18:39:26.824" endtime="20211021 18:39:26.858"/>
</kw>
<kw name="Click Button" library="SeleniumLibrary">
<arg>${Get_Sample_Btn}</arg>
<doc>Clicks the button identified by ``locator``.</doc>
<msg timestamp="20211021 18:39:26.858" level="INFO">Clicking button 'xpath://button[text()=' Get Sample ']'.</msg>
<status status="PASS" starttime="20211021 18:39:26.858" endtime="20211021 18:39:26.958"/>
</kw>
<kw name="Sleep" library="BuiltIn">
<arg>1</arg>
<doc>Pauses the test executed for the given time.</doc>
<msg timestamp="20211021 18:39:27.959" level="INFO">Slept 1 second</msg>
<status status="PASS" starttime="20211021 18:39:26.958" endtime="20211021 18:39:27.959"/>
</kw>
<kw name="Click Button" library="SeleniumLibrary">
<arg>${Test_Btn_02}</arg>
<doc>Clicks the button identified by ``locator``.</doc>
<msg timestamp="20211021 18:39:27.959" level="INFO">Clicking button 'xpath://button[@class='btn btn-primary']'.</msg>
<status status="PASS" starttime="20211021 18:39:27.959" endtime="20211021 18:39:28.231"/>
</kw>
<kw name="Sleep" library="BuiltIn">
<arg>3</arg>
<doc>Pauses the test executed for the given time.</doc>
<msg timestamp="20211021 18:39:31.246" level="INFO">Slept 3 seconds</msg>
<status status="PASS" starttime="20211021 18:39:28.231" endtime="20211021 18:39:31.246"/>
</kw>
<kw name="Click Button" library="SeleniumLibrary">
<arg>${Deploy_Btn}</arg>
<doc>Clicks the button identified by ``locator``.</doc>
<msg timestamp="20211021 18:39:31.246" level="INFO">Clicking button 'xpath://button[text()=' Deploy ']'.</msg>
<status status="PASS" starttime="20211021 18:39:31.246" endtime="20211021 18:39:31.461"/>
</kw>
<status status="PASS" starttime="20211021 18:39:26.008" endtime="20211021 18:39:31.469"/>
</kw>
<kw name="And User runs the event again" library="transformation">
<kw name="Click Element" library="SeleniumLibrary">
<arg>${Ovrview_Icon}</arg>
<doc>Click the element identified by ``locator``.</doc>
<msg timestamp="20211021 18:39:31.469" level="INFO">Clicking element 'xpath://a[@iconname='overview']'.</msg>
<status status="PASS" starttime="20211021 18:39:31.469" endtime="20211021 18:39:31.786"/>
</kw>
<kw name="Click Element" library="SeleniumLibrary">
<arg>${Src_Object_Elem}</arg>
<doc>Click the element identified by ``locator``.</doc>
<msg timestamp="20211021 18:39:31.786" level="INFO">Clicking element 'xpath://searcharea[@placeholder='Search Objects']'.</msg>
<status status="PASS" starttime="20211021 18:39:31.786" endtime="20211021 18:39:31.999"/>
</kw>
<kw name="Input Text" library="SeleniumLibrary">
<arg>${Src_Object_Text_Elem}</arg>
<arg>${Event_Value}</arg>
<doc>Types the given ``text`` into the text field identified by ``locator``.</doc>
<msg timestamp="20211021 18:39:31.999" level="INFO">Typing text 'demo.departments' into text field 'xpath://input[@placeholder='Search Objects']'.</msg>
<status status="PASS" starttime="20211021 18:39:31.999" endtime="20211021 18:39:32.614"/>
</kw>
<kw name="Sleep" library="BuiltIn">
<arg>1</arg>
<doc>Pauses the test executed for the given time.</doc>
<msg timestamp="20211021 18:39:33.618" level="INFO">Slept 1 second</msg>
<status status="PASS" starttime="20211021 18:39:32.614" endtime="20211021 18:39:33.618"/>
</kw>
<kw name="Click Element" library="SeleniumLibrary">
<arg>${Vertical_Bar_Icon}</arg>
<doc>Click the element identified by ``locator``.</doc>
<msg timestamp="20211021 18:39:33.618" level="INFO">Clicking element 'xpath://div[@class='status-actions-container']/button'.</msg>
<status status="PASS" starttime="20211021 18:39:33.618" endtime="20211021 18:39:33.867"/>
</kw>
<kw name="Click Element" library="SeleniumLibrary">
<arg>${Run_Now_Opt}</arg>
<doc>Click the element identified by ``locator``.</doc>
<msg timestamp="20211021 18:39:33.867" level="INFO">Clicking element 'xpath://hd-icon[@name='run-now']'.</msg>
<status status="PASS" starttime="20211021 18:39:33.867" endtime="20211021 18:39:34.035"/>
</kw>
<status status="PASS" starttime="20211021 18:39:31.469" endtime="20211021 18:39:34.035"/>
</kw>
<doc>Drop Field Transformation</doc>
<tag>Transformation</tag>
<status status="PASS" starttime="20211021 18:39:03.954" endtime="20211021 18:39:34.035"/>
</test>
<test id="s1-t3" name="User navigates to a pipeline and applies change field value transformation">
<kw name="Open the Browser" library="transformation" type="SETUP">
<kw name="Open Browser" library="SeleniumLibrary">
<arg>${Url}</arg>
<arg>${Browser}</arg>
<doc>Opens a new browser instance to the optional ``url``.</doc>
<msg timestamp="20211021 18:39:34.043" level="INFO">Opening browser 'gc' to base url 'https://beta.hevo.me/'.</msg>
<status status="PASS" starttime="20211021 18:39:34.043" endtime="20211021 18:39:41.819"/>
</kw>
<kw name="Maximize Browser Window" library="SeleniumLibrary">
<doc>Maximizes current browser window.</doc>
<status status="PASS" starttime="20211021 18:39:41.819" endtime="20211021 18:39:41.955"/>
</kw>
<kw name="Set Selenium Implicit Wait" library="SeleniumLibrary">
<arg>30 seconds</arg>
<doc>Sets the implicit wait value used by Selenium.</doc>
<status status="PASS" starttime="20211021 18:39:41.955" endtime="20211021 18:39:41.963"/>
</kw>
<status status="PASS" starttime="20211021 18:39:34.043" endtime="20211021 18:39:41.963"/>
</kw>
<kw name="Given User is alowed to login to Hevo" library="transformation">
<kw name="Input Text" library="SeleniumLibrary">
<arg>${Email_Elem}</arg>
<arg>${Email_Id}</arg>
<doc>Types the given ``text`` into the text field identified by ``locator``.</doc>
<msg timestamp="20211021 18:39:41.971" level="INFO">Typing text 'test@newhevotest.com' into text field 'xpath://input[@type='email']'.</msg>
<status status="PASS" starttime="20211021 18:39:41.971" endtime="20211021 18:39:42.243"/>
</kw>
<kw name="Click Button" library="SeleniumLibrary">
<arg>${Login_Btn}</arg>
<doc>Clicks the button identified by ``locator``.</doc>
<msg timestamp="20211021 18:39:42.243" level="INFO">Clicking button 'xpath://button[@type='submit']'.</msg>
<status status="PASS" starttime="20211021 18:39:42.243" endtime="20211021 18:39:42.374"/>
</kw>
<kw name="Wait Until Page Contains" library="SeleniumLibrary">
<arg>${Pwd_Txt}</arg>
<doc>Waits until ``text`` appears on the current page.</doc>
<status status="PASS" starttime="20211021 18:39:42.374" endtime="20211021 18:39:42.567"/>
</kw>
<kw name="Input Password" library="SeleniumLibrary">
<arg>${Pwd_Elem}</arg>
<arg>${Pwd}</arg>
<doc>Types the given password into the text field identified by ``locator``.</doc>
<msg timestamp="20211021 18:39:42.567" level="INFO">Typing password into text field 'xpath://input[@type='password']'.</msg>
<msg timestamp="20211021 18:39:42.643" level="INFO">Temporally setting log level to: NONE</msg>
<msg timestamp="20211021 18:39:42.763" level="INFO">Log level changed from NONE to INFO.</msg>
<status status="PASS" starttime="20211021 18:39:42.567" endtime="20211021 18:39:42.771"/>
</kw>
<kw name="Click Button" library="SeleniumLibrary">
<arg>${Login_Btn}</arg>
<doc>Clicks the button identified by ``locator``.</doc>
<msg timestamp="20211021 18:39:42.771" level="INFO">Clicking button 'xpath://button[@type='submit']'.</msg>
<status status="PASS" starttime="20211021 18:39:42.771" endtime="20211021 18:39:42.921"/>
</kw>
<status status="PASS" starttime="20211021 18:39:41.963" endtime="20211021 18:39:42.921"/>
</kw>
<kw name="And User navigates to the pipleine" library="transformation">
<kw name="Wait Until Page Contains" library="SeleniumLibrary">
<arg>${Dark_Mode_Txt}</arg>
<doc>Waits until ``text`` appears on the current page.</doc>
<status status="PASS" starttime="20211021 18:39:42.929" endtime="20211021 18:39:43.668"/>
</kw>
<kw name="Press Keys" library="SeleniumLibrary">
<arg>None</arg>
<arg>ESC</arg>
<doc>Simulates the user pressing key(s) to an element or on the active browser.</doc>
<msg timestamp="20211021 18:39:43.668" level="INFO">Sending key(s) ('ESC',) to page.</msg>
<msg timestamp="20211021 18:39:43.676" level="INFO">Pressing special key ESCAPE to browser.</msg>
<msg timestamp="20211021 18:39:43.676" level="INFO">Releasing special key ESCAPE.</msg>
<status status="PASS" starttime="20211021 18:39:43.668" endtime="20211021 18:39:43.764"/>
</kw>
<kw name="Sleep" library="BuiltIn">
<arg>5</arg>
<doc>Pauses the test executed for the given time.</doc>
<msg timestamp="20211021 18:39:48.764" level="INFO">Slept 5 seconds</msg>
<status status="PASS" starttime="20211021 18:39:43.764" endtime="20211021 18:39:48.764"/>
</kw>
<kw name="Click Element" library="SeleniumLibrary">
<arg>${Pipeline_Label_Elem}</arg>
<doc>Click the element identified by ``locator``.</doc>
<msg timestamp="20211021 18:39:48.764" level="INFO">Clicking element 'xpath://a[@iconname='pipeline']'.</msg>
<status status="PASS" starttime="20211021 18:39:48.764" endtime="20211021 18:39:48.947"/>
</kw>
<kw name="Click Element" library="SeleniumLibrary">
<arg>${Pipeline}</arg>
<doc>Click the element identified by ``locator``.</doc>
<msg timestamp="20211021 18:39:48.955" level="INFO">Clicking element 'xpath://div[text()=' MySQL01 ']'.</msg>
<status status="PASS" starttime="20211021 18:39:48.947" endtime="20211021 18:39:49.940"/>
</kw>
<kw name="Wait Until Element Is Visible" library="SeleniumLibrary">
<arg>${Transf_Elem}</arg>
<doc>Waits until the element ``locator`` is visible.</doc>
<status status="PASS" starttime="20211021 18:39:49.948" endtime="20211021 18:39:49.988"/>
</kw>
<kw name="Click Element" library="SeleniumLibrary">
<arg>${Transf_Elem}</arg>
<doc>Click the element identified by ``locator``.</doc>
<msg timestamp="20211021 18:39:49.988" level="INFO">Clicking element 'xpath://a[@iconname='transformation']'.</msg>
<status status="PASS" starttime="20211021 18:39:49.988" endtime="20211021 18:39:50.950"/>
</kw>
<status status="PASS" starttime="20211021 18:39:42.929" endtime="20211021 18:39:50.950"/>
</kw>
<kw name="And User drags change field value transformation and provide the details" library="transformation">
<kw name="Click Element" library="SeleniumLibrary">
<arg>${Drop_Event_Block}</arg>
<doc>Click the element identified by ``locator``.</doc>
<msg timestamp="20211021 18:39:50.958" level="INFO">Clicking element 'xpath://figure[@class='Filter_Columns']'.</msg>
<status status="PASS" starttime="20211021 18:39:50.950" endtime="20211021 18:39:51.663"/>
</kw>
<kw name="Click Element" library="SeleniumLibrary">
<arg>${Delete_Block_Elem}</arg>
<doc>Click the element identified by ``locator``.</doc>
<msg timestamp="20211021 18:39:51.671" level="INFO">Clicking element 'xpath://button[@class='btn-error size-xs ng-star-inserted']'.</msg>
<status status="PASS" starttime="20211021 18:39:51.671" endtime="20211021 18:39:51.887"/>
</kw>
<kw name="Click Button" library="SeleniumLibrary">
<arg>${Deploy_Btn}</arg>
<doc>Clicks the button identified by ``locator``.</doc>
<msg timestamp="20211021 18:39:51.887" level="INFO">Clicking button 'xpath://button[text()=' Deploy ']'.</msg>
<status status="PASS" starttime="20211021 18:39:51.887" endtime="20211021 18:39:52.114"/>
</kw>
<kw name="Sleep" library="BuiltIn">
<arg>2</arg>
<doc>Pauses the test executed for the given time.</doc>
<msg timestamp="20211021 18:39:54.124" level="INFO">Slept 2 seconds</msg>
<status status="PASS" starttime="20211021 18:39:52.114" endtime="20211021 18:39:54.124"/>
</kw>
<kw name="Click Button" library="SeleniumLibrary">
<arg>${Confirm_Btn}</arg>
<doc>Clicks the button identified by ``locator``.</doc>
<msg timestamp="20211021 18:39:54.124" level="INFO">Clicking button 'xpath://button[text()=' Confirm ']'.</msg>
<status status="PASS" starttime="20211021 18:39:54.124" endtime="20211021 18:39:54.294"/>
</kw>
<kw name="Sleep" library="BuiltIn">
<arg>1</arg>
<doc>Pauses the test executed for the given time.</doc>
<msg timestamp="20211021 18:39:55.299" level="INFO">Slept 1 second</msg>
<status status="PASS" starttime="20211021 18:39:54.294" endtime="20211021 18:39:55.299"/>
</kw>
<kw name="Drag And Drop" library="SeleniumLibrary">
<arg>${Change_Field_Value_Elem}</arg>
<arg>${Workflow_Transf_Elem}</arg>
<doc>Drags the element identified by ``locator`` into the ``target`` element.</doc>
<status status="PASS" starttime="20211021 18:39:55.299" endtime="20211021 18:39:55.974"/>
</kw>
<kw name="Click Button" library="SeleniumLibrary">
<arg>${Add_Filter_Btn1}</arg>
<doc>Clicks the button identified by ``locator``.</doc>
<msg timestamp="20211021 18:39:55.982" level="INFO">Clicking button 'xpath://button[text()=' Add Filter ']'.</msg>
<status status="PASS" starttime="20211021 18:39:55.974" endtime="20211021 18:39:56.271"/>
</kw>
<kw name="Click Element" library="SeleniumLibrary">
<arg>${Event_Type_Option}</arg>
<doc>Click the element identified by ``locator``.</doc>
<msg timestamp="20211021 18:39:56.271" level="INFO">Clicking element 'xpath://fs-option[text()=' Event Type ']'.</msg>
<status status="PASS" starttime="20211021 18:39:56.271" endtime="20211021 18:39:56.491"/>
</kw>
<kw name="Click Element" library="SeleniumLibrary">
<arg>${Equals_Option}</arg>
<doc>Click the element identified by ``locator``.</doc>
<msg timestamp="20211021 18:39:56.491" level="INFO">Clicking element 'xpath://fs-option[text()=' Equals ']'.</msg>
<status status="PASS" starttime="20211021 18:39:56.491" endtime="20211021 18:39:56.643"/>
</kw>
<kw name="Input Text" library="SeleniumLibrary">
<arg>${Enter_Value_Txtbox}</arg>
<arg>${Event_Value_02}</arg>
<doc>Types the given ``text`` into the text field identified by ``locator``.</doc>
<msg timestamp="20211021 18:39:56.643" level="INFO">Typing text 'demo.dept_manager' into text field 'xpath://input[@placeholder='Value']'.</msg>
<status status="PASS" starttime="20211021 18:39:56.643" endtime="20211021 18:39:57.057"/>
</kw>
<kw name="Click Button" library="SeleniumLibrary">
<arg>${Add_Filter_Btn2}</arg>
<doc>Clicks the button identified by ``locator``.</doc>
<msg timestamp="20211021 18:39:57.067" level="INFO">Clicking button 'xpath://button[@class='btn btn-primary']'.</msg>
<status status="PASS" starttime="20211021 18:39:57.057" endtime="20211021 18:39:57.207"/>
</kw>
<kw name="Click Button" library="SeleniumLibrary">
<arg>${Add_Filter_Btn3}</arg>
<doc>Clicks the button identified by ``locator``.</doc>
<msg timestamp="20211021 18:39:57.207" level="INFO">Clicking button 'xpath://filter-group[@class='mt-4 ng-star-inserted']/button'.</msg>
<status status="PASS" starttime="20211021 18:39:57.207" endtime="20211021 18:39:57.423"/>
</kw>
<kw name="Click Element" library="SeleniumLibrary">
<arg>${Field_Name_Elem_01}</arg>
<doc>Click the element identified by ``locator``.</doc>
<msg timestamp="20211021 18:39:57.423" level="INFO">Clicking element 'xpath://fs-option[text()=' Field Name ']'.</msg>
<status status="PASS" starttime="20211021 18:39:57.423" endtime="20211021 18:39:57.598"/>
</kw>
<kw name="Click Element" library="SeleniumLibrary">
<arg>${Equals_Option}</arg>
<doc>Click the element identified by ``locator``.</doc>
<msg timestamp="20211021 18:39:57.598" level="INFO">Clicking element 'xpath://fs-option[text()=' Equals ']'.</msg>
<status status="PASS" starttime="20211021 18:39:57.598" endtime="20211021 18:39:57.706"/>
</kw>
<kw name="Execute Javascript" library="SeleniumLibrary">
<arg>window.scrollTo(0,-100)</arg>
<doc>Executes the given JavaScript code with possible arguments.</doc>
<msg timestamp="20211021 18:39:57.706" level="INFO">Executing JavaScript:
window.scrollTo(0,-100)
Without any arguments.</msg>
<status status="PASS" starttime="20211021 18:39:57.706" endtime="20211021 18:39:57.726"/>
</kw>
<kw name="Input Text" library="SeleniumLibrary">
<arg>${Enter_Value_Txtbox}</arg>
<arg>${Field_Name_05}</arg>
<doc>Types the given ``text`` into the text field identified by ``locator``.</doc>
<msg timestamp="20211021 18:39:57.726" level="INFO">Typing text 'dept_no' into text field 'xpath://input[@placeholder='Value']'.</msg>
<status status="PASS" starttime="20211021 18:39:57.726" endtime="20211021 18:39:58.032"/>
</kw>
<kw name="Click Button" library="SeleniumLibrary">
<arg>${Add_Filter_Btn2}</arg>
<doc>Clicks the button identified by ``locator``.</doc>
<msg timestamp="20211021 18:39:58.032" level="INFO">Clicking button 'xpath://button[@class='btn btn-primary']'.</msg>
<status status="PASS" starttime="20211021 18:39:58.032" endtime="20211021 18:39:58.166"/>
</kw>
<kw name="Click Button" library="SeleniumLibrary">
<arg>${Add_Filter_Btn3}</arg>
<doc>Clicks the button identified by ``locator``.</doc>
<msg timestamp="20211021 18:39:58.166" level="INFO">Clicking button 'xpath://filter-group[@class='mt-4 ng-star-inserted']/button'.</msg>
<status status="PASS" starttime="20211021 18:39:58.166" endtime="20211021 18:39:58.286"/>
</kw>
<kw name="Click Element" library="SeleniumLibrary">
<arg>${Field_Value_Elem}</arg>
<doc>Click the element identified by ``locator``.</doc>
<msg timestamp="20211021 18:39:58.286" level="INFO">Clicking element 'xpath://fs-option[text()=' Field Value ']'.</msg>
<status status="PASS" starttime="20211021 18:39:58.286" endtime="20211021 18:39:58.372"/>
</kw>
<kw name="Click Element" library="SeleniumLibrary">
<arg>${Equals_Option}</arg>
<doc>Click the element identified by ``locator``.</doc>
<msg timestamp="20211021 18:39:58.372" level="INFO">Clicking element 'xpath://fs-option[text()=' Equals ']'.</msg>
<status status="PASS" starttime="20211021 18:39:58.372" endtime="20211021 18:39:58.455"/>
</kw>
<kw name="Input Text" library="SeleniumLibrary">
<arg>${Enter_Value_Txtbox}</arg>
<arg>${Field_Value_01}</arg>
<doc>Types the given ``text`` into the text field identified by ``locator``.</doc>
<msg timestamp="20211021 18:39:58.463" level="INFO">Typing text 'd006' into text field 'xpath://input[@placeholder='Value']'.</msg>
<status status="PASS" starttime="20211021 18:39:58.455" endtime="20211021 18:39:58.640"/>
</kw>
<kw name="Click Button" library="SeleniumLibrary">
<arg>${Add_Filter_Btn2}</arg>
<doc>Clicks the button identified by ``locator``.</doc>
<msg timestamp="20211021 18:39:58.640" level="INFO">Clicking button 'xpath://button[@class='btn btn-primary']'.</msg>
<status status="PASS" starttime="20211021 18:39:58.640" endtime="20211021 18:39:58.766"/>
</kw>
<kw name="Input Text" library="SeleniumLibrary">
<arg>${New_Field_Value_Txtbox_01}</arg>
<arg>${New_Field_Value_04}</arg>
<doc>Types the given ``text`` into the text field identified by ``locator``.</doc>
<msg timestamp="20211021 18:39:58.766" level="INFO">Typing text '"Dept006"' into text field 'xpath://input[@placeholder='New Value']'.</msg>
<status status="PASS" starttime="20211021 18:39:58.766" endtime="20211021 18:39:59.017"/>
</kw>
<status status="PASS" starttime="20211021 18:39:50.950" endtime="20211021 18:39:59.017"/>
</kw>
<kw name="Then User tests the new transformation" library="transformation">
<kw name="Click Button" library="SeleniumLibrary">
<arg>${Test_Btn_01}</arg>
<doc>Clicks the button identified by ``locator``.</doc>
<msg timestamp="20211021 18:39:59.025" level="INFO">Clicking button 'xpath://button[@class='btn btn-secondary']'.</msg>
<status status="PASS" starttime="20211021 18:39:59.017" endtime="20211021 18:39:59.258"/>
</kw>
<kw name="Click Element" library="SeleniumLibrary">
<arg>${Select_Event_Dropdown}</arg>
<doc>Click the element identified by ``locator``.</doc>
<msg timestamp="20211021 18:39:59.258" level="INFO">Clicking element 'xpath://span[text()=' Select Event Type ']'.</msg>
<status status="PASS" starttime="20211021 18:39:59.258" endtime="20211021 18:39:59.384"/>
</kw>
<kw name="Input Text" library="SeleniumLibrary">
<arg>${Search_Icon}</arg>
<arg>${Event_Name_01}</arg>
<doc>Types the given ``text`` into the text field identified by ``locator``.</doc>
<msg timestamp="20211021 18:39:59.384" level="INFO">Typing text 'demo.dept_manager' into text field 'xpath://input[@placeholder='Select Event Type']'.</msg>
<status status="PASS" starttime="20211021 18:39:59.384" endtime="20211021 18:39:59.864"/>
</kw>
<kw name="Press Keys" library="SeleniumLibrary">
<arg>None</arg>
<arg>ARROW_DOWN</arg>
<doc>Simulates the user pressing key(s) to an element or on the active browser.</doc>
<msg timestamp="20211021 18:39:59.864" level="INFO">Sending key(s) ('ARROW_DOWN',) to page.</msg>
<msg timestamp="20211021 18:39:59.864" level="INFO">Pressing special key ARROW_DOWN to browser.</msg>
<msg timestamp="20211021 18:39:59.864" level="INFO">Releasing special key ARROW_DOWN.</msg>
<status status="PASS" starttime="20211021 18:39:59.864" endtime="20211021 18:39:59.880"/>
</kw>
<kw name="Press Keys" library="SeleniumLibrary">
<arg>None</arg>
<arg>RETURN</arg>
<doc>Simulates the user pressing key(s) to an element or on the active browser.</doc>
<msg timestamp="20211021 18:39:59.880" level="INFO">Sending key(s) ('RETURN',) to page.</msg>
<msg timestamp="20211021 18:39:59.880" level="INFO">Pressing special key RETURN to browser.</msg>
<msg timestamp="20211021 18:39:59.880" level="INFO">Releasing special key RETURN.</msg>
<status status="PASS" starttime="20211021 18:39:59.880" endtime="20211021 18:39:59.904"/>
</kw>
<kw name="Click Button" library="SeleniumLibrary">
<arg>${Get_Sample_Btn}</arg>
<doc>Clicks the button identified by ``locator``.</doc>
<msg timestamp="20211021 18:39:59.904" level="INFO">Clicking button 'xpath://button[text()=' Get Sample ']'.</msg>
<status status="PASS" starttime="20211021 18:39:59.904" endtime="20211021 18:40:00.036"/>
</kw>
<kw name="Sleep" library="BuiltIn">
<arg>2</arg>
<doc>Pauses the test executed for the given time.</doc>
<msg timestamp="20211021 18:40:02.049" level="INFO">Slept 2 seconds</msg>
<status status="PASS" starttime="20211021 18:40:00.036" endtime="20211021 18:40:02.049"/>
</kw>
<kw name="Click Button" library="SeleniumLibrary">
<arg>${Test_Btn_02}</arg>
<doc>Clicks the button identified by ``locator``.</doc>
<msg timestamp="20211021 18:40:02.049" level="INFO">Clicking button 'xpath://button[@class='btn btn-primary']'.</msg>
<status status="PASS" starttime="20211021 18:40:02.049" endtime="20211021 18:40:02.326"/>
</kw>
<kw name="Sleep" library="BuiltIn">
<arg>3</arg>
<doc>Pauses the test executed for the given time.</doc>
<msg timestamp="20211021 18:40:05.332" level="INFO">Slept 3 seconds</msg>
<status status="PASS" starttime="20211021 18:40:02.326" endtime="20211021 18:40:05.332"/>
</kw>
<kw name="Click Button" library="SeleniumLibrary">
<arg>${Deploy_Btn}</arg>
<doc>Clicks the button identified by ``locator``.</doc>
<msg timestamp="20211021 18:40:05.332" level="INFO">Clicking button 'xpath://button[text()=' Deploy ']'.</msg>
<status status="PASS" starttime="20211021 18:40:05.332" endtime="20211021 18:40:05.554"/>
</kw>
<status status="PASS" starttime="20211021 18:39:59.017" endtime="20211021 18:40:05.554"/>
</kw>
<kw name="And User runs the event again to apply new transformation" library="transformation">
<kw name="Click Element" library="SeleniumLibrary">
<arg>${Ovrview_Icon}</arg>
<doc>Click the element identified by ``locator``.</doc>
<msg timestamp="20211021 18:40:05.562" level="INFO">Clicking element 'xpath://a[@iconname='overview']'.</msg>
<status status="PASS" starttime="20211021 18:40:05.562" endtime="20211021 18:40:05.802"/>
</kw>
<kw name="Click Element" library="SeleniumLibrary">
<arg>${Src_Object_Elem}</arg>
<doc>Click the element identified by ``locator``.</doc>
<msg timestamp="20211021 18:40:05.802" level="INFO">Clicking element 'xpath://searcharea[@placeholder='Search Objects']'.</msg>
<status status="PASS" starttime="20211021 18:40:05.802" endtime="20211021 18:40:06.072"/>
</kw>
<kw name="Input Text" library="SeleniumLibrary">
<arg>${Src_Object_Text_Elem}</arg>
<arg>${Event_Name_01}</arg>
<doc>Types the given ``text`` into the text field identified by ``locator``.</doc>
<msg timestamp="20211021 18:40:06.072" level="INFO">Typing text 'demo.dept_manager' into text field 'xpath://input[@placeholder='Search Objects']'.</msg>
<status status="PASS" starttime="20211021 18:40:06.072" endtime="20211021 18:40:06.723"/>
</kw>
<kw name="Sleep" library="BuiltIn">
<arg>1</arg>
<doc>Pauses the test executed for the given time.</doc>
<msg timestamp="20211021 18:40:07.729" level="INFO">Slept 1 second</msg>
<status status="PASS" starttime="20211021 18:40:06.723" endtime="20211021 18:40:07.729"/>
</kw>
<kw name="Click Element" library="SeleniumLibrary">
<arg>${Vertical_Bar_Icon}</arg>
<doc>Click the element identified by ``locator``.</doc>
<msg timestamp="20211021 18:40:07.729" level="INFO">Clicking element 'xpath://div[@class='status-actions-container']/button'.</msg>
<status status="PASS" starttime="20211021 18:40:07.729" endtime="20211021 18:40:08.023"/>
</kw>
<kw name="Click Element" library="SeleniumLibrary">
<arg>${Run_Now_Opt}</arg>
<doc>Click the element identified by ``locator``.</doc>
<msg timestamp="20211021 18:40:08.023" level="INFO">Clicking element 'xpath://hd-icon[@name='run-now']'.</msg>
<status status="PASS" starttime="20211021 18:40:08.023" endtime="20211021 18:40:08.231"/>
</kw>
<status status="PASS" starttime="20211021 18:40:05.554" endtime="20211021 18:40:08.231"/>
</kw>
<doc>Change Field Value Transformation</doc>
<tag>Transformation</tag>
<status status="PASS" starttime="20211021 18:39:34.035" endtime="20211021 18:40:08.239"/>
</test>
<test id="s1-t4" name="User navigates to a pipeline and applies find and replace transformation">
<kw name="Open the Browser" library="transformation" type="SETUP">
<kw name="Open Browser" library="SeleniumLibrary">
<arg>${Url}</arg>
<arg>${Browser}</arg>
<doc>Opens a new browser instance to the optional ``url``.</doc>
<msg timestamp="20211021 18:40:08.250" level="INFO">Opening browser 'gc' to base url 'https://beta.hevo.me/'.</msg>
<status status="PASS" starttime="20211021 18:40:08.250" endtime="20211021 18:40:15.316"/>
</kw>
<kw name="Maximize Browser Window" library="SeleniumLibrary">
<doc>Maximizes current browser window.</doc>
<status status="PASS" starttime="20211021 18:40:15.316" endtime="20211021 18:40:15.444"/>
</kw>
<kw name="Set Selenium Implicit Wait" library="SeleniumLibrary">
<arg>30 seconds</arg>
<doc>Sets the implicit wait value used by Selenium.</doc>
<status status="PASS" starttime="20211021 18:40:15.444" endtime="20211021 18:40:15.452"/>
</kw>
<status status="PASS" starttime="20211021 18:40:08.247" endtime="20211021 18:40:15.452"/>
</kw>
<kw name="Given User is alowed to login to Hevo" library="transformation">
<kw name="Input Text" library="SeleniumLibrary">
<arg>${Email_Elem}</arg>
<arg>${Email_Id}</arg>
<doc>Types the given ``text`` into the text field identified by ``locator``.</doc>
<msg timestamp="20211021 18:40:15.452" level="INFO">Typing text 'test@newhevotest.com' into text field 'xpath://input[@type='email']'.</msg>
<status status="PASS" starttime="20211021 18:40:15.452" endtime="20211021 18:40:15.677"/>
</kw>
<kw name="Click Button" library="SeleniumLibrary">
<arg>${Login_Btn}</arg>
<doc>Clicks the button identified by ``locator``.</doc>
<msg timestamp="20211021 18:40:15.677" level="INFO">Clicking button 'xpath://button[@type='submit']'.</msg>
<status status="PASS" starttime="20211021 18:40:15.677" endtime="20211021 18:40:15.797"/>
</kw>
<kw name="Wait Until Page Contains" library="SeleniumLibrary">
<arg>${Pwd_Txt}</arg>
<doc>Waits until ``text`` appears on the current page.</doc>
<status status="PASS" starttime="20211021 18:40:15.797" endtime="20211021 18:40:15.986"/>
</kw>
<kw name="Input Password" library="SeleniumLibrary">
<arg>${Pwd_Elem}</arg>
<arg>${Pwd}</arg>
<doc>Types the given password into the text field identified by ``locator``.</doc>
<msg timestamp="20211021 18:40:15.986" level="INFO">Typing password into text field 'xpath://input[@type='password']'.</msg>
<msg timestamp="20211021 18:40:16.078" level="INFO">Temporally setting log level to: NONE</msg>
<msg timestamp="20211021 18:40:16.176" level="INFO">Log level changed from NONE to INFO.</msg>
<status status="PASS" starttime="20211021 18:40:15.986" endtime="20211021 18:40:16.176"/>
</kw>
<kw name="Click Button" library="SeleniumLibrary">
<arg>${Login_Btn}</arg>
<doc>Clicks the button identified by ``locator``.</doc>
<msg timestamp="20211021 18:40:16.176" level="INFO">Clicking button 'xpath://button[@type='submit']'.</msg>
<status status="PASS" starttime="20211021 18:40:16.176" endtime="20211021 18:40:16.310"/>
</kw>
<status status="PASS" starttime="20211021 18:40:15.452" endtime="20211021 18:40:16.310"/>
</kw>
<kw name="And User navigates to the pipleine" library="transformation">
<kw name="Wait Until Page Contains" library="SeleniumLibrary">
<arg>${Dark_Mode_Txt}</arg>
<doc>Waits until ``text`` appears on the current page.</doc>
<status status="PASS" starttime="20211021 18:40:16.310" endtime="20211021 18:40:17.113"/>
</kw>
<kw name="Press Keys" library="SeleniumLibrary">
<arg>None</arg>
<arg>ESC</arg>
<doc>Simulates the user pressing key(s) to an element or on the active browser.</doc>
<msg timestamp="20211021 18:40:17.113" level="INFO">Sending key(s) ('ESC',) to page.</msg>
<msg timestamp="20211021 18:40:17.113" level="INFO">Pressing special key ESCAPE to browser.</msg>
<msg timestamp="20211021 18:40:17.113" level="INFO">Releasing special key ESCAPE.</msg>
<status status="PASS" starttime="20211021 18:40:17.113" endtime="20211021 18:40:17.389"/>
</kw>
<kw name="Sleep" library="BuiltIn">
<arg>5</arg>
<doc>Pauses the test executed for the given time.</doc>
<msg timestamp="20211021 18:40:22.389" level="INFO">Slept 5 seconds</msg>
<status status="PASS" starttime="20211021 18:40:17.389" endtime="20211021 18:40:22.389"/>
</kw>
<kw name="Click Element" library="SeleniumLibrary">
<arg>${Pipeline_Label_Elem}</arg>
<doc>Click the element identified by ``locator``.</doc>
<msg timestamp="20211021 18:40:22.389" level="INFO">Clicking element 'xpath://a[@iconname='pipeline']'.</msg>
<status status="PASS" starttime="20211021 18:40:22.389" endtime="20211021 18:40:22.653"/>
</kw>
<kw name="Click Element" library="SeleniumLibrary">
<arg>${Pipeline}</arg>
<doc>Click the element identified by ``locator``.</doc>
<msg timestamp="20211021 18:40:22.653" level="INFO">Clicking element 'xpath://div[text()=' MySQL01 ']'.</msg>
<status status="PASS" starttime="20211021 18:40:22.653" endtime="20211021 18:40:23.651"/>
</kw>
<kw name="Wait Until Element Is Visible" library="SeleniumLibrary">
<arg>${Transf_Elem}</arg>
<doc>Waits until the element ``locator`` is visible.</doc>
<status status="PASS" starttime="20211021 18:40:23.651" endtime="20211021 18:40:23.708"/>
</kw>
<kw name="Click Element" library="SeleniumLibrary">
<arg>${Transf_Elem}</arg>
<doc>Click the element identified by ``locator``.</doc>
<msg timestamp="20211021 18:40:23.708" level="INFO">Clicking element 'xpath://a[@iconname='transformation']'.</msg>
<status status="PASS" starttime="20211021 18:40:23.708" endtime="20211021 18:40:24.691"/>
</kw>
<status status="PASS" starttime="20211021 18:40:16.310" endtime="20211021 18:40:24.699"/>
</kw>
<kw name="And User drags find and replace transformation and provide the details" library="transformation">
<kw name="Click Element" library="SeleniumLibrary">
<arg>${Change_Field_Value_Block}</arg>
<doc>Click the element identified by ``locator``.</doc>
<msg timestamp="20211021 18:40:24.702" level="INFO">Clicking element 'xpath://figure[@class='Change_Field_Value']'.</msg>
<status status="PASS" starttime="20211021 18:40:24.702" endtime="20211021 18:40:25.483"/>
</kw>
<kw name="Click Element" library="SeleniumLibrary">
<arg>${Delete_Block_Elem}</arg>
<doc>Click the element identified by ``locator``.</doc>
<msg timestamp="20211021 18:40:25.483" level="INFO">Clicking element 'xpath://button[@class='btn-error size-xs ng-star-inserted']'.</msg>
<status status="PASS" starttime="20211021 18:40:25.483" endtime="20211021 18:40:25.635"/>
</kw>
<kw name="Click Button" library="SeleniumLibrary">
<arg>${Deploy_Btn}</arg>
<doc>Clicks the button identified by ``locator``.</doc>
<msg timestamp="20211021 18:40:25.635" level="INFO">Clicking button 'xpath://button[text()=' Deploy ']'.</msg>
<status status="PASS" starttime="20211021 18:40:25.635" endtime="20211021 18:40:25.880"/>
</kw>
<kw name="Sleep" library="BuiltIn">
<arg>2</arg>
<doc>Pauses the test executed for the given time.</doc>
<msg timestamp="20211021 18:40:27.893" level="INFO">Slept 2 seconds</msg>
<status status="PASS" starttime="20211021 18:40:25.880" endtime="20211021 18:40:27.893"/>
</kw>
<kw name="Click Button" library="SeleniumLibrary">
<arg>${Confirm_Btn}</arg>
<doc>Clicks the button identified by ``locator``.</doc>
<msg timestamp="20211021 18:40:27.893" level="INFO">Clicking button 'xpath://button[text()=' Confirm ']'.</msg>
<status status="PASS" starttime="20211021 18:40:27.893" endtime="20211021 18:40:28.004"/>
</kw>
<kw name="Sleep" library="BuiltIn">
<arg>1</arg>
<doc>Pauses the test executed for the given time.</doc>
<msg timestamp="20211021 18:40:29.009" level="INFO">Slept 1 second</msg>
<status status="PASS" starttime="20211021 18:40:28.004" endtime="20211021 18:40:29.009"/>
</kw>
<kw name="Drag And Drop" library="SeleniumLibrary">
<arg>${Find_Replace_Elem}</arg>
<arg>${Workflow_Transf_Elem}</arg>
<doc>Drags the element identified by ``locator`` into the ``target`` element.</doc>
<status status="PASS" starttime="20211021 18:40:29.009" endtime="20211021 18:40:29.752"/>
</kw>
<kw name="Click Button" library="SeleniumLibrary">
<arg>${Add_Filter_Btn1}</arg>
<doc>Clicks the button identified by ``locator``.</doc>
<msg timestamp="20211021 18:40:29.752" level="INFO">Clicking button 'xpath://button[text()=' Add Filter ']'.</msg>
<status status="PASS" starttime="20211021 18:40:29.752" endtime="20211021 18:40:30.143"/>
</kw>
<kw name="Click Element" library="SeleniumLibrary">
<arg>${Event_Type_Option}</arg>
<doc>Click the element identified by ``locator``.</doc>
<msg timestamp="20211021 18:40:30.143" level="INFO">Clicking element 'xpath://fs-option[text()=' Event Type ']'.</msg>
<status status="PASS" starttime="20211021 18:40:30.143" endtime="20211021 18:40:30.384"/>
</kw>
<kw name="Click Element" library="SeleniumLibrary">
<arg>${Equals_Option}</arg>
<doc>Click the element identified by ``locator``.</doc>
<msg timestamp="20211021 18:40:30.384" level="INFO">Clicking element 'xpath://fs-option[text()=' Equals ']'.</msg>
<status status="PASS" starttime="20211021 18:40:30.384" endtime="20211021 18:40:30.518"/>
</kw>
<kw name="Input Text" library="SeleniumLibrary">
<arg>${Enter_Value_Txtbox}</arg>
<arg>${Event_Value_02}</arg>
<doc>Types the given ``text`` into the text field identified by ``locator``.</doc>
<msg timestamp="20211021 18:40:30.526" level="INFO">Typing text 'demo.dept_manager' into text field 'xpath://input[@placeholder='Value']'.</msg>
<status status="PASS" starttime="20211021 18:40:30.518" endtime="20211021 18:40:30.900"/>
</kw>
<kw name="Click Button" library="SeleniumLibrary">
<arg>${Add_Filter_Btn2}</arg>
<doc>Clicks the button identified by ``locator``.</doc>
<msg timestamp="20211021 18:40:30.900" level="INFO">Clicking button 'xpath://button[@class='btn btn-primary']'.</msg>
<status status="PASS" starttime="20211021 18:40:30.900" endtime="20211021 18:40:31.084"/>
</kw>
<kw name="Click Button" library="SeleniumLibrary">
<arg>${Add_Filter_Btn3}</arg>
<doc>Clicks the button identified by ``locator``.</doc>
<msg timestamp="20211021 18:40:31.084" level="INFO">Clicking button 'xpath://filter-group[@class='mt-4 ng-star-inserted']/button'.</msg>
<status status="PASS" starttime="20211021 18:40:31.084" endtime="20211021 18:40:31.229"/>
</kw>
<kw name="Click Element" library="SeleniumLibrary">
<arg>${Field_Name_Elem_01}</arg>
<doc>Click the element identified by ``locator``.</doc>
<msg timestamp="20211021 18:40:31.237" level="INFO">Clicking element 'xpath://fs-option[text()=' Field Name ']'.</msg>
<status status="PASS" starttime="20211021 18:40:31.237" endtime="20211021 18:40:31.368"/>
</kw>
<kw name="Click Element" library="SeleniumLibrary">
<arg>${Equals_Option}</arg>
<doc>Click the element identified by ``locator``.</doc>
<msg timestamp="20211021 18:40:31.368" level="INFO">Clicking element 'xpath://fs-option[text()=' Equals ']'.</msg>
<status status="PASS" starttime="20211021 18:40:31.368" endtime="20211021 18:40:31.490"/>
</kw>
<kw name="Execute Javascript" library="SeleniumLibrary">
<arg>window.scrollTo(0,-100)</arg>
<doc>Executes the given JavaScript code with possible arguments.</doc>
<msg timestamp="20211021 18:40:31.498" level="INFO">Executing JavaScript:
window.scrollTo(0,-100)
Without any arguments.</msg>
<status status="PASS" starttime="20211021 18:40:31.490" endtime="20211021 18:40:31.506"/>
</kw>
<kw name="Input Text" library="SeleniumLibrary">
<arg>${Enter_Value_Txtbox}</arg>
<arg>${Field_Name_05}</arg>
<doc>Types the given ``text`` into the text field identified by ``locator``.</doc>
<msg timestamp="20211021 18:40:31.506" level="INFO">Typing text 'dept_no' into text field 'xpath://input[@placeholder='Value']'.</msg>
<status status="PASS" starttime="20211021 18:40:31.506" endtime="20211021 18:40:31.767"/>
</kw>
<kw name="Click Button" library="SeleniumLibrary">
<arg>${Add_Filter_Btn2}</arg>
<doc>Clicks the button identified by ``locator``.</doc>
<msg timestamp="20211021 18:40:31.767" level="INFO">Clicking button 'xpath://button[@class='btn btn-primary']'.</msg>
<status status="PASS" starttime="20211021 18:40:31.767" endtime="20211021 18:40:31.899"/>
</kw>
<kw name="Input Text" library="SeleniumLibrary">
<arg>${Find_Elem_txtbox}</arg>
<arg>${Field_Value_01}</arg>
<doc>Types the given ``text`` into the text field identified by ``locator``.</doc>
<msg timestamp="20211021 18:40:31.899" level="INFO">Typing text 'd006' into text field 'xpath://input[@placeholder='Find']'.</msg>
<status status="PASS" starttime="20211021 18:40:31.899" endtime="20211021 18:40:32.097"/>
</kw>
<kw name="Input Text" library="SeleniumLibrary">
<arg>${Replace_Elem_Txtbox}</arg>
<arg>${Replace_Value}</arg>
<doc>Types the given ``text`` into the text field identified by ``locator``.</doc>
<msg timestamp="20211021 18:40:32.105" level="INFO">Typing text 'D666' into text field 'xpath://input[@placeholder='Replace']'.</msg>
<status status="PASS" starttime="20211021 18:40:32.097" endtime="20211021 18:40:32.304"/>
</kw>
<kw name="Click Element" library="SeleniumLibrary">
<arg>${Match_Case_Checkbox}</arg>
<doc>Click the element identified by ``locator``.</doc>
<msg timestamp="20211021 18:40:32.304" level="INFO">Clicking element 'xpath://mat-checkbox[@name='match-case']'.</msg>
<status status="PASS" starttime="20211021 18:40:32.304" endtime="20211021 18:40:32.425"/>
</kw>
<status status="PASS" starttime="20211021 18:40:24.702" endtime="20211021 18:40:32.425"/>
</kw>
<kw name="Then User tests the new transformation" library="transformation">
<kw name="Click Button" library="SeleniumLibrary">
<arg>${Test_Btn_01}</arg>
<doc>Clicks the button identified by ``locator``.</doc>
<msg timestamp="20211021 18:40:32.433" level="INFO">Clicking button 'xpath://button[@class='btn btn-secondary']'.</msg>
<status status="PASS" starttime="20211021 18:40:32.425" endtime="20211021 18:40:32.646"/>
</kw>
<kw name="Click Element" library="SeleniumLibrary">
<arg>${Select_Event_Dropdown}</arg>
<doc>Click the element identified by ``locator``.</doc>
<msg timestamp="20211021 18:40:32.654" level="INFO">Clicking element 'xpath://span[text()=' Select Event Type ']'.</msg>
<status status="PASS" starttime="20211021 18:40:32.646" endtime="20211021 18:40:32.894"/>
</kw>
<kw name="Input Text" library="SeleniumLibrary">
<arg>${Search_Icon}</arg>
<arg>${Event_Name_01}</arg>
<doc>Types the given ``text`` into the text field identified by ``locator``.</doc>
<msg timestamp="20211021 18:40:32.902" level="INFO">Typing text 'demo.dept_manager' into text field 'xpath://input[@placeholder='Select Event Type']'.</msg>
<status status="PASS" starttime="20211021 18:40:32.894" endtime="20211021 18:40:33.465"/>
</kw>
<kw name="Press Keys" library="SeleniumLibrary">
<arg>None</arg>
<arg>ARROW_DOWN</arg>
<doc>Simulates the user pressing key(s) to an element or on the active browser.</doc>
<msg timestamp="20211021 18:40:33.465" level="INFO">Sending key(s) ('ARROW_DOWN',) to page.</msg>
<msg timestamp="20211021 18:40:33.465" level="INFO">Pressing special key ARROW_DOWN to browser.</msg>
<msg timestamp="20211021 18:40:33.465" level="INFO">Releasing special key ARROW_DOWN.</msg>
<status status="PASS" starttime="20211021 18:40:33.465" endtime="20211021 18:40:33.481"/>
</kw>
<kw name="Press Keys" library="SeleniumLibrary">
<arg>None</arg>
<arg>RETURN</arg>
<doc>Simulates the user pressing key(s) to an element or on the active browser.</doc>
<msg timestamp="20211021 18:40:33.481" level="INFO">Sending key(s) ('RETURN',) to page.</msg>
<msg timestamp="20211021 18:40:33.481" level="INFO">Pressing special key RETURN to browser.</msg>
<msg timestamp="20211021 18:40:33.481" level="INFO">Releasing special key RETURN.</msg>
<status status="PASS" starttime="20211021 18:40:33.481" endtime="20211021 18:40:33.513"/>
</kw>
<kw name="Click Button" library="SeleniumLibrary">
<arg>${Get_Sample_Btn}</arg>
<doc>Clicks the button identified by ``locator``.</doc>
<msg timestamp="20211021 18:40:33.513" level="INFO">Clicking button 'xpath://button[text()=' Get Sample ']'.</msg>
<status status="PASS" starttime="20211021 18:40:33.513" endtime="20211021 18:40:33.642"/>
</kw>
<kw name="Sleep" library="BuiltIn">
<arg>2</arg>
<doc>Pauses the test executed for the given time.</doc>
<msg timestamp="20211021 18:40:35.655" level="INFO">Slept 2 seconds</msg>
<status status="PASS" starttime="20211021 18:40:33.642" endtime="20211021 18:40:35.655"/>
</kw>
<kw name="Click Button" library="SeleniumLibrary">
<arg>${Test_Btn_02}</arg>
<doc>Clicks the button identified by ``locator``.</doc>
<msg timestamp="20211021 18:40:35.655" level="INFO">Clicking button 'xpath://button[@class='btn btn-primary']'.</msg>
<status status="PASS" starttime="20211021 18:40:35.655" endtime="20211021 18:40:35.933"/>
</kw>
<kw name="Sleep" library="BuiltIn">
<arg>3</arg>
<doc>Pauses the test executed for the given time.</doc>
<msg timestamp="20211021 18:40:38.942" level="INFO">Slept 3 seconds</msg>
<status status="PASS" starttime="20211021 18:40:35.933" endtime="20211021 18:40:38.942"/>
</kw>
<kw name="Click Button" library="SeleniumLibrary">
<arg>${Deploy_Btn}</arg>
<doc>Clicks the button identified by ``locator``.</doc>
<msg timestamp="20211021 18:40:38.942" level="INFO">Clicking button 'xpath://button[text()=' Deploy ']'.</msg>
<status status="PASS" starttime="20211021 18:40:38.942" endtime="20211021 18:40:39.158"/>
</kw>
<status status="PASS" starttime="20211021 18:40:32.425" endtime="20211021 18:40:39.158"/>
</kw>
<kw name="And User runs the event again to apply new transformation" library="transformation">
<kw name="Click Element" library="SeleniumLibrary">
<arg>${Ovrview_Icon}</arg>
<doc>Click the element identified by ``locator``.</doc>
<msg timestamp="20211021 18:40:39.166" level="INFO">Clicking element 'xpath://a[@iconname='overview']'.</msg>
<status status="PASS" starttime="20211021 18:40:39.166" endtime="20211021 18:40:39.466"/>
</kw>
<kw name="Click Element" library="SeleniumLibrary">
<arg>${Src_Object_Elem}</arg>
<doc>Click the element identified by ``locator``.</doc>
<msg timestamp="20211021 18:40:39.466" level="INFO">Clicking element 'xpath://searcharea[@placeholder='Search Objects']'.</msg>
<status status="PASS" starttime="20211021 18:40:39.466" endtime="20211021 18:40:39.658"/>
</kw>
<kw name="Input Text" library="SeleniumLibrary">
<arg>${Src_Object_Text_Elem}</arg>
<arg>${Event_Name_01}</arg>
<doc>Types the given ``text`` into the text field identified by ``locator``.</doc>
<msg timestamp="20211021 18:40:39.666" level="INFO">Typing text 'demo.dept_manager' into text field 'xpath://input[@placeholder='Search Objects']'.</msg>
<status status="PASS" starttime="20211021 18:40:39.666" endtime="20211021 18:40:40.253"/>
</kw>
<kw name="Sleep" library="BuiltIn">
<arg>1</arg>
<doc>Pauses the test executed for the given time.</doc>
<msg timestamp="20211021 18:40:41.260" level="INFO">Slept 1 second</msg>
<status status="PASS" starttime="20211021 18:40:40.253" endtime="20211021 18:40:41.260"/>
</kw>
<kw name="Click Element" library="SeleniumLibrary">
<arg>${Vertical_Bar_Icon}</arg>
<doc>Click the element identified by ``locator``.</doc>
<msg timestamp="20211021 18:40:41.260" level="INFO">Clicking element 'xpath://div[@class='status-actions-container']/button'.</msg>
<status status="PASS" starttime="20211021 18:40:41.260" endtime="20211021 18:40:41.511"/>
</kw>
<kw name="Click Element" library="SeleniumLibrary">
<arg>${Run_Now_Opt}</arg>
<doc>Click the element identified by ``locator``.</doc>
<msg timestamp="20211021 18:40:41.511" level="INFO">Clicking element 'xpath://hd-icon[@name='run-now']'.</msg>
<status status="PASS" starttime="20211021 18:40:41.511" endtime="20211021 18:40:41.631"/>
</kw>
<status status="PASS" starttime="20211021 18:40:39.158" endtime="20211021 18:40:41.639"/>
</kw>
<doc>Find and Replace Transformation</doc>
<tag>Transformation</tag>
<status status="PASS" starttime="20211021 18:40:08.239" endtime="20211021 18:40:41.639"/>
</test>
<test id="s1-t5" name="User navigates to a pipeline and applies Mask Fields transformation">
<kw name="Open the Browser" library="transformation" type="SETUP">
<kw name="Open Browser" library="SeleniumLibrary">
<arg>${Url}</arg>
<arg>${Browser}</arg>
<doc>Opens a new browser instance to the optional ``url``.</doc>
<msg timestamp="20211021 18:40:41.639" level="INFO">Opening browser 'gc' to base url 'https://beta.hevo.me/'.</msg>
<status status="PASS" starttime="20211021 18:40:41.639" endtime="20211021 18:40:48.169"/>
</kw>
<kw name="Maximize Browser Window" library="SeleniumLibrary">
<doc>Maximizes current browser window.</doc>
<status status="PASS" starttime="20211021 18:40:48.169" endtime="20211021 18:40:48.309"/>
</kw>
<kw name="Set Selenium Implicit Wait" library="SeleniumLibrary">
<arg>30 seconds</arg>
<doc>Sets the implicit wait value used by Selenium.</doc>
<status status="PASS" starttime="20211021 18:40:48.309" endtime="20211021 18:40:48.328"/>
</kw>
<status status="PASS" starttime="20211021 18:40:41.639" endtime="20211021 18:40:48.328"/>
</kw>
<kw name="Given User is alowed to login to Hevo" library="transformation">
<kw name="Input Text" library="SeleniumLibrary">
<arg>${Email_Elem}</arg>
<arg>${Email_Id}</arg>
<doc>Types the given ``text`` into the text field identified by ``locator``.</doc>
<msg timestamp="20211021 18:40:48.328" level="INFO">Typing text 'test@newhevotest.com' into text field 'xpath://input[@type='email']'.</msg>
<status status="PASS" starttime="20211021 18:40:48.328" endtime="20211021 18:40:48.593"/>
</kw>
<kw name="Click Button" library="SeleniumLibrary">
<arg>${Login_Btn}</arg>
<doc>Clicks the button identified by ``locator``.</doc>
<msg timestamp="20211021 18:40:48.593" level="INFO">Clicking button 'xpath://button[@type='submit']'.</msg>
<status status="PASS" starttime="20211021 18:40:48.593" endtime="20211021 18:40:48.697"/>
</kw>
<kw name="Wait Until Page Contains" library="SeleniumLibrary">
<arg>${Pwd_Txt}</arg>
<doc>Waits until ``text`` appears on the current page.</doc>
<status status="PASS" starttime="20211021 18:40:48.697" endtime="20211021 18:40:48.941"/>
</kw>
<kw name="Input Password" library="SeleniumLibrary">
<arg>${Pwd_Elem}</arg>
<arg>${Pwd}</arg>
<doc>Types the given password into the text field identified by ``locator``.</doc>
<msg timestamp="20211021 18:40:48.941" level="INFO">Typing password into text field 'xpath://input[@type='password']'.</msg>
<msg timestamp="20211021 18:40:49.027" level="INFO">Temporally setting log level to: NONE</msg>
<msg timestamp="20211021 18:40:49.133" level="INFO">Log level changed from NONE to INFO.</msg>
<status status="PASS" starttime="20211021 18:40:48.941" endtime="20211021 18:40:49.133"/>
</kw>
<kw name="Click Button" library="SeleniumLibrary">
<arg>${Login_Btn}</arg>
<doc>Clicks the button identified by ``locator``.</doc>
<msg timestamp="20211021 18:40:49.133" level="INFO">Clicking button 'xpath://button[@type='submit']'.</msg>
<status status="PASS" starttime="20211021 18:40:49.133" endtime="20211021 18:40:49.279"/>
</kw>
<status status="PASS" starttime="20211021 18:40:48.328" endtime="20211021 18:40:49.279"/>
</kw>
<kw name="And User navigates to the pipleine" library="transformation">
<kw name="Wait Until Page Contains" library="SeleniumLibrary">
<arg>${Dark_Mode_Txt}</arg>
<doc>Waits until ``text`` appears on the current page.</doc>
<status status="PASS" starttime="20211021 18:40:49.287" endtime="20211021 18:40:50.198"/>
</kw>
<kw name="Press Keys" library="SeleniumLibrary">
<arg>None</arg>
<arg>ESC</arg>
<doc>Simulates the user pressing key(s) to an element or on the active browser.</doc>
<msg timestamp="20211021 18:40:50.198" level="INFO">Sending key(s) ('ESC',) to page.</msg>
<msg timestamp="20211021 18:40:50.198" level="INFO">Pressing special key ESCAPE to browser.</msg>
<msg timestamp="20211021 18:40:50.198" level="INFO">Releasing special key ESCAPE.</msg>
<status status="PASS" starttime="20211021 18:40:50.198" endtime="20211021 18:40:50.270"/>
</kw>
<kw name="Sleep" library="BuiltIn">
<arg>5</arg>
<doc>Pauses the test executed for the given time.</doc>
<msg timestamp="20211021 18:40:55.272" level="INFO">Slept 5 seconds</msg>
<status status="PASS" starttime="20211021 18:40:50.270" endtime="20211021 18:40:55.272"/>
</kw>
<kw name="Click Element" library="SeleniumLibrary">
<arg>${Pipeline_Label_Elem}</arg>
<doc>Click the element identified by ``locator``.</doc>
<msg timestamp="20211021 18:40:55.272" level="INFO">Clicking element 'xpath://a[@iconname='pipeline']'.</msg>
<status status="PASS" starttime="20211021 18:40:55.272" endtime="20211021 18:40:55.453"/>
</kw>
<kw name="Click Element" library="SeleniumLibrary">
<arg>${Pipeline}</arg>
<doc>Click the element identified by ``locator``.</doc>
[...]
<kw name="Click Element" library="SeleniumLibrary">
<arg>${Rename_Event_Block}</arg>
<doc>Click the element identified by ``locator``.</doc>
<msg timestamp="20211021 18:43:13.362" level="INFO">Clicking element 'xpath://figure[@class='Rename_Event']'.</msg>
<status status="PASS" starttime="20211021 18:43:13.362" endtime="20211021 18:43:14.645"/>
</kw>
<kw name="Click Element" library="SeleniumLibrary">
<arg>${Delete_Block_Elem}</arg>
<doc>Click the element identified by ``locator``.</doc>
<msg timestamp="20211021 18:43:14.645" level="INFO">Clicking element 'xpath://button[@class='btn-error size-xs ng-star-inserted']'.</msg>
<status status="PASS" starttime="20211021 18:43:14.645" endtime="20211021 18:43:15.012"/>
</kw>
<kw name="Click Button" library="SeleniumLibrary">
<arg>${Deploy_Btn}</arg>
<doc>Clicks the button identified by ``locator``.</doc>
<msg timestamp="20211021 18:43:15.012" level="INFO">Clicking button 'xpath://button[text()=' Deploy ']'.</msg>
<status status="PASS" starttime="20211021 18:43:15.012" endtime="20211021 18:43:15.280"/>
</kw>
<kw name="Sleep" library="BuiltIn">
<arg>2</arg>
<doc>Pauses the test executed for the given time.</doc>
<msg timestamp="20211021 18:43:17.284" level="INFO">Slept 2 seconds</msg>
<status status="PASS" starttime="20211021 18:43:15.280" endtime="20211021 18:43:17.284"/>
</kw>
<kw name="Click Button" library="SeleniumLibrary">
<arg>${Confirm_Btn}</arg>
<doc>Clicks the button identified by ``locator``.</doc>
<msg timestamp="20211021 18:43:17.284" level="INFO">Clicking button 'xpath://button[text()=' Confirm ']'.</msg>
<status status="PASS" starttime="20211021 18:43:17.284" endtime="20211021 18:43:17.392"/>
</kw>
<kw name="Sleep" library="BuiltIn">
<arg>1</arg>
<doc>Pauses the test executed for the given time.</doc>
<msg timestamp="20211021 18:43:18.398" level="INFO">Slept 1 second</msg>
<status status="PASS" starttime="20211021 18:43:17.392" endtime="20211021 18:43:18.398"/>
</kw>
<kw name="Drag And Drop" library="SeleniumLibrary">
<arg>${If_Else_Elem}</arg>
<arg>${Workflow_Transf_Elem}</arg>
<doc>Drags the element identified by ``locator`` into the ``target`` element.</doc>
<status status="PASS" starttime="20211021 18:43:18.398" endtime="20211021 18:43:19.089"/>
</kw>
<kw name="Click Button" library="SeleniumLibrary">
<arg>${Add_Filter_Btn1}</arg>
<doc>Clicks the button identified by ``locator``.</doc>
<msg timestamp="20211021 18:43:19.089" level="INFO">Clicking button 'xpath://button[text()=' Add Filter ']'.</msg>
<status status="PASS" starttime="20211021 18:43:19.089" endtime="20211021 18:43:19.342"/>
</kw>
<kw name="Click Element" library="SeleniumLibrary">
<arg>${Event_Type_Option}</arg>
<doc>Click the element identified by ``locator``.</doc>
<msg timestamp="20211021 18:43:19.350" level="INFO">Clicking element 'xpath://fs-option[text()=' Event Type ']'.</msg>
<status status="PASS" starttime="20211021 18:43:19.342" endtime="20211021 18:43:19.506"/>
</kw>
<kw name="Click Element" library="SeleniumLibrary">
<arg>${Equals_Option}</arg>
<doc>Click the element identified by ``locator``.</doc>
<msg timestamp="20211021 18:43:19.514" level="INFO">Clicking element 'xpath://fs-option[text()=' Equals ']'.</msg>
<status status="PASS" starttime="20211021 18:43:19.514" endtime="20211021 18:43:19.674"/>
</kw>
<kw name="Input Text" library="SeleniumLibrary">
<arg>${Enter_Value_Txtbox}</arg>
<arg>${Event_Value}</arg>
<doc>Types the given ``text`` into the text field identified by ``locator``.</doc>
<msg timestamp="20211021 18:43:19.674" level="INFO">Typing text 'demo.departments' into text field 'xpath://input[@placeholder='Value']'.</msg>
<status status="PASS" starttime="20211021 18:43:19.674" endtime="20211021 18:43:20.131"/>
</kw>
<kw name="Click Button" library="SeleniumLibrary">
<arg>${Add_Filter_Btn2}</arg>
<doc>Clicks the button identified by ``locator``.</doc>
<msg timestamp="20211021 18:43:20.131" level="INFO">Clicking button 'xpath://button[@class='btn btn-primary']'.</msg>
<status status="PASS" starttime="20211021 18:43:20.131" endtime="20211021 18:43:20.276"/>
</kw>
<kw name="Click Button" library="SeleniumLibrary">
<arg>${Add_Filter_Btn1}</arg>
<doc>Clicks the button identified by ``locator``.</doc>
<msg timestamp="20211021 18:43:20.276" level="INFO">Clicking button 'xpath://button[text()=' Add Filter ']'.</msg>
<status status="PASS" starttime="20211021 18:43:20.276" endtime="20211021 18:43:20.388"/>
</kw>
<kw name="Click Element" library="SeleniumLibrary">
<arg>${Event_Field_Opt}</arg>
<doc>Click the element identified by ``locator``.</doc>
<msg timestamp="20211021 18:43:20.388" level="INFO">Clicking element 'xpath://fs-option[text()=' Event Field ']'.</msg>
<status status="PASS" starttime="20211021 18:43:20.388" endtime="20211021 18:43:20.513"/>
</kw>
<kw name="Input Text" library="SeleniumLibrary">
<arg>${Field_Name_Txtbox}</arg>
<arg>${Field_Name_03}</arg>
<doc>Types the given ``text`` into the text field identified by ``locator``.</doc>
<msg timestamp="20211021 18:43:20.513" level="INFO">Typing text 'dept_name' into text field 'xpath://input[@placeholder='Field Name']'.</msg>
<status status="PASS" starttime="20211021 18:43:20.513" endtime="20211021 18:43:20.920"/>
</kw>
<kw name="Click Button" library="SeleniumLibrary">
<arg>${Select_Field_Btn}</arg>
<doc>Clicks the button identified by ``locator``.</doc>
<msg timestamp="20211021 18:43:20.920" level="INFO">Clicking button 'xpath://button[text()=' Select Field ']'.</msg>
<status status="PASS" starttime="20211021 18:43:20.920" endtime="20211021 18:43:21.176"/>
</kw>
<kw name="Click Element" library="SeleniumLibrary">
<arg>${Equals_Option}</arg>
<doc>Click the element identified by ``locator``.</doc>
<msg timestamp="20211021 18:43:21.176" level="INFO">Clicking element 'xpath://fs-option[text()=' Equals ']'.</msg>
<status status="PASS" starttime="20211021 18:43:21.176" endtime="20211021 18:43:21.350"/>
</kw>
<kw name="Input Text" library="SeleniumLibrary">
<arg>${Enter_Value_Txtbox}</arg>
<arg>${Field_Value}</arg>
<doc>Types the given ``text`` into the text field identified by ``locator``.</doc>
<msg timestamp="20211021 18:43:21.350" level="INFO">Typing text 'Marketing' into text field 'xpath://input[@placeholder='Value']'.</msg>
<status status="PASS" starttime="20211021 18:43:21.350" endtime="20211021 18:43:21.686"/>
</kw>
<kw name="Click Button" library="SeleniumLibrary">
<arg>${Add_Filter_Btn2}</arg>
<doc>Clicks the button identified by ``locator``.</doc>
<msg timestamp="20211021 18:43:21.686" level="INFO">Clicking button 'xpath://button[@class='btn btn-primary']'.</msg>
<status status="PASS" starttime="20211021 18:43:21.686" endtime="20211021 18:43:21.854"/>
</kw>
<status status="PASS" starttime="20211021 18:43:13.362" endtime="20211021 18:43:21.854"/>
</kw>
<kw name="And User gives the details of If block" library="transformation">
<kw name="Drag And Drop By Offset" library="SeleniumLibrary">
<arg>${Add_Field_Elem}</arg>
<arg>540</arg>
<arg>0</arg>
<doc>Drags the element identified with ``locator`` by ``xoffset/yoffset``.</doc>
<status status="PASS" starttime="20211021 18:43:21.862" endtime="20211021 18:43:22.640"/>
</kw>
<kw name="Click Button" library="SeleniumLibrary">
<arg>${Add_Filter_Btn1}</arg>
<doc>Clicks the button identified by ``locator``.</doc>
<msg timestamp="20211021 18:43:22.640" level="INFO">Clicking button 'xpath://button[text()=' Add Filter ']'.</msg>
<status status="PASS" starttime="20211021 18:43:22.640" endtime="20211021 18:43:22.942"/>
</kw>
<kw name="Click Element" library="SeleniumLibrary">
<arg>${Event_Type_Option}</arg>
<doc>Click the element identified by ``locator``.</doc>
<msg timestamp="20211021 18:43:22.942" level="INFO">Clicking element 'xpath://fs-option[text()=' Event Type ']'.</msg>
<status status="PASS" starttime="20211021 18:43:22.942" endtime="20211021 18:43:23.137"/>
</kw>
<kw name="Click Element" library="SeleniumLibrary">
<arg>${Equals_Option}</arg>
<doc>Click the element identified by ``locator``.</doc>
<msg timestamp="20211021 18:43:23.137" level="INFO">Clicking element 'xpath://fs-option[text()=' Equals ']'.</msg>
<status status="PASS" starttime="20211021 18:43:23.137" endtime="20211021 18:43:23.300"/>
</kw>
<kw name="Input Text" library="SeleniumLibrary">
<arg>${Enter_Value_Txtbox}</arg>
<arg>${Event_Value}</arg>
<doc>Types the given ``text`` into the text field identified by ``locator``.</doc>
<msg timestamp="20211021 18:43:23.300" level="INFO">Typing text 'demo.departments' into text field 'xpath://input[@placeholder='Value']'.</msg>
<status status="PASS" starttime="20211021 18:43:23.300" endtime="20211021 18:43:23.677"/>
</kw>
<kw name="Click Button" library="SeleniumLibrary">
<arg>${Add_Filter_Btn2}</arg>
<doc>Clicks the button identified by ``locator``.</doc>
<msg timestamp="20211021 18:43:23.679" level="INFO">Clicking button 'xpath://button[@class='btn btn-primary']'.</msg>
<status status="PASS" starttime="20211021 18:43:23.677" endtime="20211021 18:43:23.853"/>
</kw>
<kw name="Input Text" library="SeleniumLibrary">
<arg>${New_Field_Name_Txtbox}</arg>
<arg>${Field_Name_01}</arg>
<doc>Types the given ``text`` into the text field identified by ``locator``.</doc>
<msg timestamp="20211021 18:43:23.853" level="INFO">Typing text 'dept_loc' into text field 'xpath://input[@name='field-name']'.</msg>
<status status="PASS" starttime="20211021 18:43:23.853" endtime="20211021 18:43:24.136"/>
</kw>
<kw name="Input Text" library="SeleniumLibrary">
<arg>${New_Field_Value_Txtbox}</arg>
<arg>${New_Field_Value_01}</arg>
<doc>Types the given ``text`` into the text field identified by ``locator``.</doc>
<msg timestamp="20211021 18:43:24.136" level="INFO">Typing text '"India"' into text field 'xpath://input[@name='field-value']'.</msg>
<status status="PASS" starttime="20211021 18:43:24.136" endtime="20211021 18:43:24.468"/>
</kw>
<status status="PASS" starttime="20211021 18:43:21.862" endtime="20211021 18:43:24.468"/>
</kw>
<kw name="And User gives the details of Else block" library="transformation">
<kw name="Drag And Drop By Offset" library="SeleniumLibrary">
<arg>${Rename_Field_Elem}</arg>
<arg>240</arg>
<arg>-20</arg>
<doc>Drags the element identified with ``locator`` by ``xoffset/yoffset``.</doc>
<status status="PASS" starttime="20211021 18:43:24.475" endtime="20211021 18:43:25.246"/>
</kw>
<kw name="Click Button" library="SeleniumLibrary">
<arg>${Add_Filter_Btn1}</arg>
<doc>Clicks the button identified by ``locator``.</doc>
<msg timestamp="20211021 18:43:25.246" level="INFO">Clicking button 'xpath://button[text()=' Add Filter ']'.</msg>
<status status="PASS" starttime="20211021 18:43:25.246" endtime="20211021 18:43:25.432"/>
</kw>
<kw name="Click Element" library="SeleniumLibrary">
<arg>${Event_Type_Option}</arg>
<doc>Click the element identified by ``locator``.</doc>
<msg timestamp="20211021 18:43:25.440" level="INFO">Clicking element 'xpath://fs-option[text()=' Event Type ']'.</msg>
<status status="PASS" starttime="20211021 18:43:25.432" endtime="20211021 18:43:25.640"/>
</kw>
<kw name="Click Element" library="SeleniumLibrary">
<arg>${Equals_Option}</arg>
<doc>Click the element identified by ``locator``.</doc>
<msg timestamp="20211021 18:43:25.640" level="INFO">Clicking element 'xpath://fs-option[text()=' Equals ']'.</msg>
<status status="PASS" starttime="20211021 18:43:25.640" endtime="20211021 18:43:25.868"/>
</kw>
<kw name="Input Text" library="SeleniumLibrary">
<arg>${Enter_Value_Txtbox}</arg>
<arg>${Event_Value}</arg>
<doc>Types the given ``text`` into the text field identified by ``locator``.</doc>
<msg timestamp="20211021 18:43:25.876" level="INFO">Typing text 'demo.departments' into text field 'xpath://input[@placeholder='Value']'.</msg>
<status status="PASS" starttime="20211021 18:43:25.876" endtime="20211021 18:43:26.264"/>
</kw>
<kw name="Click Button" library="SeleniumLibrary">
<arg>${Add_Filter_Btn2}</arg>
<doc>Clicks the button identified by ``locator``.</doc>
<msg timestamp="20211021 18:43:26.264" level="INFO">Clicking button 'xpath://button[@class='btn btn-primary']'.</msg>
<status status="PASS" starttime="20211021 18:43:26.264" endtime="20211021 18:43:26.392"/>
</kw>
<kw name="Input Text" library="SeleniumLibrary">
<arg>${Field_Name_Elem_02}</arg>
<arg>${Field_Name_02}</arg>
<doc>Types the given ``text`` into the text field identified by ``locator``.</doc>
<msg timestamp="20211021 18:43:26.392" level="INFO">Typing text 'dept_name' into text field 'xpath://input[@name='field-name']'.</msg>
<status status="PASS" starttime="20211021 18:43:26.392" endtime="20211021 18:43:26.641"/>
</kw>
<kw name="Input Text" library="SeleniumLibrary">
<arg>${New_Field_Elem}</arg>
<arg>${New_Field_Value_02}</arg>
<doc>Types the given ``text`` into the text field identified by ``locator``.</doc>
<msg timestamp="20211021 18:43:26.641" level="INFO">Typing text 'dept_na' into text field 'xpath://input[@name='new-name']'.</msg>
<status status="PASS" starttime="20211021 18:43:26.641" endtime="20211021 18:43:26.906"/>
</kw>
<status status="PASS" starttime="20211021 18:43:24.468" endtime="20211021 18:43:26.908"/>
</kw>
<kw name="Then User tests the transformation applied to the event" library="transformation">
<kw name="Click Button" library="SeleniumLibrary">
<arg>${Test_Btn_01}</arg>
<doc>Clicks the button identified by ``locator``.</doc>
<msg timestamp="20211021 18:43:26.908" level="INFO">Clicking button 'xpath://button[@class='btn btn-secondary']'.</msg>
<status status="PASS" starttime="20211021 18:43:26.908" endtime="20211021 18:43:27.165"/>
</kw>
<kw name="Click Element" library="SeleniumLibrary">
<arg>${Select_Event_Dropdown}</arg>
<doc>Click the element identified by ``locator``.</doc>
<msg timestamp="20211021 18:43:27.165" level="INFO">Clicking element 'xpath://span[text()=' Select Event Type ']'.</msg>
<status status="PASS" starttime="20211021 18:43:27.165" endtime="20211021 18:43:27.316"/>
</kw>
<kw name="Input Text" library="SeleniumLibrary">
<arg>${Search_Icon}</arg>
<arg>${Event_Name}</arg>
<doc>Types the given ``text`` into the text field identified by ``locator``.</doc>
<msg timestamp="20211021 18:43:27.316" level="INFO">Typing text 'demo.departments' into text field 'xpath://input[@placeholder='Select Event Type']'.</msg>
<status status="PASS" starttime="20211021 18:43:27.316" endtime="20211021 18:43:27.563"/>
</kw>
<kw name="Press Keys" library="SeleniumLibrary">
<arg>None</arg>
<arg>ARROW_DOWN</arg>
<doc>Simulates the user pressing key(s) to an element or on the active browser.</doc>
<msg timestamp="20211021 18:43:27.563" level="INFO">Sending key(s) ('ARROW_DOWN',) to page.</msg>
<msg timestamp="20211021 18:43:27.563" level="INFO">Pressing special key ARROW_DOWN to browser.</msg>
<msg timestamp="20211021 18:43:27.563" level="INFO">Releasing special key ARROW_DOWN.</msg>
<status status="PASS" starttime="20211021 18:43:27.563" endtime="20211021 18:43:27.580"/>
</kw>
<kw name="Press Keys" library="SeleniumLibrary">
<arg>None</arg>
<arg>RETURN</arg>
<doc>Simulates the user pressing key(s) to an element or on the active browser.</doc>
<msg timestamp="20211021 18:43:27.580" level="INFO">Sending key(s) ('RETURN',) to page.</msg>
<msg timestamp="20211021 18:43:27.580" level="INFO">Pressing special key RETURN to browser.</msg>
<msg timestamp="20211021 18:43:27.580" level="INFO">Releasing special key RETURN.</msg>
<status status="PASS" starttime="20211021 18:43:27.580" endtime="20211021 18:43:27.630"/>
</kw>
<kw name="Click Button" library="SeleniumLibrary">
<arg>${Get_Sample_Btn}</arg>
<doc>Clicks the button identified by ``locator``.</doc>
<msg timestamp="20211021 18:43:27.630" level="INFO">Clicking button 'xpath://button[text()=' Get Sample ']'.</msg>
<status status="PASS" starttime="20211021 18:43:27.630" endtime="20211021 18:43:27.764"/>
</kw>
<kw name="Sleep" library="BuiltIn">
<arg>1</arg>
<doc>Pauses the test executed for the given time.</doc>
<msg timestamp="20211021 18:43:28.768" level="INFO">Slept 1 second</msg>
<status status="PASS" starttime="20211021 18:43:27.764" endtime="20211021 18:43:28.768"/>
</kw>
<kw name="Click Button" library="SeleniumLibrary">
<arg>${Test_Btn_02}</arg>
<doc>Clicks the button identified by ``locator``.</doc>
<msg timestamp="20211021 18:43:28.768" level="INFO">Clicking button 'xpath://button[@class='btn btn-primary']'.</msg>
<status status="PASS" starttime="20211021 18:43:28.768" endtime="20211021 18:43:28.903"/>
</kw>
<kw name="Sleep" library="BuiltIn">
<arg>3</arg>
<doc>Pauses the test executed for the given time.</doc>
<msg timestamp="20211021 18:43:31.915" level="INFO">Slept 3 seconds</msg>
<status status="PASS" starttime="20211021 18:43:28.903" endtime="20211021 18:43:31.915"/>
</kw>
<kw name="Click Button" library="SeleniumLibrary">
<arg>${Deploy_Btn}</arg>
<doc>Clicks the button identified by ``locator``.</doc>
<msg timestamp="20211021 18:43:31.915" level="INFO">Clicking button 'xpath://button[text()=' Deploy ']'.</msg>
<status status="PASS" starttime="20211021 18:43:31.915" endtime="20211021 18:43:32.025"/>
</kw>
<status status="PASS" starttime="20211021 18:43:26.908" endtime="20211021 18:43:32.025"/>
</kw>
<kw name="And User runs the event again" library="transformation">
<kw name="Click Element" library="SeleniumLibrary">
<arg>${Ovrview_Icon}</arg>
<doc>Click the element identified by ``locator``.</doc>
<msg timestamp="20211021 18:43:32.025" level="INFO">Clicking element 'xpath://a[@iconname='overview']'.</msg>
<status status="PASS" starttime="20211021 18:43:32.025" endtime="20211021 18:43:32.659"/>
</kw>
<kw name="Click Element" library="SeleniumLibrary">
<arg>${Src_Object_Elem}</arg>
<doc>Click the element identified by ``locator``.</doc>
<msg timestamp="20211021 18:43:32.659" level="INFO">Clicking element 'xpath://searcharea[@placeholder='Search Objects']'.</msg>
<status status="PASS" starttime="20211021 18:43:32.659" endtime="20211021 18:43:32.823"/>
</kw>
<kw name="Input Text" library="SeleniumLibrary">
<arg>${Src_Object_Text_Elem}</arg>
<arg>${Event_Value}</arg>
<doc>Types the given ``text`` into the text field identified by ``locator``.</doc>
<msg timestamp="20211021 18:43:32.823" level="INFO">Typing text 'demo.departments' into text field 'xpath://input[@placeholder='Search Objects']'.</msg>
<status status="PASS" starttime="20211021 18:43:32.823" endtime="20211021 18:43:33.531"/>
</kw>
<kw name="Sleep" library="BuiltIn">
<arg>1</arg>
<doc>Pauses the test executed for the given time.</doc>
<msg timestamp="20211021 18:43:34.542" level="INFO">Slept 1 second</msg>
<status status="PASS" starttime="20211021 18:43:33.539" endtime="20211021 18:43:34.542"/>
</kw>
<kw name="Click Element" library="SeleniumLibrary">
<arg>${Vertical_Bar_Icon}</arg>
<doc>Click the element identified by ``locator``.</doc>
<msg timestamp="20211021 18:43:34.550" level="INFO">Clicking element 'xpath://div[@class='status-actions-container']/button'.</msg>
<status status="PASS" starttime="20211021 18:43:34.542" endtime="20211021 18:43:34.831"/>
</kw>
<kw name="Click Element" library="SeleniumLibrary">
<arg>${Run_Now_Opt}</arg>
<doc>Click the element identified by ``locator``.</doc>
<msg timestamp="20211021 18:43:34.839" level="INFO">Clicking element 'xpath://hd-icon[@name='run-now']'.</msg>
<status status="PASS" starttime="20211021 18:43:34.831" endtime="20211021 18:43:35.156"/>
</kw>
<status status="PASS" starttime="20211021 18:43:32.025" endtime="20211021 18:43:35.156"/>
</kw>
<doc>If-Else and continuous transformation</doc>
<tag>Transformation</tag>
<status status="PASS" starttime="20211021 18:42:55.517" endtime="20211021 18:43:35.156"/>
</test>
<status status="PASS" starttime="20211021 18:38:35.961" endtime="20211021 18:43:35.156"/>
</suite>
<statistics>
<total>
<stat pass="9" fail="0" skip="0">All Tests</stat>
</total>
<tag>
<stat pass="9" fail="0" skip="0">Transformation</stat>
</tag>
<suite>
<stat pass="9" fail="0" skip="0" id="s1" name="Testcase003">Testcase003</stat>
</suite>
</statistics>
<errors>
</errors>
</robot>
