<?xml version="1.0" encoding="UTF-8"?>
<robot generator="Robot 4.1 (Python 3.7.3 on win32)" generated="20211021 21:02:17.476" rpa="false" schemaversion="2">
<suite id="s1" name="Testcase003" source="E:\rf\Transform\Tests\Testcase003.robot">
<test id="s1-t1" name="User navigates to a pipeline and applies add field transformation">
<kw name="Open the Browser" library="transformation" type="SETUP">
<kw name="Open Browser" library="SeleniumLibrary">
<arg>${Url}</arg>
<arg>${Browser}</arg>
<doc>Opens a new browser instance to the optional ``url``.</doc>
<msg timestamp="20211021 21:02:18.289" level="INFO">Opening browser 'gc' to base url 'https://beta.hevo.me/'.</msg>
<status status="PASS" starttime="20211021 21:02:18.289" endtime="20211021 21:02:27.336"/>
</kw>
<kw name="Maximize Browser Window" library="SeleniumLibrary">
<doc>Maximizes current browser window.</doc>
<status status="PASS" starttime="20211021 21:02:27.336" endtime="20211021 21:02:27.464"/>
</kw>
<kw name="Set Selenium Implicit Wait" library="SeleniumLibrary">
<arg>30 seconds</arg>
<doc>Sets the implicit wait value used by Selenium.</doc>
<status status="PASS" starttime="20211021 21:02:27.464" endtime="20211021 21:02:27.472"/>
</kw>
<status status="PASS" starttime="20211021 21:02:18.289" endtime="20211021 21:02:27.472"/>
</kw>
<kw name="Given User is alowed to login to Hevo" library="transformation">
<kw name="Input Text" library="SeleniumLibrary">
<arg>${Email_Elem}</arg>
<arg>${Email_Id}</arg>
<doc>Types the given ``text`` into the text field identified by ``locator``.</doc>
<msg timestamp="20211021 21:02:27.472" level="INFO">Typing text 'test@newhevotest.com' into text field 'xpath://input[@type='email']'.</msg>
<status status="PASS" starttime="20211021 21:02:27.472" endtime="20211021 21:02:27.744"/>
</kw>
<kw name="Click Button" library="SeleniumLibrary">
<arg>${Login_Btn}</arg>
<doc>Clicks the button identified by ``locator``.</doc>
<msg timestamp="20211021 21:02:27.744" level="INFO">Clicking button 'xpath://button[@type='submit']'.</msg>
<status status="PASS" starttime="20211021 21:02:27.744" endtime="20211021 21:02:27.840"/>
</kw>
<kw name="Wait Until Page Contains" library="SeleniumLibrary">
<arg>${Pwd_Txt}</arg>
<doc>Waits until ``text`` appears on the current page.</doc>
<status status="PASS" starttime="20211021 21:02:27.840" endtime="20211021 21:02:28.064"/>
</kw>
<kw name="Input Password" library="SeleniumLibrary">
<arg>${Pwd_Elem}</arg>
<arg>${Pwd}</arg>
<doc>Types the given password into the text field identified by ``locator``.</doc>
<msg timestamp="20211021 21:02:28.064" level="INFO">Typing password into text field 'xpath://input[@type='password']'.</msg>
<msg timestamp="20211021 21:02:28.120" level="INFO">Temporally setting log level to: NONE</msg>
<msg timestamp="20211021 21:02:28.269" level="INFO">Log level changed from NONE to INFO.</msg>
<status status="PASS" starttime="20211021 21:02:28.064" endtime="20211021 21:02:28.276"/>
</kw>
<kw name="Click Button" library="SeleniumLibrary">
<arg>${Login_Btn}</arg>
<doc>Clicks the button identified by ``locator``.</doc>
<msg timestamp="20211021 21:02:28.276" level="INFO">Clicking button 'xpath://button[@type='submit']'.</msg>
<status status="PASS" starttime="20211021 21:02:28.276" endtime="20211021 21:02:28.379"/>
</kw>
<status status="PASS" starttime="20211021 21:02:27.472" endtime="20211021 21:02:28.379"/>
</kw>
<kw name="When User navigates to the pipleine" library="transformation">
<kw name="Wait Until Page Contains" library="SeleniumLibrary">
<arg>${Dark_Mode_Txt}</arg>
<doc>Waits until ``text`` appears on the current page.</doc>
<status status="PASS" starttime="20211021 21:02:28.379" endtime="20211021 21:02:29.206"/>
</kw>
<kw name="Press Keys" library="SeleniumLibrary">
<arg>None</arg>
<arg>ESC</arg>
<doc>Simulates the user pressing key(s) to an element or on the active browser.</doc>
<msg timestamp="20211021 21:02:29.206" level="INFO">Sending key(s) ('ESC',) to page.</msg>
<msg timestamp="20211021 21:02:29.206" level="INFO">Pressing special key ESCAPE to browser.</msg>
<msg timestamp="20211021 21:02:29.206" level="INFO">Releasing special key ESCAPE.</msg>
<status status="PASS" starttime="20211021 21:02:29.206" endtime="20211021 21:02:29.299"/>
</kw>
<kw name="Sleep" library="BuiltIn">
<arg>5</arg>
<doc>Pauses the test executed for the given time.</doc>
<msg timestamp="20211021 21:02:34.310" level="INFO">Slept 5 seconds</msg>
<status status="PASS" starttime="20211021 21:02:29.299" endtime="20211021 21:02:34.310"/>
</kw>
<kw name="Click Element" library="SeleniumLibrary">
<arg>${Pipeline_Label_Elem}</arg>
<doc>Click the element identified by ``locator``.</doc>
<msg timestamp="20211021 21:02:34.310" level="INFO">Clicking element 'xpath://a[@iconname='pipeline']'.</msg>
<status status="PASS" starttime="20211021 21:02:34.310" endtime="20211021 21:02:34.427"/>
</kw>
<kw name="Click Element" library="SeleniumLibrary">
<arg>${Pipeline}</arg>
<doc>Click the element identified by ``locator``.</doc>
<msg timestamp="20211021 21:02:34.427" level="INFO">Clicking element 'xpath://div[text()=' MySQL01 ']'.</msg>
<status status="PASS" starttime="20211021 21:02:34.427" endtime="20211021 21:02:35.444"/>
</kw>
<kw name="Wait Until Element Is Visible" library="SeleniumLibrary">
<arg>${Transf_Elem}</arg>
<doc>Waits until the element ``locator`` is visible.</doc>
<status status="PASS" starttime="20211021 21:02:35.444" endtime="20211021 21:02:35.484"/>
</kw>
<kw name="Click Element" library="SeleniumLibrary">
<arg>${Transf_Elem}</arg>
<doc>Click the element identified by ``locator``.</doc>
<msg timestamp="20211021 21:02:35.492" level="INFO">Clicking element 'xpath://a[@iconname='transformation']'.</msg>
<status status="PASS" starttime="20211021 21:02:35.484" endtime="20211021 21:02:36.468"/>
</kw>
<status status="PASS" starttime="20211021 21:02:28.379" endtime="20211021 21:02:36.468"/>
</kw>
<kw name="And User drags add field transformation block and provide the transformation details" library="transformation">
<kw name="Drag And Drop" library="SeleniumLibrary">
<arg>${Add_Field_Elem}</arg>
<arg>${Workflow_Transf_Elem}</arg>
<doc>Drags the element identified by ``locator`` into the ``target`` element.</doc>
<status status="PASS" starttime="20211021 21:02:36.468" endtime="20211021 21:02:38.145"/>
</kw>
<kw name="Click Button" library="SeleniumLibrary">
<arg>${Add_Filter_Btn1}</arg>
<doc>Clicks the button identified by ``locator``.</doc>
<msg timestamp="20211021 21:02:38.145" level="INFO">Clicking button 'xpath://button[text()=' Add Filter ']'.</msg>
<status status="PASS" starttime="20211021 21:02:38.145" endtime="20211021 21:02:38.393"/>
</kw>
<kw name="Click Element" library="SeleniumLibrary">
<arg>${Event_Type_Option}</arg>
<doc>Click the element identified by ``locator``.</doc>
<msg timestamp="20211021 21:02:38.393" level="INFO">Clicking element 'xpath://fs-option[text()=' Event Type ']'.</msg>
<status status="PASS" starttime="20211021 21:02:38.393" endtime="20211021 21:02:38.543"/>
</kw>
<kw name="Click Element" library="SeleniumLibrary">
<arg>${Equals_Option}</arg>
<doc>Click the element identified by ``locator``.</doc>
<msg timestamp="20211021 21:02:38.543" level="INFO">Clicking element 'xpath://fs-option[text()=' Equals ']'.</msg>
<status status="PASS" starttime="20211021 21:02:38.543" endtime="20211021 21:02:38.684"/>
</kw>
<kw name="Input Text" library="SeleniumLibrary">
<arg>${Enter_Value_Txtbox}</arg>
<arg>${Event_Value}</arg>
<doc>Types the given ``text`` into the text field identified by ``locator``.</doc>
<msg timestamp="20211021 21:02:38.692" level="INFO">Typing text 'demo.departments' into text field 'xpath://input[@placeholder='Value']'.</msg>
<status status="PASS" starttime="20211021 21:02:38.684" endtime="20211021 21:02:39.091"/>
</kw>
<kw name="Click Button" library="SeleniumLibrary">
<arg>${Add_Filter_Btn2}</arg>
<doc>Clicks the button identified by ``locator``.</doc>
<msg timestamp="20211021 21:02:39.091" level="INFO">Clicking button 'xpath://button[@class='btn btn-primary']'.</msg>
<status status="PASS" starttime="20211021 21:02:39.091" endtime="20211021 21:02:39.267"/>
</kw>
<kw name="Input Text" library="SeleniumLibrary">
<arg>${New_Field_Name_Txtbox}</arg>
<arg>${Field_Name_01}</arg>
<doc>Types the given ``text`` into the text field identified by ``locator``.</doc>
<msg timestamp="20211021 21:02:39.267" level="INFO">Typing text 'dept_loc' into text field 'xpath://input[@name='field-name']'.</msg>
<status status="PASS" starttime="20211021 21:02:39.267" endtime="20211021 21:02:39.469"/>
</kw>
<kw name="Input Text" library="SeleniumLibrary">
<arg>${New_Field_Value_Txtbox}</arg>
<arg>${New_Field_Value_01}</arg>
<doc>Types the given ``text`` into the text field identified by ``locator``.</doc>
<msg timestamp="20211021 21:02:39.469" level="INFO">Typing text '"India"' into text field 'xpath://input[@name='field-value']'.</msg>
<status status="PASS" starttime="20211021 21:02:39.469" endtime="20211021 21:02:39.706"/>
</kw>
<status status="PASS" starttime="20211021 21:02:36.468" endtime="20211021 21:02:39.714"/>
</kw>
<kw name="Then User tests the transformation applied to the event" library="transformation">
<kw name="Click Button" library="SeleniumLibrary">
<arg>${Test_Btn_01}</arg>
<doc>Clicks the button identified by ``locator``.</doc>
<msg timestamp="20211021 21:02:39.715" level="INFO">Clicking button 'xpath://button[@class='btn btn-secondary']'.</msg>
<status status="PASS" starttime="20211021 21:02:39.715" endtime="20211021 21:02:39.922"/>
</kw>
<kw name="Click Element" library="SeleniumLibrary">
<arg>${Select_Event_Dropdown}</arg>
<doc>Click the element identified by ``locator``.</doc>
<msg timestamp="20211021 21:02:39.922" level="INFO">Clicking element 'xpath://span[text()=' Select Event Type ']'.</msg>
<status status="PASS" starttime="20211021 21:02:39.922" endtime="20211021 21:02:40.081"/>
</kw>
<kw name="Input Text" library="SeleniumLibrary">
<arg>${Search_Icon}</arg>
<arg>${Event_Name}</arg>
<doc>Types the given ``text`` into the text field identified by ``locator``.</doc>
<msg timestamp="20211021 21:02:40.081" level="INFO">Typing text 'demo.departments' into text field 'xpath://input[@placeholder='Select Event Type']'.</msg>
<status status="PASS" starttime="20211021 21:02:40.081" endtime="20211021 21:02:40.380"/>
</kw>
<kw name="Press Keys" library="SeleniumLibrary">
<arg>None</arg>
<arg>ARROW_DOWN</arg>
<doc>Simulates the user pressing key(s) to an element or on the active browser.</doc>
<msg timestamp="20211021 21:02:40.388" level="INFO">Sending key(s) ('ARROW_DOWN',) to page.</msg>
<msg timestamp="20211021 21:02:40.388" level="INFO">Pressing special key ARROW_DOWN to browser.</msg>
<msg timestamp="20211021 21:02:40.388" level="INFO">Releasing special key ARROW_DOWN.</msg>
<status status="PASS" starttime="20211021 21:02:40.380" endtime="20211021 21:02:40.396"/>
</kw>
<kw name="Press Keys" library="SeleniumLibrary">
<arg>None</arg>
<arg>RETURN</arg>
<doc>Simulates the user pressing key(s) to an element or on the active browser.</doc>
<msg timestamp="20211021 21:02:40.404" level="INFO">Sending key(s) ('RETURN',) to page.</msg>
<msg timestamp="20211021 21:02:40.404" level="INFO">Pressing special key RETURN to browser.</msg>
<msg timestamp="20211021 21:02:40.404" level="INFO">Releasing special key RETURN.</msg>
<status status="PASS" starttime="20211021 21:02:40.396" endtime="20211021 21:02:40.420"/>
</kw>
<kw name="Click Button" library="SeleniumLibrary">
<arg>${Get_Sample_Btn}</arg>
<doc>Clicks the button identified by ``locator``.</doc>
<msg timestamp="20211021 21:02:40.420" level="INFO">Clicking button 'xpath://button[text()=' Get Sample ']'.</msg>
<status status="PASS" starttime="20211021 21:02:40.420" endtime="20211021 21:02:40.522"/>
</kw>
<kw name="Sleep" library="BuiltIn">
<arg>1</arg>
<doc>Pauses the test executed for the given time.</doc>
<msg timestamp="20211021 21:02:41.527" level="INFO">Slept 1 second</msg>
<status status="PASS" starttime="20211021 21:02:40.522" endtime="20211021 21:02:41.527"/>
</kw>
<kw name="Click Button" library="SeleniumLibrary">
<arg>${Test_Btn_02}</arg>
<doc>Clicks the button identified by ``locator``.</doc>
<msg timestamp="20211021 21:02:41.527" level="INFO">Clicking button 'xpath://button[@class='btn btn-primary']'.</msg>
<status status="PASS" starttime="20211021 21:02:41.527" endtime="20211021 21:02:41.628"/>
</kw>
<kw name="Sleep" library="BuiltIn">
<arg>3</arg>
<doc>Pauses the test executed for the given time.</doc>
<msg timestamp="20211021 21:02:44.635" level="INFO">Slept 3 seconds</msg>
<status status="PASS" starttime="20211021 21:02:41.628" endtime="20211021 21:02:44.635"/>
</kw>
<kw name="Click Button" library="SeleniumLibrary">
<arg>${Deploy_Btn}</arg>
<doc>Clicks the button identified by ``locator``.</doc>
<msg timestamp="20211021 21:02:44.635" level="INFO">Clicking button 'xpath://button[text()=' Deploy ']'.</msg>
<status status="PASS" starttime="20211021 21:02:44.635" endtime="20211021 21:02:44.958"/>
</kw>
<status status="PASS" starttime="20211021 21:02:39.715" endtime="20211021 21:02:44.958"/>
</kw>
<kw name="And User runs the event again" library="transformation">
<kw name="Click Element" library="SeleniumLibrary">
<arg>${Ovrview_Icon}</arg>
<doc>Click the element identified by ``locator``.</doc>
<msg timestamp="20211021 21:02:44.966" level="INFO">Clicking element 'xpath://a[@iconname='overview']'.</msg>
<status status="PASS" starttime="20211021 21:02:44.966" endtime="20211021 21:02:45.214"/>
</kw>
<kw name="Click Element" library="SeleniumLibrary">
<arg>${Src_Object_Elem}</arg>
<doc>Click the element identified by ``locator``.</doc>
<msg timestamp="20211021 21:02:45.222" level="INFO">Clicking element 'xpath://searcharea[@placeholder='Search Objects']'.</msg>
<status status="PASS" starttime="20211021 21:02:45.214" endtime="20211021 21:02:45.377"/>
</kw>
<kw name="Input Text" library="SeleniumLibrary">
<arg>${Src_Object_Text_Elem}</arg>
<arg>${Event_Value}</arg>
<doc>Types the given ``text`` into the text field identified by ``locator``.</doc>
<msg timestamp="20211021 21:02:45.377" level="INFO">Typing text 'demo.departments' into text field 'xpath://input[@placeholder='Search Objects']'.</msg>
<status status="PASS" starttime="20211021 21:02:45.377" endtime="20211021 21:02:45.961"/>
</kw>
<kw name="Sleep" library="BuiltIn">
<arg>1</arg>
<doc>Pauses the test executed for the given time.</doc>
<msg timestamp="20211021 21:02:46.963" level="INFO">Slept 1 second</msg>
<status status="PASS" starttime="20211021 21:02:45.961" endtime="20211021 21:02:46.963"/>
</kw>
<kw name="Click Element" library="SeleniumLibrary">
<arg>${Vertical_Bar_Icon}</arg>
<doc>Click the element identified by ``locator``.</doc>
<msg timestamp="20211021 21:02:46.963" level="INFO">Clicking element 'xpath://div[@class='status-actions-container']/button'.</msg>
<status status="PASS" starttime="20211021 21:02:46.963" endtime="20211021 21:02:47.172"/>
</kw>
<kw name="Click Element" library="SeleniumLibrary">
<arg>${Run_Now_Opt}</arg>
<doc>Click the element identified by ``locator``.</doc>
<msg timestamp="20211021 21:02:47.172" level="INFO">Clicking element 'xpath://hd-icon[@name='run-now']'.</msg>
<status status="PASS" starttime="20211021 21:02:47.172" endtime="20211021 21:02:47.316"/>
</kw>
<status status="PASS" starttime="20211021 21:02:44.966" endtime="20211021 21:02:47.316"/>
</kw>
<kw name="Close the Browser" library="transformation" type="TEARDOWN">
<kw name="Close Browser" library="SeleniumLibrary">
<doc>Closes the current browser.</doc>
<status status="PASS" starttime="20211021 21:02:47.324" endtime="20211021 21:02:50.075"/>
</kw>
<status status="PASS" starttime="20211021 21:02:47.324" endtime="20211021 21:02:50.075"/>
</kw>
<doc>Add Field Transformation</doc>
<tag>Transformation</tag>
<status status="PASS" starttime="20211021 21:02:18.288" endtime="20211021 21:02:50.075"/>
</test>
<test id="s1-t2" name="User navigates to a pipeline and applies drop field transformation">
<kw name="Open the Browser" library="transformation" type="SETUP">
<kw name="Open Browser" library="SeleniumLibrary">
<arg>${Url}</arg>
<arg>${Browser}</arg>
<doc>Opens a new browser instance to the optional ``url``.</doc>
<msg timestamp="20211021 21:02:50.093" level="INFO">Opening browser 'gc' to base url 'https://beta.hevo.me/'.</msg>
<status status="PASS" starttime="20211021 21:02:50.088" endtime="20211021 21:02:56.407"/>
</kw>
<kw name="Maximize Browser Window" library="SeleniumLibrary">
<doc>Maximizes current browser window.</doc>
<status status="PASS" starttime="20211021 21:02:56.407" endtime="20211021 21:02:56.535"/>
</kw>
<kw name="Set Selenium Implicit Wait" library="SeleniumLibrary">
<arg>30 seconds</arg>
<doc>Sets the implicit wait value used by Selenium.</doc>
<status status="PASS" starttime="20211021 21:02:56.535" endtime="20211021 21:02:56.535"/>
</kw>
<status status="PASS" starttime="20211021 21:02:50.088" endtime="20211021 21:02:56.535"/>
</kw>
<kw name="Given User is alowed to login to Hevo" library="transformation">
<kw name="Input Text" library="SeleniumLibrary">
<arg>${Email_Elem}</arg>
<arg>${Email_Id}</arg>
<doc>Types the given ``text`` into the text field identified by ``locator``.</doc>
<msg timestamp="20211021 21:02:56.551" level="INFO">Typing text 'test@newhevotest.com' into text field 'xpath://input[@type='email']'.</msg>
<status status="PASS" starttime="20211021 21:02:56.543" endtime="20211021 21:02:56.827"/>
</kw>
<kw name="Click Button" library="SeleniumLibrary">
<arg>${Login_Btn}</arg>
<doc>Clicks the button identified by ``locator``.</doc>
<msg timestamp="20211021 21:02:56.827" level="INFO">Clicking button 'xpath://button[@type='submit']'.</msg>
<status status="PASS" starttime="20211021 21:02:56.827" endtime="20211021 21:02:56.923"/>
</kw>
<kw name="Wait Until Page Contains" library="SeleniumLibrary">
<arg>${Pwd_Txt}</arg>
<doc>Waits until ``text`` appears on the current page.</doc>
<status status="PASS" starttime="20211021 21:02:56.923" endtime="20211021 21:02:57.116"/>
</kw>
<kw name="Input Password" library="SeleniumLibrary">
<arg>${Pwd_Elem}</arg>
<arg>${Pwd}</arg>
<doc>Types the given password into the text field identified by ``locator``.</doc>
<msg timestamp="20211021 21:02:57.116" level="INFO">Typing password into text field 'xpath://input[@type='password']'.</msg>
<msg timestamp="20211021 21:02:57.180" level="INFO">Temporally setting log level to: NONE</msg>
<msg timestamp="20211021 21:02:57.261" level="INFO">Log level changed from NONE to INFO.</msg>
<status status="PASS" starttime="20211021 21:02:57.116" endtime="20211021 21:02:57.261"/>
</kw>
<kw name="Click Button" library="SeleniumLibrary">
<arg>${Login_Btn}</arg>
<doc>Clicks the button identified by ``locator``.</doc>
<msg timestamp="20211021 21:02:57.261" level="INFO">Clicking button 'xpath://button[@type='submit']'.</msg>
<status status="PASS" starttime="20211021 21:02:57.261" endtime="20211021 21:02:57.385"/>
</kw>
<status status="PASS" starttime="20211021 21:02:56.543" endtime="20211021 21:02:57.385"/>
</kw>
<kw name="When User navigates to the pipleine" library="transformation">
<kw name="Wait Until Page Contains" library="SeleniumLibrary">
<arg>${Dark_Mode_Txt}</arg>
<doc>Waits until ``text`` appears on the current page.</doc>
<status status="PASS" starttime="20211021 21:02:57.394" endtime="20211021 21:02:58.111"/>
</kw>
<kw name="Press Keys" library="SeleniumLibrary">
<arg>None</arg>
<arg>ESC</arg>
<doc>Simulates the user pressing key(s) to an element or on the active browser.</doc>
<msg timestamp="20211021 21:02:58.135" level="INFO">Sending key(s) ('ESC',) to page.</msg>
<msg timestamp="20211021 21:02:58.135" level="INFO">Pressing special key ESCAPE to browser.</msg>
<msg timestamp="20211021 21:02:58.135" level="INFO">Releasing special key ESCAPE.</msg>
<status status="PASS" starttime="20211021 21:02:58.111" endtime="20211021 21:02:58.220"/>
</kw>
<kw name="Sleep" library="BuiltIn">
<arg>5</arg>
<doc>Pauses the test executed for the given time.</doc>
<msg timestamp="20211021 21:03:03.225" level="INFO">Slept 5 seconds</msg>
<status status="PASS" starttime="20211021 21:02:58.220" endtime="20211021 21:03:03.225"/>
</kw>
<kw name="Click Element" library="SeleniumLibrary">
<arg>${Pipeline_Label_Elem}</arg>
<doc>Click the element identified by ``locator``.</doc>
<msg timestamp="20211021 21:03:03.226" level="INFO">Clicking element 'xpath://a[@iconname='pipeline']'.</msg>
<status status="PASS" starttime="20211021 21:03:03.226" endtime="20211021 21:03:03.343"/>
</kw>
<kw name="Click Element" library="SeleniumLibrary">
<arg>${Pipeline}</arg>
<doc>Click the element identified by ``locator``.</doc>
<msg timestamp="20211021 21:03:03.343" level="INFO">Clicking element 'xpath://div[text()=' MySQL01 ']'.</msg>
<status status="PASS" starttime="20211021 21:03:03.343" endtime="20211021 21:03:04.361"/>
</kw>
<kw name="Wait Until Element Is Visible" library="SeleniumLibrary">
<arg>${Transf_Elem}</arg>
<doc>Waits until the element ``locator`` is visible.</doc>
<status status="PASS" starttime="20211021 21:03:04.361" endtime="20211021 21:03:04.409"/>
</kw>
<kw name="Click Element" library="SeleniumLibrary">
<arg>${Transf_Elem}</arg>
<doc>Click the element identified by ``locator``.</doc>
<msg timestamp="20211021 21:03:04.409" level="INFO">Clicking element 'xpath://a[@iconname='transformation']'.</msg>
<status status="PASS" starttime="20211021 21:03:04.409" endtime="20211021 21:03:05.382"/>
</kw>
<status status="PASS" starttime="20211021 21:02:57.394" endtime="20211021 21:03:05.382"/>
</kw>
<kw name="And User drags drop field transformation block and provide the transformation details" library="transformation">
<kw name="Click Element" library="SeleniumLibrary">
<arg>${Add_Field_Block}</arg>
<doc>Click the element identified by ``locator``.</doc>
<msg timestamp="20211021 21:03:05.398" level="INFO">Clicking element 'xpath://figure[@class='Add_New_Field']'.</msg>
<status status="PASS" starttime="20211021 21:03:05.390" endtime="20211021 21:03:06.455"/>
</kw>
<kw name="Click Element" library="SeleniumLibrary">
<arg>${Delete_Block_Elem}</arg>
<doc>Click the element identified by ``locator``.</doc>
<msg timestamp="20211021 21:03:06.463" level="INFO">Clicking element 'xpath://button[@class='btn-error size-xs ng-star-inserted']'.</msg>
<status status="PASS" starttime="20211021 21:03:06.455" endtime="20211021 21:03:06.653"/>
</kw>
<kw name="Click Button" library="SeleniumLibrary">
<arg>${Deploy_Btn}</arg>
<doc>Clicks the button identified by ``locator``.</doc>
<msg timestamp="20211021 21:03:06.653" level="INFO">Clicking button 'xpath://button[text()=' Deploy ']'.</msg>
<status status="PASS" starttime="20211021 21:03:06.653" endtime="20211021 21:03:06.822"/>
</kw>
<kw name="Sleep" library="BuiltIn">
<arg>2</arg>
<doc>Pauses the test executed for the given time.</doc>
<msg timestamp="20211021 21:03:08.827" level="INFO">Slept 2 seconds</msg>
<status status="PASS" starttime="20211021 21:03:06.822" endtime="20211021 21:03:08.827"/>
</kw>
<kw name="Click Button" library="SeleniumLibrary">
<arg>${Confirm_Btn}</arg>
<doc>Clicks the button identified by ``locator``.</doc>
<msg timestamp="20211021 21:03:08.827" level="INFO">Clicking button 'xpath://button[text()=' Confirm ']'.</msg>
<status status="PASS" starttime="20211021 21:03:08.827" endtime="20211021 21:03:08.955"/>
</kw>
<kw name="Sleep" library="BuiltIn">
<arg>1</arg>
<doc>Pauses the test executed for the given time.</doc>
<msg timestamp="20211021 21:03:09.962" level="INFO">Slept 1 second</msg>
<status status="PASS" starttime="20211021 21:03:08.955" endtime="20211021 21:03:09.962"/>
</kw>
<kw name="Drag And Drop" library="SeleniumLibrary">
<arg>${Drop_Field_Elem}</arg>
<arg>${Workflow_Transf_Elem}</arg>
<doc>Drags the element identified by ``locator`` into the ``target`` element.</doc>
<status status="PASS" starttime="20211021 21:03:09.962" endtime="20211021 21:03:10.620"/>
</kw>
<kw name="Click Button" library="SeleniumLibrary">
<arg>${Add_Filter_Btn1}</arg>
<doc>Clicks the button identified by ``locator``.</doc>
<msg timestamp="20211021 21:03:10.629" level="INFO">Clicking button 'xpath://button[text()=' Add Filter ']'.</msg>
<status status="PASS" starttime="20211021 21:03:10.628" endtime="20211021 21:03:10.839"/>
</kw>
<kw name="Click Element" library="SeleniumLibrary">
<arg>${Event_Type_Option}</arg>
<doc>Click the element identified by ``locator``.</doc>
<msg timestamp="20211021 21:03:10.839" level="INFO">Clicking element 'xpath://fs-option[text()=' Event Type ']'.</msg>
<status status="PASS" starttime="20211021 21:03:10.839" endtime="20211021 21:03:11.019"/>
</kw>
<kw name="Click Element" library="SeleniumLibrary">
<arg>${Equals_Option}</arg>
<doc>Click the element identified by ``locator``.</doc>
<msg timestamp="20211021 21:03:11.019" level="INFO">Clicking element 'xpath://fs-option[text()=' Equals ']'.</msg>
<status status="PASS" starttime="20211021 21:03:11.019" endtime="20211021 21:03:11.162"/>
</kw>
<kw name="Input Text" library="SeleniumLibrary">
<arg>${Enter_Value_Txtbox}</arg>
<arg>${Event_Value}</arg>
<doc>Types the given ``text`` into the text field identified by ``locator``.</doc>
<msg timestamp="20211021 21:03:11.162" level="INFO">Typing text 'demo.departments' into text field 'xpath://input[@placeholder='Value']'.</msg>
<status status="PASS" starttime="20211021 21:03:11.162" endtime="20211021 21:03:11.560"/>
</kw>
<kw name="Click Button" library="SeleniumLibrary">
<arg>${Add_Filter_Btn2}</arg>
<doc>Clicks the button identified by ``locator``.</doc>
<msg timestamp="20211021 21:03:11.560" level="INFO">Clicking button 'xpath://button[@class='btn btn-primary']'.</msg>
<status status="PASS" starttime="20211021 21:03:11.560" endtime="20211021 21:03:11.686"/>
</kw>
<kw name="Click Button" library="SeleniumLibrary">
<arg>${Add_Filter_Btn3}</arg>
<doc>Clicks the button identified by ``locator``.</doc>
<msg timestamp="20211021 21:03:11.686" level="INFO">Clicking button 'xpath://filter-group[@class='mt-4 ng-star-inserted']/button'.</msg>
<status status="PASS" starttime="20211021 21:03:11.686" endtime="20211021 21:03:11.811"/>
</kw>
<kw name="Click Element" library="SeleniumLibrary">
<arg>${Field_Name_Elem_01}</arg>
<doc>Click the element identified by ``locator``.</doc>
<msg timestamp="20211021 21:03:11.811" level="INFO">Clicking element 'xpath://fs-option[text()=' Field Name ']'.</msg>
<status status="PASS" starttime="20211021 21:03:11.811" endtime="20211021 21:03:11.911"/>
</kw>
<kw name="Click Element" library="SeleniumLibrary">
<arg>${Equals_Option}</arg>
<doc>Click the element identified by ``locator``.</doc>
<msg timestamp="20211021 21:03:11.918" level="INFO">Clicking element 'xpath://fs-option[text()=' Equals ']'.</msg>
<status status="PASS" starttime="20211021 21:03:11.911" endtime="20211021 21:03:12.011"/>
</kw>
<kw name="Execute Javascript" library="SeleniumLibrary">
<arg>window.scrollTo(0,-100)</arg>
<doc>Executes the given JavaScript code with possible arguments.</doc>
<msg timestamp="20211021 21:03:12.011" level="INFO">Executing JavaScript:
window.scrollTo(0,-100)
Without any arguments.</msg>
<status status="PASS" starttime="20211021 21:03:12.011" endtime="20211021 21:03:12.019"/>
</kw>
<kw name="Input Text" library="SeleniumLibrary">
<arg>${Enter_Value_Txtbox}</arg>
<arg>${Field_Name_01}</arg>
<doc>Types the given ``text`` into the text field identified by ``locator``.</doc>
<msg timestamp="20211021 21:03:12.019" level="INFO">Typing text 'dept_loc' into text field 'xpath://input[@placeholder='Value']'.</msg>
<status status="PASS" starttime="20211021 21:03:12.019" endtime="20211021 21:03:12.219"/>
</kw>
<kw name="Click Button" library="SeleniumLibrary">
<arg>${Add_Filter_Btn2}</arg>
<doc>Clicks the button identified by ``locator``.</doc>
<msg timestamp="20211021 21:03:12.219" level="INFO">Clicking button 'xpath://button[@class='btn btn-primary']'.</msg>
<status status="PASS" starttime="20211021 21:03:12.219" endtime="20211021 21:03:12.337"/>
</kw>
<status status="PASS" starttime="20211021 21:03:05.390" endtime="20211021 21:03:12.337"/>
</kw>
<kw name="Then User Tests The Transformation Applied To The Event" library="transformation">
<kw name="Click Button" library="SeleniumLibrary">
<arg>${Test_Btn_01}</arg>
<doc>Clicks the button identified by ``locator``.</doc>
<msg timestamp="20211021 21:03:12.337" level="INFO">Clicking button 'xpath://button[@class='btn btn-secondary']'.</msg>
<status status="PASS" starttime="20211021 21:03:12.337" endtime="20211021 21:03:12.532"/>
</kw>
<kw name="Click Element" library="SeleniumLibrary">
<arg>${Select_Event_Dropdown}</arg>
<doc>Click the element identified by ``locator``.</doc>
<msg timestamp="20211021 21:03:12.540" level="INFO">Clicking element 'xpath://span[text()=' Select Event Type ']'.</msg>
<status status="PASS" starttime="20211021 21:03:12.532" endtime="20211021 21:03:12.693"/>
</kw>
<kw name="Input Text" library="SeleniumLibrary">
<arg>${Search_Icon}</arg>
<arg>${Event_Name}</arg>
<doc>Types the given ``text`` into the text field identified by ``locator``.</doc>
<msg timestamp="20211021 21:03:12.701" level="INFO">Typing text 'demo.departments' into text field 'xpath://input[@placeholder='Select Event Type']'.</msg>
<status status="PASS" starttime="20211021 21:03:12.693" endtime="20211021 21:03:13.150"/>
</kw>
<kw name="Press Keys" library="SeleniumLibrary">
<arg>None</arg>
<arg>ARROW_DOWN</arg>
<doc>Simulates the user pressing key(s) to an element or on the active browser.</doc>
<msg timestamp="20211021 21:03:13.150" level="INFO">Sending key(s) ('ARROW_DOWN',) to page.</msg>
<msg timestamp="20211021 21:03:13.150" level="INFO">Pressing special key ARROW_DOWN to browser.</msg>
<msg timestamp="20211021 21:03:13.150" level="INFO">Releasing special key ARROW_DOWN.</msg>
<status status="PASS" starttime="20211021 21:03:13.150" endtime="20211021 21:03:13.167"/>
</kw>
<kw name="Press Keys" library="SeleniumLibrary">
<arg>None</arg>
<arg>RETURN</arg>
<doc>Simulates the user pressing key(s) to an element or on the active browser.</doc>
<msg timestamp="20211021 21:03:13.167" level="INFO">Sending key(s) ('RETURN',) to page.</msg>
<msg timestamp="20211021 21:03:13.167" level="INFO">Pressing special key RETURN to browser.</msg>
<msg timestamp="20211021 21:03:13.167" level="INFO">Releasing special key RETURN.</msg>
<status status="PASS" starttime="20211021 21:03:13.167" endtime="20211021 21:03:13.191"/>
</kw>
<kw name="Click Button" library="SeleniumLibrary">
<arg>${Get_Sample_Btn}</arg>
<doc>Clicks the button identified by ``locator``.</doc>
<msg timestamp="20211021 21:03:13.191" level="INFO">Clicking button 'xpath://button[text()=' Get Sample ']'.</msg>
<status status="PASS" starttime="20211021 21:03:13.191" endtime="20211021 21:03:13.292"/>
</kw>
<kw name="Sleep" library="BuiltIn">
<arg>1</arg>
<doc>Pauses the test executed for the given time.</doc>
<msg timestamp="20211021 21:03:14.299" level="INFO">Slept 1 second</msg>
<status status="PASS" starttime="20211021 21:03:13.292" endtime="20211021 21:03:14.299"/>
</kw>
<kw name="Click Button" library="SeleniumLibrary">
<arg>${Test_Btn_02}</arg>
<doc>Clicks the button identified by ``locator``.</doc>
<msg timestamp="20211021 21:03:14.299" level="INFO">Clicking button 'xpath://button[@class='btn btn-primary']'.</msg>
<status status="PASS" starttime="20211021 21:03:14.299" endtime="20211021 21:03:14.549"/>
</kw>
<kw name="Sleep" library="BuiltIn">
<arg>3</arg>
<doc>Pauses the test executed for the given time.</doc>
<msg timestamp="20211021 21:03:17.556" level="INFO">Slept 3 seconds</msg>
<status status="PASS" starttime="20211021 21:03:14.549" endtime="20211021 21:03:17.556"/>
</kw>
<kw name="Click Button" library="SeleniumLibrary">
<arg>${Deploy_Btn}</arg>
<doc>Clicks the button identified by ``locator``.</doc>
<msg timestamp="20211021 21:03:17.556" level="INFO">Clicking button 'xpath://button[text()=' Deploy ']'.</msg>
<status status="PASS" starttime="20211021 21:03:17.556" endtime="20211021 21:03:17.770"/>
</kw>
<status status="PASS" starttime="20211021 21:03:12.337" endtime="20211021 21:03:17.770"/>
</kw>
<kw name="And User runs the event again" library="transformation">
<kw name="Click Element" library="SeleniumLibrary">
<arg>${Ovrview_Icon}</arg>
<doc>Click the element identified by ``locator``.</doc>
<msg timestamp="20211021 21:03:17.778" level="INFO">Clicking element 'xpath://a[@iconname='overview']'.</msg>
<status status="PASS" starttime="20211021 21:03:17.778" endtime="20211021 21:03:18.104"/>
</kw>
<kw name="Click Element" library="SeleniumLibrary">
<arg>${Src_Object_Elem}</arg>
<doc>Click the element identified by ``locator``.</doc>
<msg timestamp="20211021 21:03:18.104" level="INFO">Clicking element 'xpath://searcharea[@placeholder='Search Objects']'.</msg>
<status status="PASS" starttime="20211021 21:03:18.104" endtime="20211021 21:03:18.245"/>
</kw>
<kw name="Input Text" library="SeleniumLibrary">
<arg>${Src_Object_Text_Elem}</arg>
<arg>${Event_Value}</arg>
<doc>Types the given ``text`` into the text field identified by ``locator``.</doc>
<msg timestamp="20211021 21:03:18.245" level="INFO">Typing text 'demo.departments' into text field 'xpath://input[@placeholder='Search Objects']'.</msg>
<status status="PASS" starttime="20211021 21:03:18.245" endtime="20211021 21:03:18.858"/>
</kw>
<kw name="Sleep" library="BuiltIn">
<arg>1</arg>
<doc>Pauses the test executed for the given time.</doc>
<msg timestamp="20211021 21:03:19.860" level="INFO">Slept 1 second</msg>
<status status="PASS" starttime="20211021 21:03:18.858" endtime="20211021 21:03:19.860"/>
</kw>
<kw name="Click Element" library="SeleniumLibrary">
<arg>${Vertical_Bar_Icon}</arg>
<doc>Click the element identified by ``locator``.</doc>
<msg timestamp="20211021 21:03:19.860" level="INFO">Clicking element 'xpath://div[@class='status-actions-container']/button'.</msg>
<status status="PASS" starttime="20211021 21:03:19.860" endtime="20211021 21:03:20.135"/>
</kw>
<kw name="Click Element" library="SeleniumLibrary">
<arg>${Run_Now_Opt}</arg>
<doc>Click the element identified by ``locator``.</doc>
<msg timestamp="20211021 21:03:20.135" level="INFO">Clicking element 'xpath://hd-icon[@name='run-now']'.</msg>
<status status="PASS" starttime="20211021 21:03:20.135" endtime="20211021 21:03:20.289"/>
</kw>
<status status="PASS" starttime="20211021 21:03:17.770" endtime="20211021 21:03:20.289"/>
</kw>
<kw name="Close the Browser" library="transformation" type="TEARDOWN">
<kw name="Close Browser" library="SeleniumLibrary">
<doc>Closes the current browser.</doc>
<status status="PASS" starttime="20211021 21:03:20.289" endtime="20211021 21:03:22.895"/>
</kw>
<status status="PASS" starttime="20211021 21:03:20.289" endtime="20211021 21:03:22.895"/>
</kw>
<doc>Drop Field Transformation</doc>
<tag>Transformation</tag>
<status status="PASS" starttime="20211021 21:02:50.080" endtime="20211021 21:03:22.895"/>
</test>
<test id="s1-t3" name="User navigates to a pipeline and applies change field value transformation">
<kw name="Open the Browser" library="transformation" type="SETUP">
<kw name="Open Browser" library="SeleniumLibrary">
<arg>${Url}</arg>
<arg>${Browser}</arg>
<doc>Opens a new browser instance to the optional ``url``.</doc>
<msg timestamp="20211021 21:03:22.908" level="INFO">Opening browser 'gc' to base url 'https://beta.hevo.me/'.</msg>
<status status="PASS" starttime="20211021 21:03:22.908" endtime="20211021 21:03:29.636"/>
</kw>
<kw name="Maximize Browser Window" library="SeleniumLibrary">
<doc>Maximizes current browser window.</doc>
<status status="PASS" starttime="20211021 21:03:29.636" endtime="20211021 21:03:29.764"/>
</kw>
<kw name="Set Selenium Implicit Wait" library="SeleniumLibrary">
<arg>30 seconds</arg>
<doc>Sets the implicit wait value used by Selenium.</doc>
<status status="PASS" starttime="20211021 21:03:29.764" endtime="20211021 21:03:29.764"/>
</kw>
<status status="PASS" starttime="20211021 21:03:22.900" endtime="20211021 21:03:29.764"/>
</kw>
<kw name="Given User is alowed to login to Hevo" library="transformation">
<kw name="Input Text" library="SeleniumLibrary">
<arg>${Email_Elem}</arg>
<arg>${Email_Id}</arg>
<doc>Types the given ``text`` into the text field identified by ``locator``.</doc>
<msg timestamp="20211021 21:03:29.775" level="INFO">Typing text 'test@newhevotest.com' into text field 'xpath://input[@type='email']'.</msg>
<status status="PASS" starttime="20211021 21:03:29.775" endtime="20211021 21:03:30.062"/>
</kw>
<kw name="Click Button" library="SeleniumLibrary">
<arg>${Login_Btn}</arg>
<doc>Clicks the button identified by ``locator``.</doc>
<msg timestamp="20211021 21:03:30.070" level="INFO">Clicking button 'xpath://button[@type='submit']'.</msg>
<status status="PASS" starttime="20211021 21:03:30.062" endtime="20211021 21:03:30.158"/>
</kw>
<kw name="Wait Until Page Contains" library="SeleniumLibrary">
<arg>${Pwd_Txt}</arg>
<doc>Waits until ``text`` appears on the current page.</doc>
<status status="PASS" starttime="20211021 21:03:30.158" endtime="20211021 21:03:30.369"/>
</kw>
<kw name="Input Password" library="SeleniumLibrary">
<arg>${Pwd_Elem}</arg>
<arg>${Pwd}</arg>
<doc>Types the given password into the text field identified by ``locator``.</doc>
<msg timestamp="20211021 21:03:30.369" level="INFO">Typing password into text field 'xpath://input[@type='password']'.</msg>
<msg timestamp="20211021 21:03:30.431" level="INFO">Temporally setting log level to: NONE</msg>
<msg timestamp="20211021 21:03:30.522" level="INFO">Log level changed from NONE to INFO.</msg>
<status status="PASS" starttime="20211021 21:03:30.369" endtime="20211021 21:03:30.522"/>
</kw>
<kw name="Click Button" library="SeleniumLibrary">
<arg>${Login_Btn}</arg>
<doc>Clicks the button identified by ``locator``.</doc>
<msg timestamp="20211021 21:03:30.522" level="INFO">Clicking button 'xpath://button[@type='submit']'.</msg>
<status status="PASS" starttime="20211021 21:03:30.522" endtime="20211021 21:03:30.674"/>
</kw>
<status status="PASS" starttime="20211021 21:03:29.772" endtime="20211021 21:03:30.674"/>
</kw>
<kw name="And User navigates to the pipleine" library="transformation">
<kw name="Wait Until Page Contains" library="SeleniumLibrary">
<arg>${Dark_Mode_Txt}</arg>
<doc>Waits until ``text`` appears on the current page.</doc>
<status status="PASS" starttime="20211021 21:03:30.674" endtime="20211021 21:03:31.505"/>
</kw>
<kw name="Press Keys" library="SeleniumLibrary">
<arg>None</arg>
<arg>ESC</arg>
<doc>Simulates the user pressing key(s) to an element or on the active browser.</doc>
<msg timestamp="20211021 21:03:31.513" level="INFO">Sending key(s) ('ESC',) to page.</msg>
<msg timestamp="20211021 21:03:31.513" level="INFO">Pressing special key ESCAPE to browser.</msg>
<msg timestamp="20211021 21:03:31.513" level="INFO">Releasing special key ESCAPE.</msg>
<status status="PASS" starttime="20211021 21:03:31.505" endtime="20211021 21:03:31.657"/>
</kw>
<kw name="Sleep" library="BuiltIn">
<arg>5</arg>
<doc>Pauses the test executed for the given time.</doc>
<msg timestamp="20211021 21:03:36.670" level="INFO">Slept 5 seconds</msg>
<status status="PASS" starttime="20211021 21:03:31.665" endtime="20211021 21:03:36.670"/>
</kw>
<kw name="Click Element" library="SeleniumLibrary">
<arg>${Pipeline_Label_Elem}</arg>
<doc>Click the element identified by ``locator``.</doc>
<msg timestamp="20211021 21:03:36.670" level="INFO">Clicking element 'xpath://a[@iconname='pipeline']'.</msg>
<status status="PASS" starttime="20211021 21:03:36.670" endtime="20211021 21:03:36.952"/>
</kw>
<kw name="Click Element" library="SeleniumLibrary">
<arg>${Pipeline}</arg>
<doc>Click the element identified by ``locator``.</doc>
<msg timestamp="20211021 21:03:36.952" level="INFO">Clicking element 'xpath://div[text()=' MySQL01 ']'.</msg>
<status status="PASS" starttime="20211021 21:03:36.952" endtime="20211021 21:03:37.897"/>
</kw>
<kw name="Wait Until Element Is Visible" library="SeleniumLibrary">
<arg>${Transf_Elem}</arg>
<doc>Waits until the element ``locator`` is visible.</doc>
<status status="PASS" starttime="20211021 21:03:37.897" endtime="20211021 21:03:37.945"/>
</kw>
<kw name="Click Element" library="SeleniumLibrary">
<arg>${Transf_Elem}</arg>
<doc>Click the element identified by ``locator``.</doc>
<msg timestamp="20211021 21:03:37.945" level="INFO">Clicking element 'xpath://a[@iconname='transformation']'.</msg>
<status status="PASS" starttime="20211021 21:03:37.945" endtime="20211021 21:03:38.913"/>
</kw>
<status status="PASS" starttime="20211021 21:03:30.674" endtime="20211021 21:03:38.913"/>
</kw>
<kw name="And User drags change field value transformation and provide the details" library="transformation">
<kw name="Click Element" library="SeleniumLibrary">
<arg>${Drop_Event_Block}</arg>
<doc>Click the element identified by ``locator``.</doc>
<msg timestamp="20211021 21:03:38.926" level="INFO">Clicking element 'xpath://figure[@class='Filter_Columns']'.</msg>
<status status="PASS" starttime="20211021 21:03:38.926" endtime="20211021 21:03:39.986"/>
</kw>
<kw name="Click Element" library="SeleniumLibrary">
<arg>${Delete_Block_Elem}</arg>
<doc>Click the element identified by ``locator``.</doc>
<msg timestamp="20211021 21:03:39.994" level="INFO">Clicking element 'xpath://button[@class='btn-error size-xs ng-star-inserted']'.</msg>
<status status="PASS" starttime="20211021 21:03:39.986" endtime="20211021 21:03:40.122"/>
</kw>
<kw name="Click Button" library="SeleniumLibrary">
<arg>${Deploy_Btn}</arg>
<doc>Clicks the button identified by ``locator``.</doc>
<msg timestamp="20211021 21:03:40.122" level="INFO">Clicking button 'xpath://button[text()=' Deploy ']'.</msg>
<status status="PASS" starttime="20211021 21:03:40.122" endtime="20211021 21:03:40.333"/>
</kw>
<kw name="Sleep" library="BuiltIn">
<arg>2</arg>
<doc>Pauses the test executed for the given time.</doc>
<msg timestamp="20211021 21:03:42.340" level="INFO">Slept 2 seconds</msg>
<status status="PASS" starttime="20211021 21:03:40.333" endtime="20211021 21:03:42.340"/>
</kw>
<kw name="Click Button" library="SeleniumLibrary">
<arg>${Confirm_Btn}</arg>
<doc>Clicks the button identified by ``locator``.</doc>
<msg timestamp="20211021 21:03:42.340" level="INFO">Clicking button 'xpath://button[text()=' Confirm ']'.</msg>
<status status="PASS" starttime="20211021 21:03:42.340" endtime="20211021 21:03:42.483"/>
</kw>
<kw name="Sleep" library="BuiltIn">
<arg>1</arg>
<doc>Pauses the test executed for the given time.</doc>
<msg timestamp="20211021 21:03:43.490" level="INFO">Slept 1 second</msg>
<status status="PASS" starttime="20211021 21:03:42.483" endtime="20211021 21:03:43.490"/>
</kw>
<kw name="Drag And Drop" library="SeleniumLibrary">
<arg>${Change_Field_Value_Elem}</arg>
<arg>${Workflow_Transf_Elem}</arg>
<doc>Drags the element identified by ``locator`` into the ``target`` element.</doc>
<status status="PASS" starttime="20211021 21:03:43.490" endtime="20211021 21:03:44.189"/>
</kw>
<kw name="Click Button" library="SeleniumLibrary">
<arg>${Add_Filter_Btn1}</arg>
<doc>Clicks the button identified by ``locator``.</doc>
<msg timestamp="20211021 21:03:44.189" level="INFO">Clicking button 'xpath://button[text()=' Add Filter ']'.</msg>
<status status="PASS" starttime="20211021 21:03:44.189" endtime="20211021 21:03:44.415"/>
</kw>
<kw name="Click Element" library="SeleniumLibrary">
<arg>${Event_Type_Option}</arg>
<doc>Click the element identified by ``locator``.</doc>
<msg timestamp="20211021 21:03:44.415" level="INFO">Clicking element 'xpath://fs-option[text()=' Event Type ']'.</msg>
<status status="PASS" starttime="20211021 21:03:44.415" endtime="20211021 21:03:44.609"/>
</kw>
<kw name="Click Element" library="SeleniumLibrary">
<arg>${Equals_Option}</arg>
<doc>Click the element identified by ``locator``.</doc>
<msg timestamp="20211021 21:03:44.609" level="INFO">Clicking element 'xpath://fs-option[text()=' Equals ']'.</msg>
<status status="PASS" starttime="20211021 21:03:44.609" endtime="20211021 21:03:44.758"/>
</kw>
<kw name="Input Text" library="SeleniumLibrary">
<arg>${Enter_Value_Txtbox}</arg>
<arg>${Event_Value_02}</arg>
<doc>Types the given ``text`` into the text field identified by ``locator``.</doc>
<msg timestamp="20211021 21:03:44.774" level="INFO">Typing text 'demo.dept_manager' into text field 'xpath://input[@placeholder='Value']'.</msg>
<status status="PASS" starttime="20211021 21:03:44.758" endtime="20211021 21:03:45.190"/>
</kw>
<kw name="Click Button" library="SeleniumLibrary">
<arg>${Add_Filter_Btn2}</arg>
<doc>Clicks the button identified by ``locator``.</doc>
<msg timestamp="20211021 21:03:45.190" level="INFO">Clicking button 'xpath://button[@class='btn btn-primary']'.</msg>
<status status="PASS" starttime="20211021 21:03:45.190" endtime="20211021 21:03:45.331"/>
</kw>
<kw name="Click Button" library="SeleniumLibrary">
<arg>${Add_Filter_Btn3}</arg>
<doc>Clicks the button identified by ``locator``.</doc>
<msg timestamp="20211021 21:03:45.331" level="INFO">Clicking button 'xpath://filter-group[@class='mt-4 ng-star-inserted']/button'.</msg>
<status status="PASS" starttime="20211021 21:03:45.331" endtime="20211021 21:03:45.567"/>
</kw>
<kw name="Click Element" library="SeleniumLibrary">
<arg>${Field_Name_Elem_01}</arg>
<doc>Click the element identified by ``locator``.</doc>
<msg timestamp="20211021 21:03:45.567" level="INFO">Clicking element 'xpath://fs-option[text()=' Field Name ']'.</msg>
<status status="PASS" starttime="20211021 21:03:45.567" endtime="20211021 21:03:45.679"/>
</kw>
<kw name="Click Element" library="SeleniumLibrary">
<arg>${Equals_Option}</arg>
<doc>Click the element identified by ``locator``.</doc>
<msg timestamp="20211021 21:03:45.679" level="INFO">Clicking element 'xpath://fs-option[text()=' Equals ']'.</msg>
<status status="PASS" starttime="20211021 21:03:45.679" endtime="20211021 21:03:45.783"/>
</kw>
<kw name="Execute Javascript" library="SeleniumLibrary">
<arg>window.scrollTo(0,-100)</arg>
<doc>Executes the given JavaScript code with possible arguments.</doc>
<msg timestamp="20211021 21:03:45.783" level="INFO">Executing JavaScript:
window.scrollTo(0,-100)
Without any arguments.</msg>
<status status="PASS" starttime="20211021 21:03:45.783" endtime="20211021 21:03:45.791"/>
</kw>
<kw name="Input Text" library="SeleniumLibrary">
<arg>${Enter_Value_Txtbox}</arg>
<arg>${Field_Name_05}</arg>
<doc>Types the given ``text`` into the text field identified by ``locator``.</doc>
<msg timestamp="20211021 21:03:45.791" level="INFO">Typing text 'dept_no' into text field 'xpath://input[@placeholder='Value']'.</msg>
<status status="PASS" starttime="20211021 21:03:45.791" endtime="20211021 21:03:45.988"/>
</kw>
<kw name="Click Button" library="SeleniumLibrary">
<arg>${Add_Filter_Btn2}</arg>
<doc>Clicks the button identified by ``locator``.</doc>
<msg timestamp="20211021 21:03:45.996" level="INFO">Clicking button 'xpath://button[@class='btn btn-primary']'.</msg>
<status status="PASS" starttime="20211021 21:03:45.988" endtime="20211021 21:03:46.105"/>
</kw>
<kw name="Click Button" library="SeleniumLibrary">
<arg>${Add_Filter_Btn3}</arg>
<doc>Clicks the button identified by ``locator``.</doc>
<msg timestamp="20211021 21:03:46.113" level="INFO">Clicking button 'xpath://filter-group[@class='mt-4 ng-star-inserted']/button'.</msg>
<status status="PASS" starttime="20211021 21:03:46.113" endtime="20211021 21:03:46.204"/>
</kw>
<kw name="Click Element" library="SeleniumLibrary">
<arg>${Field_Value_Elem}</arg>
<doc>Click the element identified by ``locator``.</doc>
<msg timestamp="20211021 21:03:46.204" level="INFO">Clicking element 'xpath://fs-option[text()=' Field Value ']'.</msg>
<status status="PASS" starttime="20211021 21:03:46.204" endtime="20211021 21:03:46.287"/>
</kw>
<kw name="Click Element" library="SeleniumLibrary">
<arg>${Equals_Option}</arg>
<doc>Click the element identified by ``locator``.</doc>
<msg timestamp="20211021 21:03:46.287" level="INFO">Clicking element 'xpath://fs-option[text()=' Equals ']'.</msg>
<status status="PASS" starttime="20211021 21:03:46.287" endtime="20211021 21:03:46.362"/>
</kw>
<kw name="Input Text" library="SeleniumLibrary">
<arg>${Enter_Value_Txtbox}</arg>
<arg>${Field_Value_01}</arg>
<doc>Types the given ``text`` into the text field identified by ``locator``.</doc>
<msg timestamp="20211021 21:03:46.362" level="INFO">Typing text 'd006' into text field 'xpath://input[@placeholder='Value']'.</msg>
<status status="PASS" starttime="20211021 21:03:46.362" endtime="20211021 21:03:46.517"/>
</kw>
<kw name="Click Button" library="SeleniumLibrary">
<arg>${Add_Filter_Btn2}</arg>
<doc>Clicks the button identified by ``locator``.</doc>
<msg timestamp="20211021 21:03:46.517" level="INFO">Clicking button 'xpath://button[@class='btn btn-primary']'.</msg>
<status status="PASS" starttime="20211021 21:03:46.517" endtime="20211021 21:03:46.630"/>
</kw>
<kw name="Input Text" library="SeleniumLibrary">
<arg>${New_Field_Value_Txtbox_01}</arg>
<arg>${New_Field_Value_04}</arg>
<doc>Types the given ``text`` into the text field identified by ``locator``.</doc>
<msg timestamp="20211021 21:03:46.630" level="INFO">Typing text '"Dept006"' into text field 'xpath://input[@placeholder='New Value']'.</msg>
<status status="PASS" starttime="20211021 21:03:46.630" endtime="20211021 21:03:46.850"/>
</kw>
<status status="PASS" starttime="20211021 21:03:38.926" endtime="20211021 21:03:46.858"/>
</kw>
<kw name="Then User tests the new transformation" library="transformation">
<kw name="Click Button" library="SeleniumLibrary">
<arg>${Test_Btn_01}</arg>
<doc>Clicks the button identified by ``locator``.</doc>
<msg timestamp="20211021 21:03:46.858" level="INFO">Clicking button 'xpath://button[@class='btn btn-secondary']'.</msg>
<status status="PASS" starttime="20211021 21:03:46.858" endtime="20211021 21:03:47.070"/>
</kw>
<kw name="Click Element" library="SeleniumLibrary">
<arg>${Select_Event_Dropdown}</arg>
<doc>Click the element identified by ``locator``.</doc>
<msg timestamp="20211021 21:03:47.078" level="INFO">Clicking element 'xpath://span[text()=' Select Event Type ']'.</msg>
<status status="PASS" starttime="20211021 21:03:47.070" endtime="20211021 21:03:47.206"/>
</kw>
<kw name="Input Text" library="SeleniumLibrary">
<arg>${Search_Icon}</arg>
<arg>${Event_Name_01}</arg>
<doc>Types the given ``text`` into the text field identified by ``locator``.</doc>
<msg timestamp="20211021 21:03:47.214" level="INFO">Typing text 'demo.dept_manager' into text field 'xpath://input[@placeholder='Select Event Type']'.</msg>
<status status="PASS" starttime="20211021 21:03:47.206" endtime="20211021 21:03:47.479"/>
</kw>
<kw name="Press Keys" library="SeleniumLibrary">
<arg>None</arg>
<arg>ARROW_DOWN</arg>
<doc>Simulates the user pressing key(s) to an element or on the active browser.</doc>
<msg timestamp="20211021 21:03:47.479" level="INFO">Sending key(s) ('ARROW_DOWN',) to page.</msg>
<msg timestamp="20211021 21:03:47.479" level="INFO">Pressing special key ARROW_DOWN to browser.</msg>
<msg timestamp="20211021 21:03:47.479" level="INFO">Releasing special key ARROW_DOWN.</msg>
<status status="PASS" starttime="20211021 21:03:47.479" endtime="20211021 21:03:47.495"/>
</kw>
<kw name="Press Keys" library="SeleniumLibrary">
<arg>None</arg>
<arg>RETURN</arg>
<doc>Simulates the user pressing key(s) to an element or on the active browser.</doc>
<msg timestamp="20211021 21:03:47.503" level="INFO">Sending key(s) ('RETURN',) to page.</msg>
<msg timestamp="20211021 21:03:47.503" level="INFO">Pressing special key RETURN to browser.</msg>
<msg timestamp="20211021 21:03:47.503" level="INFO">Releasing special key RETURN.</msg>
<status status="PASS" starttime="20211021 21:03:47.503" endtime="20211021 21:03:47.519"/>
</kw>
<kw name="Click Button" library="SeleniumLibrary">
<arg>${Get_Sample_Btn}</arg>
<doc>Clicks the button identified by ``locator``.</doc>
<msg timestamp="20211021 21:03:47.519" level="INFO">Clicking button 'xpath://button[text()=' Get Sample ']'.</msg>
<status status="PASS" starttime="20211021 21:03:47.519" endtime="20211021 21:03:47.619"/>
</kw>
<kw name="Sleep" library="BuiltIn">
<arg>2</arg>
<doc>Pauses the test executed for the given time.</doc>
<msg timestamp="20211021 21:03:49.624" level="INFO">Slept 2 seconds</msg>
<status status="PASS" starttime="20211021 21:03:47.619" endtime="20211021 21:03:49.624"/>
</kw>
<kw name="Click Button" library="SeleniumLibrary">
<arg>${Test_Btn_02}</arg>
<doc>Clicks the button identified by ``locator``.</doc>
<msg timestamp="20211021 21:03:49.624" level="INFO">Clicking button 'xpath://button[@class='btn btn-primary']'.</msg>
<status status="PASS" starttime="20211021 21:03:49.624" endtime="20211021 21:03:49.875"/>
</kw>
<kw name="Sleep" library="BuiltIn">
<arg>3</arg>
<doc>Pauses the test executed for the given time.</doc>
<msg timestamp="20211021 21:03:52.882" level="INFO">Slept 3 seconds</msg>
<status status="PASS" starttime="20211021 21:03:49.875" endtime="20211021 21:03:52.882"/>
</kw>
<kw name="Click Button" library="SeleniumLibrary">
<arg>${Deploy_Btn}</arg>
<doc>Clicks the button identified by ``locator``.</doc>
<msg timestamp="20211021 21:03:52.882" level="INFO">Clicking button 'xpath://button[text()=' Deploy ']'.</msg>
<status status="PASS" starttime="20211021 21:03:52.882" endtime="20211021 21:03:53.096"/>
</kw>
<status status="PASS" starttime="20211021 21:03:46.858" endtime="20211021 21:03:53.096"/>
</kw>
<kw name="And User runs the event again to apply new transformation" library="transformation">
<kw name="Click Element" library="SeleniumLibrary">
<arg>${Ovrview_Icon}</arg>
<doc>Click the element identified by ``locator``.</doc>
<msg timestamp="20211021 21:03:53.096" level="INFO">Clicking element 'xpath://a[@iconname='overview']'.</msg>
<status status="PASS" starttime="20211021 21:03:53.096" endtime="20211021 21:03:53.408"/>
</kw>
<kw name="Click Element" library="SeleniumLibrary">
<arg>${Src_Object_Elem}</arg>
<doc>Click the element identified by ``locator``.</doc>
<msg timestamp="20211021 21:03:53.408" level="INFO">Clicking element 'xpath://searcharea[@placeholder='Search Objects']'.</msg>
<status status="PASS" starttime="20211021 21:03:53.408" endtime="20211021 21:03:53.536"/>
</kw>
<kw name="Input Text" library="SeleniumLibrary">
<arg>${Src_Object_Text_Elem}</arg>
<arg>${Event_Name_01}</arg>
<doc>Types the given ``text`` into the text field identified by ``locator``.</doc>
<msg timestamp="20211021 21:03:53.536" level="INFO">Typing text 'demo.dept_manager' into text field 'xpath://input[@placeholder='Search Objects']'.</msg>
<status status="PASS" starttime="20211021 21:03:53.536" endtime="20211021 21:03:54.153"/>
</kw>
<kw name="Sleep" library="BuiltIn">
<arg>1</arg>
<doc>Pauses the test executed for the given time.</doc>
<msg timestamp="20211021 21:03:55.160" level="INFO">Slept 1 second</msg>
<status status="PASS" starttime="20211021 21:03:54.153" endtime="20211021 21:03:55.160"/>
</kw>
<kw name="Click Element" library="SeleniumLibrary">
<arg>${Vertical_Bar_Icon}</arg>
<doc>Click the element identified by ``locator``.</doc>
<msg timestamp="20211021 21:03:55.160" level="INFO">Clicking element 'xpath://div[@class='status-actions-container']/button'.</msg>
<status status="PASS" starttime="20211021 21:03:55.160" endtime="20211021 21:03:55.385"/>
</kw>
<kw name="Click Element" library="SeleniumLibrary">
<arg>${Run_Now_Opt}</arg>
<doc>Click the element identified by ``locator``.</doc>
<msg timestamp="20211021 21:03:55.385" level="INFO">Clicking element 'xpath://hd-icon[@name='run-now']'.</msg>
<status status="PASS" starttime="20211021 21:03:55.385" endtime="20211021 21:03:55.513"/>
</kw>
<status status="PASS" starttime="20211021 21:03:53.096" endtime="20211021 21:03:55.513"/>
</kw>
<kw name="Close the Browser" library="transformation" type="TEARDOWN">
<kw name="Close Browser" library="SeleniumLibrary">
<doc>Closes the current browser.</doc>
<status status="PASS" starttime="20211021 21:03:55.513" endtime="20211021 21:03:58.123"/>
</kw>
<status status="PASS" starttime="20211021 21:03:55.513" endtime="20211021 21:03:58.123"/>
</kw>
<doc>Change Field Value Transformation</doc>
<tag>Transformation</tag>
<status status="PASS" starttime="20211021 21:03:22.900" endtime="20211021 21:03:58.123"/>
</test>
<test id="s1-t4" name="User navigates to a pipeline and applies find and replace transformation">
<kw name="Open the Browser" library="transformation" type="SETUP">
<kw name="Open Browser" library="SeleniumLibrary">
<arg>${Url}</arg>
<arg>${Browser}</arg>
<doc>Opens a new browser instance to the optional ``url``.</doc>
<msg timestamp="20211021 21:03:58.135" level="INFO">Opening browser 'gc' to base url 'https://beta.hevo.me/'.</msg>
<status status="PASS" starttime="20211021 21:03:58.135" endtime="20211021 21:04:06.247"/>
</kw>
<kw name="Maximize Browser Window" library="SeleniumLibrary">
<doc>Maximizes current browser window.</doc>
<status status="PASS" starttime="20211021 21:04:06.247" endtime="20211021 21:04:06.375"/>
</kw>
<kw name="Set Selenium Implicit Wait" library="SeleniumLibrary">
<arg>30 seconds</arg>
<doc>Sets the implicit wait value used by Selenium.</doc>
<status status="PASS" starttime="20211021 21:04:06.375" endtime="20211021 21:04:06.383"/>
</kw>
<status status="PASS" starttime="20211021 21:03:58.135" endtime="20211021 21:04:06.383"/>
</kw>
<kw name="Given User is alowed to login to Hevo" library="transformation">
<kw name="Input Text" library="SeleniumLibrary">
<arg>${Email_Elem}</arg>
<arg>${Email_Id}</arg>
<doc>Types the given ``text`` into the text field identified by ``locator``.</doc>
<msg timestamp="20211021 21:04:06.391" level="INFO">Typing text 'test@newhevotest.com' into text field 'xpath://input[@type='email']'.</msg>
<status status="PASS" starttime="20211021 21:04:06.391" endtime="20211021 21:04:06.672"/>
</kw>
<kw name="Click Button" library="SeleniumLibrary">
<arg>${Login_Btn}</arg>
<doc>Clicks the button identified by ``locator``.</doc>
<msg timestamp="20211021 21:04:06.672" level="INFO">Clicking button 'xpath://button[@type='submit']'.</msg>
<status status="PASS" starttime="20211021 21:04:06.672" endtime="20211021 21:04:06.768"/>
</kw>
<kw name="Wait Until Page Contains" library="SeleniumLibrary">
<arg>${Pwd_Txt}</arg>
<doc>Waits until ``text`` appears on the current page.</doc>
<status status="PASS" starttime="20211021 21:04:06.768" endtime="20211021 21:04:06.961"/>
</kw>
<kw name="Input Password" library="SeleniumLibrary">
<arg>${Pwd_Elem}</arg>
<arg>${Pwd}</arg>
<doc>Types the given password into the text field identified by ``locator``.</doc>
<msg timestamp="20211021 21:04:06.969" level="INFO">Typing password into text field 'xpath://input[@type='password']'.</msg>
<msg timestamp="20211021 21:04:07.017" level="INFO">Temporally setting log level to: NONE</msg>
<msg timestamp="20211021 21:04:07.105" level="INFO">Log level changed from NONE to INFO.</msg>
<status status="PASS" starttime="20211021 21:04:06.961" endtime="20211021 21:04:07.105"/>
</kw>
<kw name="Click Button" library="SeleniumLibrary">
<arg>${Login_Btn}</arg>
<doc>Clicks the button identified by ``locator``.</doc>
<msg timestamp="20211021 21:04:07.105" level="INFO">Clicking button 'xpath://button[@type='submit']'.</msg>
<status status="PASS" starttime="20211021 21:04:07.105" endtime="20211021 21:04:07.233"/>
</kw>
<status status="PASS" starttime="20211021 21:04:06.383" endtime="20211021 21:04:07.233"/>
</kw>
<kw name="And User navigates to the pipleine" library="transformation">
<kw name="Wait Until Page Contains" library="SeleniumLibrary">
<arg>${Dark_Mode_Txt}</arg>
<doc>Waits until ``text`` appears on the current page.</doc>
<status status="PASS" starttime="20211021 21:04:07.233" endtime="20211021 21:04:08.072"/>
</kw>
<kw name="Press Keys" library="SeleniumLibrary">
<arg>None</arg>
<arg>ESC</arg>
<doc>Simulates the user pressing key(s) to an element or on the active browser.</doc>
<msg timestamp="20211021 21:04:08.080" level="INFO">Sending key(s) ('ESC',) to page.</msg>
<msg timestamp="20211021 21:04:08.080" level="INFO">Pressing special key ESCAPE to browser.</msg>
<msg timestamp="20211021 21:04:08.080" level="INFO">Releasing special key ESCAPE.</msg>
<status status="PASS" starttime="20211021 21:04:08.072" endtime="20211021 21:04:08.328"/>
</kw>
<kw name="Sleep" library="BuiltIn">
<arg>5</arg>
<doc>Pauses the test executed for the given time.</doc>
<msg timestamp="20211021 21:04:13.351" level="INFO">Slept 5 seconds</msg>
<status status="PASS" starttime="20211021 21:04:08.328" endtime="20211021 21:04:13.351"/>
</kw>
<kw name="Click Element" library="SeleniumLibrary">
<arg>${Pipeline_Label_Elem}</arg>
<doc>Click the element identified by ``locator``.</doc>
<msg timestamp="20211021 21:04:13.351" level="INFO">Clicking element 'xpath://a[@iconname='pipeline']'.</msg>
<status status="PASS" starttime="20211021 21:04:13.351" endtime="20211021 21:04:13.454"/>
</kw>
<kw name="Click Element" library="SeleniumLibrary">
<arg>${Pipeline}</arg>
<doc>Click the element identified by ``locator``.</doc>
<msg timestamp="20211021 21:04:13.454" level="INFO">Clicking element 'xpath://div[text()=' MySQL01 ']'.</msg>
<status status="PASS" starttime="20211021 21:04:13.454" endtime="20211021 21:04:14.429"/>
</kw>
<kw name="Wait Until Element Is Visible" library="SeleniumLibrary">
<arg>${Transf_Elem}</arg>
<doc>Waits until the element ``locator`` is visible.</doc>
<status status="PASS" starttime="20211021 21:04:14.429" endtime="20211021 21:04:14.477"/>
</kw>
<kw name="Click Element" library="SeleniumLibrary">
<arg>${Transf_Elem}</arg>
<doc>Click the element identified by ``locator``.</doc>
<msg timestamp="20211021 21:04:14.477" level="INFO">Clicking element 'xpath://a[@iconname='transformation']'.</msg>
<status status="PASS" starttime="20211021 21:04:14.477" endtime="20211021 21:04:15.399"/>
</kw>
<status status="PASS" starttime="20211021 21:04:07.233" endtime="20211021 21:04:15.399"/>
</kw>
<kw name="And User drags find and replace transformation and provide the details" library="transformation">
<kw name="Click Element" library="SeleniumLibrary">
<arg>${Change_Field_Value_Block}</arg>
<doc>Click the element identified by ``locator``.</doc>
<msg timestamp="20211021 21:04:15.409" level="INFO">Clicking element 'xpath://figure[@class='Change_Field_Value']'.</msg>
<status status="PASS" starttime="20211021 21:04:15.409" endtime="20211021 21:04:16.070"/>
</kw>
<kw name="Click Element" library="SeleniumLibrary">
<arg>${Delete_Block_Elem}</arg>
<doc>Click the element identified by ``locator``.</doc>
<msg timestamp="20211021 21:04:16.078" level="INFO">Clicking element 'xpath://button[@class='btn-error size-xs ng-star-inserted']'.</msg>
<status status="PASS" starttime="20211021 21:04:16.070" endtime="20211021 21:04:16.214"/>
</kw>
<kw name="Click Button" library="SeleniumLibrary">
<arg>${Deploy_Btn}</arg>
<doc>Clicks the button identified by ``locator``.</doc>
<msg timestamp="20211021 21:04:16.214" level="INFO">Clicking button 'xpath://button[text()=' Deploy ']'.</msg>
<status status="PASS" starttime="20211021 21:04:16.214" endtime="20211021 21:04:16.411"/>
</kw>
<kw name="Sleep" library="BuiltIn">
<arg>2</arg>
<doc>Pauses the test executed for the given time.</doc>
<msg timestamp="20211021 21:04:18.426" level="INFO">Slept 2 seconds</msg>
<status status="PASS" starttime="20211021 21:04:16.411" endtime="20211021 21:04:18.426"/>
</kw>
<kw name="Click Button" library="SeleniumLibrary">
<arg>${Confirm_Btn}</arg>
<doc>Clicks the button identified by ``locator``.</doc>
<msg timestamp="20211021 21:04:18.426" level="INFO">Clicking button 'xpath://button[text()=' Confirm ']'.</msg>
<status status="PASS" starttime="20211021 21:04:18.426" endtime="20211021 21:04:18.591"/>
</kw>
<kw name="Sleep" library="BuiltIn">
<arg>1</arg>
<doc>Pauses the test executed for the given time.</doc>
<msg timestamp="20211021 21:04:19.598" level="INFO">Slept 1 second</msg>
<status status="PASS" starttime="20211021 21:04:18.591" endtime="20211021 21:04:19.598"/>
</kw>
<kw name="Drag And Drop" library="SeleniumLibrary">
<arg>${Find_Replace_Elem}</arg>
<arg>${Workflow_Transf_Elem}</arg>
<doc>Drags the element identified by ``locator`` into the ``target`` element.</doc>
<status status="PASS" starttime="20211021 21:04:19.598" endtime="20211021 21:04:20.303"/>
</kw>
<kw name="Click Button" library="SeleniumLibrary">
<arg>${Add_Filter_Btn1}</arg>
<doc>Clicks the button identified by ``locator``.</doc>
<msg timestamp="20211021 21:04:20.303" level="INFO">Clicking button 'xpath://button[text()=' Add Filter ']'.</msg>
<status status="PASS" starttime="20211021 21:04:20.303" endtime="20211021 21:04:20.708"/>
</kw>
<kw name="Click Element" library="SeleniumLibrary">
<arg>${Event_Type_Option}</arg>
<doc>Click the element identified by ``locator``.</doc>
<msg timestamp="20211021 21:04:20.708" level="INFO">Clicking element 'xpath://fs-option[text()=' Event Type ']'.</msg>
<status status="PASS" starttime="20211021 21:04:20.708" endtime="20211021 21:04:20.862"/>
</kw>
<kw name="Click Element" library="SeleniumLibrary">
<arg>${Equals_Option}</arg>
<doc>Click the element identified by ``locator``.</doc>
<msg timestamp="20211021 21:04:20.866" level="INFO">Clicking element 'xpath://fs-option[text()=' Equals ']'.</msg>
<status status="PASS" starttime="20211021 21:04:20.866" endtime="20211021 21:04:21.029"/>
</kw>
<kw name="Input Text" library="SeleniumLibrary">
<arg>${Enter_Value_Txtbox}</arg>
<arg>${Event_Value_02}</arg>
<doc>Types the given ``text`` into the text field identified by ``locator``.</doc>
<msg timestamp="20211021 21:04:21.029" level="INFO">Typing text 'demo.dept_manager' into text field 'xpath://input[@placeholder='Value']'.</msg>
<status status="PASS" starttime="20211021 21:04:21.029" endtime="20211021 21:04:21.414"/>
</kw>
<kw name="Click Button" library="SeleniumLibrary">
<arg>${Add_Filter_Btn2}</arg>
<doc>Clicks the button identified by ``locator``.</doc>
<msg timestamp="20211021 21:04:21.422" level="INFO">Clicking button 'xpath://button[@class='btn btn-primary']'.</msg>
<status status="PASS" starttime="20211021 21:04:21.422" endtime="20211021 21:04:21.587"/>
</kw>
<kw name="Click Button" library="SeleniumLibrary">
<arg>${Add_Filter_Btn3}</arg>
<doc>Clicks the button identified by ``locator``.</doc>
<msg timestamp="20211021 21:04:21.587" level="INFO">Clicking button 'xpath://filter-group[@class='mt-4 ng-star-inserted']/button'.</msg>
<status status="PASS" starttime="20211021 21:04:21.587" endtime="20211021 21:04:21.721"/>
</kw>
<kw name="Click Element" library="SeleniumLibrary">
<arg>${Field_Name_Elem_01}</arg>
<doc>Click the element identified by ``locator``.</doc>
<msg timestamp="20211021 21:04:21.721" level="INFO">Clicking element 'xpath://fs-option[text()=' Field Name ']'.</msg>
<status status="PASS" starttime="20211021 21:04:21.721" endtime="20211021 21:04:21.841"/>
</kw>
<kw name="Click Element" library="SeleniumLibrary">
<arg>${Equals_Option}</arg>
<doc>Click the element identified by ``locator``.</doc>
<msg timestamp="20211021 21:04:21.841" level="INFO">Clicking element 'xpath://fs-option[text()=' Equals ']'.</msg>
<status status="PASS" starttime="20211021 21:04:21.841" endtime="20211021 21:04:21.938"/>
</kw>
<kw name="Execute Javascript" library="SeleniumLibrary">
<arg>window.scrollTo(0,-100)</arg>
<doc>Executes the given JavaScript code with possible arguments.</doc>
<msg timestamp="20211021 21:04:21.938" level="INFO">Executing JavaScript:
window.scrollTo(0,-100)
Without any arguments.</msg>
<status status="PASS" starttime="20211021 21:04:21.938" endtime="20211021 21:04:21.954"/>
</kw>
<kw name="Input Text" library="SeleniumLibrary">
<arg>${Enter_Value_Txtbox}</arg>
<arg>${Field_Name_05}</arg>
<doc>Types the given ``text`` into the text field identified by ``locator``.</doc>
<msg timestamp="20211021 21:04:21.954" level="INFO">Typing text 'dept_no' into text field 'xpath://input[@placeholder='Value']'.</msg>
<status status="PASS" starttime="20211021 21:04:21.954" endtime="20211021 21:04:22.214"/>
</kw>
<kw name="Click Button" library="SeleniumLibrary">
<arg>${Add_Filter_Btn2}</arg>
<doc>Clicks the button identified by ``locator``.</doc>
<msg timestamp="20211021 21:04:22.222" level="INFO">Clicking button 'xpath://button[@class='btn btn-primary']'.</msg>
<status status="PASS" starttime="20211021 21:04:22.214" endtime="20211021 21:04:22.364"/>
</kw>
<kw name="Input Text" library="SeleniumLibrary">
<arg>${Find_Elem_txtbox}</arg>
<arg>${Field_Value_01}</arg>
<doc>Types the given ``text`` into the text field identified by ``locator``.</doc>
<msg timestamp="20211021 21:04:22.372" level="INFO">Typing text 'd006' into text field 'xpath://input[@placeholder='Find']'.</msg>
<status status="PASS" starttime="20211021 21:04:22.364" endtime="20211021 21:04:22.554"/>
</kw>
<kw name="Input Text" library="SeleniumLibrary">
<arg>${Replace_Elem_Txtbox}</arg>
<arg>${Replace_Value}</arg>
<doc>Types the given ``text`` into the text field identified by ``locator``.</doc>
<msg timestamp="20211021 21:04:22.554" level="INFO">Typing text 'D666' into text field 'xpath://input[@placeholder='Replace']'.</msg>
<status status="PASS" starttime="20211021 21:04:22.554" endtime="20211021 21:04:22.743"/>
</kw>
<kw name="Click Element" library="SeleniumLibrary">
<arg>${Match_Case_Checkbox}</arg>
<doc>Click the element identified by ``locator``.</doc>
<msg timestamp="20211021 21:04:22.751" level="INFO">Clicking element 'xpath://mat-checkbox[@name='match-case']'.</msg>
<status status="PASS" starttime="20211021 21:04:22.743" endtime="20211021 21:04:22.872"/>
</kw>
<status status="PASS" starttime="20211021 21:04:15.409" endtime="20211021 21:04:22.872"/>
</kw>
<kw name="Then User tests the new transformation" library="transformation">
<kw name="Click Button" library="SeleniumLibrary">
<arg>${Test_Btn_01}</arg>
<doc>Clicks the button identified by ``locator``.</doc>
<msg timestamp="20211021 21:04:22.872" level="INFO">Clicking button 'xpath://button[@class='btn btn-secondary']'.</msg>
<status status="PASS" starttime="20211021 21:04:22.872" endtime="20211021 21:04:23.079"/>
</kw>
<kw name="Click Element" library="SeleniumLibrary">
<arg>${Select_Event_Dropdown}</arg>
<doc>Click the element identified by ``locator``.</doc>
<msg timestamp="20211021 21:04:23.079" level="INFO">Clicking element 'xpath://span[text()=' Select Event Type ']'.</msg>
<status status="PASS" starttime="20211021 21:04:23.079" endtime="20211021 21:04:23.311"/>
</kw>
<kw name="Input Text" library="SeleniumLibrary">
<arg>${Search_Icon}</arg>
<arg>${Event_Name_01}</arg>
<doc>Types the given ``text`` into the text field identified by ``locator``.</doc>
<msg timestamp="20211021 21:04:23.311" level="INFO">Typing text 'demo.dept_manager' into text field 'xpath://input[@placeholder='Select Event Type']'.</msg>
<status status="PASS" starttime="20211021 21:04:23.311" endtime="20211021 21:04:23.676"/>
</kw>
<kw name="Press Keys" library="SeleniumLibrary">
<arg>None</arg>
<arg>ARROW_DOWN</arg>
<doc>Simulates the user pressing key(s) to an element or on the active browser.</doc>
<msg timestamp="20211021 21:04:23.676" level="INFO">Sending key(s) ('ARROW_DOWN',) to page.</msg>
<msg timestamp="20211021 21:04:23.676" level="INFO">Pressing special key ARROW_DOWN to browser.</msg>
<msg timestamp="20211021 21:04:23.676" level="INFO">Releasing special key ARROW_DOWN.</msg>
<status status="PASS" starttime="20211021 21:04:23.676" endtime="20211021 21:04:23.694"/>
</kw>
<kw name="Press Keys" library="SeleniumLibrary">
<arg>None</arg>
<arg>RETURN</arg>
<doc>Simulates the user pressing key(s) to an element or on the active browser.</doc>
<msg timestamp="20211021 21:04:23.702" level="INFO">Sending key(s) ('RETURN',) to page.</msg>
<msg timestamp="20211021 21:04:23.702" level="INFO">Pressing special key RETURN to browser.</msg>
<msg timestamp="20211021 21:04:23.702" level="INFO">Releasing special key RETURN.</msg>
<status status="PASS" starttime="20211021 21:04:23.694" endtime="20211021 21:04:23.718"/>
</kw>
<kw name="Click Button" library="SeleniumLibrary">
<arg>${Get_Sample_Btn}</arg>
<doc>Clicks the button identified by ``locator``.</doc>
<msg timestamp="20211021 21:04:23.718" level="INFO">Clicking button 'xpath://button[text()=' Get Sample ']'.</msg>
<status status="PASS" starttime="20211021 21:04:23.718" endtime="20211021 21:04:23.819"/>
</kw>
<kw name="Sleep" library="BuiltIn">
<arg>2</arg>
<doc>Pauses the test executed for the given time.</doc>
<msg timestamp="20211021 21:04:25.825" level="INFO">Slept 2 seconds</msg>
<status status="PASS" starttime="20211021 21:04:23.819" endtime="20211021 21:04:25.825"/>
</kw>
<kw name="Click Button" library="SeleniumLibrary">
<arg>${Test_Btn_02}</arg>
<doc>Clicks the button identified by ``locator``.</doc>
<msg timestamp="20211021 21:04:25.825" level="INFO">Clicking button 'xpath://button[@class='btn btn-primary']'.</msg>
<status status="PASS" starttime="20211021 21:04:25.825" endtime="20211021 21:04:26.075"/>
</kw>
<kw name="Sleep" library="BuiltIn">
<arg>3</arg>
<doc>Pauses the test executed for the given time.</doc>
<msg timestamp="20211021 21:04:29.083" level="INFO">Slept 3 seconds</msg>
<status status="PASS" starttime="20211021 21:04:26.075" endtime="20211021 21:04:29.083"/>
</kw>
<kw name="Click Button" library="SeleniumLibrary">
<arg>${Deploy_Btn}</arg>
<doc>Clicks the button identified by ``locator``.</doc>
<msg timestamp="20211021 21:04:29.083" level="INFO">Clicking button 'xpath://button[text()=' Deploy ']'.</msg>
<status status="PASS" starttime="20211021 21:04:29.083" endtime="20211021 21:04:29.332"/>
</kw>
<status status="PASS" starttime="20211021 21:04:22.872" endtime="20211021 21:04:29.332"/>
</kw>
<kw name="And User runs the event again to apply new transformation" library="transformation">
<kw name="Click Element" library="SeleniumLibrary">
<arg>${Ovrview_Icon}</arg>
<doc>Click the element identified by ``locator``.</doc>
<msg timestamp="20211021 21:04:29.332" level="INFO">Clicking element 'xpath://a[@iconname='overview']'.</msg>
<status status="PASS" starttime="20211021 21:04:29.332" endtime="20211021 21:04:29.721"/>
</kw>
<kw name="Click Element" library="SeleniumLibrary">
<arg>${Src_Object_Elem}</arg>
<doc>Click the element identified by ``locator``.</doc>
<msg timestamp="20211021 21:04:29.729" level="INFO">Clicking element 'xpath://searcharea[@placeholder='Search Objects']'.</msg>
<status status="PASS" starttime="20211021 21:04:29.721" endtime="20211021 21:04:30.018"/>
</kw>
<kw name="Input Text" library="SeleniumLibrary">
<arg>${Src_Object_Text_Elem}</arg>
<arg>${Event_Name_01}</arg>
<doc>Types the given ``text`` into the text field identified by ``locator``.</doc>
<msg timestamp="20211021 21:04:30.018" level="INFO">Typing text 'demo.dept_manager' into text field 'xpath://input[@placeholder='Search Objects']'.</msg>
<status status="PASS" starttime="20211021 21:04:30.018" endtime="20211021 21:04:30.560"/>
</kw>
<kw name="Sleep" library="BuiltIn">
<arg>1</arg>
<doc>Pauses the test executed for the given time.</doc>
<msg timestamp="20211021 21:04:31.562" level="INFO">Slept 1 second</msg>
<status status="PASS" starttime="20211021 21:04:30.560" endtime="20211021 21:04:31.562"/>
</kw>
<kw name="Click Element" library="SeleniumLibrary">
<arg>${Vertical_Bar_Icon}</arg>
<doc>Click the element identified by ``locator``.</doc>
<msg timestamp="20211021 21:04:31.562" level="INFO">Clicking element 'xpath://div[@class='status-actions-container']/button'.</msg>
<status status="PASS" starttime="20211021 21:04:31.562" endtime="20211021 21:04:31.838"/>
</kw>
<kw name="Click Element" library="SeleniumLibrary">
<arg>${Run_Now_Opt}</arg>
<doc>Click the element identified by ``locator``.</doc>
<msg timestamp="20211021 21:04:31.838" level="INFO">Clicking element 'xpath://hd-icon[@name='run-now']'.</msg>
<status status="PASS" starttime="20211021 21:04:31.838" endtime="20211021 21:04:31.986"/>
</kw>
<status status="PASS" starttime="20211021 21:04:29.332" endtime="20211021 21:04:31.986"/>
</kw>
<kw name="Close the Browser" library="transformation" type="TEARDOWN">
<kw name="Close Browser" library="SeleniumLibrary">
<doc>Closes the current browser.</doc>
<status status="PASS" starttime="20211021 21:04:32.010" endtime="20211021 21:04:34.681"/>
</kw>
<status status="PASS" starttime="20211021 21:04:32.010" endtime="20211021 21:04:34.681"/>
</kw>
<doc>Find and Replace Transformation</doc>
<tag>Transformation</tag>
<status status="PASS" starttime="20211021 21:03:58.127" endtime="20211021 21:04:34.681"/>
</test>
<test id="s1-t5" name="User navigates to a pipeline and applies Mask Fields transformation">
<kw name="Open the Browser" library="transformation" type="SETUP">
<kw name="Open Browser" library="SeleniumLibrary">
<arg>${Url}</arg>
<arg>${Browser}</arg>
<doc>Opens a new browser instance to the optional ``url``.</doc>
<msg timestamp="20211021 21:04:34.702" level="INFO">Opening browser 'gc' to base url 'https://beta.hevo.me/'.</msg>
<status status="PASS" starttime="20211021 21:04:34.693" endtime="20211021 21:04:41.649"/>
</kw>
<kw name="Maximize Browser Window" library="SeleniumLibrary">
<doc>Maximizes current browser window.</doc>
<status status="PASS" starttime="20211021 21:04:41.649" endtime="20211021 21:04:41.778"/>
</kw>
<kw name="Set Selenium Implicit Wait" library="SeleniumLibrary">
<arg>30 seconds</arg>
<doc>Sets the implicit wait value used by Selenium.</doc>
<status status="PASS" starttime="20211021 21:04:41.778" endtime="20211021 21:04:41.778"/>
</kw>
<status status="PASS" starttime="20211021 21:04:34.693" endtime="20211021 21:04:41.778"/>
</kw>
<kw name="Given User is alowed to login to Hevo" library="transformation">
<kw name="Input Text" library="SeleniumLibrary">
<arg>${Email_Elem}</arg>
<arg>${Email_Id}</arg>
<doc>Types the given ``text`` into the text field identified by ``locator``.</doc>
<msg timestamp="20211021 21:04:41.794" level="INFO">Typing text 'test@newhevotest.com' into text field 'xpath://input[@type='email']'.</msg>
<status status="PASS" starttime="20211021 21:04:41.778" endtime="20211021 21:04:42.050"/>
</kw>
<kw name="Click Button" library="SeleniumLibrary">
<arg>${Login_Btn}</arg>
<doc>Clicks the button identified by ``locator``.</doc>
<msg timestamp="20211021 21:04:42.050" level="INFO">Clicking button 'xpath://button[@type='submit']'.</msg>
<status status="PASS" starttime="20211021 21:04:42.050" endtime="20211021 21:04:42.146"/>
</kw>
<kw name="Wait Until Page Contains" library="SeleniumLibrary">
<arg>${Pwd_Txt}</arg>
<doc>Waits until ``text`` appears on the current page.</doc>
<status status="PASS" starttime="20211021 21:04:42.146" endtime="20211021 21:04:42.366"/>
</kw>
<kw name="Input Password" library="SeleniumLibrary">
<arg>${Pwd_Elem}</arg>
<arg>${Pwd}</arg>
<doc>Types the given password into the text field identified by ``locator``.</doc>
<msg timestamp="20211021 21:04:42.366" level="INFO">Typing password into text field 'xpath://input[@type='password']'.</msg>
<msg timestamp="20211021 21:04:42.462" level="INFO">Temporally setting log level to: NONE</msg>
<msg timestamp="20211021 21:04:42.534" level="INFO">Log level changed from NONE to INFO.</msg>
<status status="PASS" starttime="20211021 21:04:42.366" endtime="20211021 21:04:42.534"/>
</kw>
<kw name="Click Button" library="SeleniumLibrary">
<arg>${Login_Btn}</arg>
<doc>Clicks the button identified by ``locator``.</doc>
<msg timestamp="20211021 21:04:42.534" level="INFO">Clicking button 'xpath://button[@type='submit']'.</msg>
<status status="PASS" starttime="20211021 21:04:42.534" endtime="20211021 21:04:42.654"/>
</kw>
<status status="PASS" starttime="20211021 21:04:41.778" endtime="20211021 21:04:42.654"/>
</kw>
<kw name="And User navigates to the pipleine" library="transformation">
<kw name="Wait Until Page Contains" library="SeleniumLibrary">
<arg>${Dark_Mode_Txt}</arg>
<doc>Waits until ``text`` appears on the current page.</doc>
[...]
</kw>
<kw name="Click Element" library="SeleniumLibrary">
<arg>${Delete_Block_Elem}</arg>
<doc>Click the element identified by ``locator``.</doc>
<msg timestamp="20211021 21:07:18.490" level="INFO">Clicking element 'xpath://button[@class='btn-error size-xs ng-star-inserted']'.</msg>
<status status="PASS" starttime="20211021 21:07:18.490" endtime="20211021 21:07:18.658"/>
</kw>
<kw name="Click Button" library="SeleniumLibrary">
<arg>${Deploy_Btn}</arg>
<doc>Clicks the button identified by ``locator``.</doc>
<msg timestamp="20211021 21:07:18.666" level="INFO">Clicking button 'xpath://button[text()=' Deploy ']'.</msg>
<status status="PASS" starttime="20211021 21:07:18.658" endtime="20211021 21:07:18.913"/>
</kw>
<kw name="Sleep" library="BuiltIn">
<arg>2</arg>
<doc>Pauses the test executed for the given time.</doc>
<msg timestamp="20211021 21:07:20.926" level="INFO">Slept 2 seconds</msg>
<status status="PASS" starttime="20211021 21:07:18.913" endtime="20211021 21:07:20.926"/>
</kw>
<kw name="Click Button" library="SeleniumLibrary">
<arg>${Confirm_Btn}</arg>
<doc>Clicks the button identified by ``locator``.</doc>
<msg timestamp="20211021 21:07:20.926" level="INFO">Clicking button 'xpath://button[text()=' Confirm ']'.</msg>
<status status="PASS" starttime="20211021 21:07:20.926" endtime="20211021 21:07:21.043"/>
</kw>
<kw name="Sleep" library="BuiltIn">
<arg>1</arg>
<doc>Pauses the test executed for the given time.</doc>
<msg timestamp="20211021 21:07:22.052" level="INFO">Slept 1 second</msg>
<status status="PASS" starttime="20211021 21:07:21.043" endtime="20211021 21:07:22.052"/>
</kw>
<kw name="Drag And Drop" library="SeleniumLibrary">
<arg>${If_Else_Elem}</arg>
<arg>${Workflow_Transf_Elem}</arg>
<doc>Drags the element identified by ``locator`` into the ``target`` element.</doc>
<status status="PASS" starttime="20211021 21:07:22.053" endtime="20211021 21:07:22.811"/>
</kw>
<kw name="Click Button" library="SeleniumLibrary">
<arg>${Add_Filter_Btn1}</arg>
<doc>Clicks the button identified by ``locator``.</doc>
<msg timestamp="20211021 21:07:22.811" level="INFO">Clicking button 'xpath://button[text()=' Add Filter ']'.</msg>
<status status="PASS" starttime="20211021 21:07:22.811" endtime="20211021 21:07:23.034"/>
</kw>
<kw name="Click Element" library="SeleniumLibrary">
<arg>${Event_Type_Option}</arg>
<doc>Click the element identified by ``locator``.</doc>
<msg timestamp="20211021 21:07:23.034" level="INFO">Clicking element 'xpath://fs-option[text()=' Event Type ']'.</msg>
<status status="PASS" starttime="20211021 21:07:23.034" endtime="20211021 21:07:23.196"/>
</kw>
<kw name="Click Element" library="SeleniumLibrary">
<arg>${Equals_Option}</arg>
<doc>Click the element identified by ``locator``.</doc>
<msg timestamp="20211021 21:07:23.196" level="INFO">Clicking element 'xpath://fs-option[text()=' Equals ']'.</msg>
<status status="PASS" starttime="20211021 21:07:23.196" endtime="20211021 21:07:23.345"/>
</kw>
<kw name="Input Text" library="SeleniumLibrary">
<arg>${Enter_Value_Txtbox}</arg>
<arg>${Event_Value}</arg>
<doc>Types the given ``text`` into the text field identified by ``locator``.</doc>
<msg timestamp="20211021 21:07:23.353" level="INFO">Typing text 'demo.departments' into text field 'xpath://input[@placeholder='Value']'.</msg>
<status status="PASS" starttime="20211021 21:07:23.345" endtime="20211021 21:07:23.743"/>
</kw>
<kw name="Click Button" library="SeleniumLibrary">
<arg>${Add_Filter_Btn2}</arg>
<doc>Clicks the button identified by ``locator``.</doc>
<msg timestamp="20211021 21:07:23.751" level="INFO">Clicking button 'xpath://button[@class='btn btn-primary']'.</msg>
<status status="PASS" starttime="20211021 21:07:23.743" endtime="20211021 21:07:23.879"/>
</kw>
<kw name="Click Button" library="SeleniumLibrary">
<arg>${Add_Filter_Btn1}</arg>
<doc>Clicks the button identified by ``locator``.</doc>
<msg timestamp="20211021 21:07:23.879" level="INFO">Clicking button 'xpath://button[text()=' Add Filter ']'.</msg>
<status status="PASS" starttime="20211021 21:07:23.879" endtime="20211021 21:07:23.989"/>
</kw>
<kw name="Click Element" library="SeleniumLibrary">
<arg>${Event_Field_Opt}</arg>
<doc>Click the element identified by ``locator``.</doc>
<msg timestamp="20211021 21:07:23.989" level="INFO">Clicking element 'xpath://fs-option[text()=' Event Field ']'.</msg>
<status status="PASS" starttime="20211021 21:07:23.989" endtime="20211021 21:07:24.076"/>
</kw>
<kw name="Input Text" library="SeleniumLibrary">
<arg>${Field_Name_Txtbox}</arg>
<arg>${Field_Name_03}</arg>
<doc>Types the given ``text`` into the text field identified by ``locator``.</doc>
<msg timestamp="20211021 21:07:24.076" level="INFO">Typing text 'dept_name' into text field 'xpath://input[@placeholder='Field Name']'.</msg>
<status status="PASS" starttime="20211021 21:07:24.076" endtime="20211021 21:07:24.333"/>
</kw>
<kw name="Click Button" library="SeleniumLibrary">
<arg>${Select_Field_Btn}</arg>
<doc>Clicks the button identified by ``locator``.</doc>
<msg timestamp="20211021 21:07:24.333" level="INFO">Clicking button 'xpath://button[text()=' Select Field ']'.</msg>
<status status="PASS" starttime="20211021 21:07:24.333" endtime="20211021 21:07:24.465"/>
</kw>
<kw name="Click Element" library="SeleniumLibrary">
<arg>${Equals_Option}</arg>
<doc>Click the element identified by ``locator``.</doc>
<msg timestamp="20211021 21:07:24.465" level="INFO">Clicking element 'xpath://fs-option[text()=' Equals ']'.</msg>
<status status="PASS" starttime="20211021 21:07:24.465" endtime="20211021 21:07:24.551"/>
</kw>
<kw name="Input Text" library="SeleniumLibrary">
<arg>${Enter_Value_Txtbox}</arg>
<arg>${Field_Value}</arg>
<doc>Types the given ``text`` into the text field identified by ``locator``.</doc>
<msg timestamp="20211021 21:07:24.551" level="INFO">Typing text 'Marketing' into text field 'xpath://input[@placeholder='Value']'.</msg>
<status status="PASS" starttime="20211021 21:07:24.551" endtime="20211021 21:07:24.793"/>
</kw>
<kw name="Click Button" library="SeleniumLibrary">
<arg>${Add_Filter_Btn2}</arg>
<doc>Clicks the button identified by ``locator``.</doc>
<msg timestamp="20211021 21:07:24.793" level="INFO">Clicking button 'xpath://button[@class='btn btn-primary']'.</msg>
<status status="PASS" starttime="20211021 21:07:24.793" endtime="20211021 21:07:24.927"/>
</kw>
<status status="PASS" starttime="20211021 21:07:17.452" endtime="20211021 21:07:24.927"/>
</kw>
<kw name="And User gives the details of If block" library="transformation">
<kw name="Drag And Drop By Offset" library="SeleniumLibrary">
<arg>${Add_Field_Elem}</arg>
<arg>540</arg>
<arg>0</arg>
<doc>Drags the element identified with ``locator`` by ``xoffset/yoffset``.</doc>
<status status="PASS" starttime="20211021 21:07:24.927" endtime="20211021 21:07:25.608"/>
</kw>
<kw name="Click Button" library="SeleniumLibrary">
<arg>${Add_Filter_Btn1}</arg>
<doc>Clicks the button identified by ``locator``.</doc>
<msg timestamp="20211021 21:07:25.608" level="INFO">Clicking button 'xpath://button[text()=' Add Filter ']'.</msg>
<status status="PASS" starttime="20211021 21:07:25.608" endtime="20211021 21:07:25.840"/>
</kw>
<kw name="Click Element" library="SeleniumLibrary">
<arg>${Event_Type_Option}</arg>
<doc>Click the element identified by ``locator``.</doc>
<msg timestamp="20211021 21:07:25.840" level="INFO">Clicking element 'xpath://fs-option[text()=' Event Type ']'.</msg>
<status status="PASS" starttime="20211021 21:07:25.840" endtime="20211021 21:07:26.015"/>
</kw>
<kw name="Click Element" library="SeleniumLibrary">
<arg>${Equals_Option}</arg>
<doc>Click the element identified by ``locator``.</doc>
<msg timestamp="20211021 21:07:26.019" level="INFO">Clicking element 'xpath://fs-option[text()=' Equals ']'.</msg>
<status status="PASS" starttime="20211021 21:07:26.015" endtime="20211021 21:07:26.168"/>
</kw>
<kw name="Input Text" library="SeleniumLibrary">
<arg>${Enter_Value_Txtbox}</arg>
<arg>${Event_Value}</arg>
<doc>Types the given ``text`` into the text field identified by ``locator``.</doc>
<msg timestamp="20211021 21:07:26.168" level="INFO">Typing text 'demo.departments' into text field 'xpath://input[@placeholder='Value']'.</msg>
<status status="PASS" starttime="20211021 21:07:26.168" endtime="20211021 21:07:26.500"/>
</kw>
<kw name="Click Button" library="SeleniumLibrary">
<arg>${Add_Filter_Btn2}</arg>
<doc>Clicks the button identified by ``locator``.</doc>
<msg timestamp="20211021 21:07:26.500" level="INFO">Clicking button 'xpath://button[@class='btn btn-primary']'.</msg>
<status status="PASS" starttime="20211021 21:07:26.500" endtime="20211021 21:07:26.648"/>
</kw>
<kw name="Input Text" library="SeleniumLibrary">
<arg>${New_Field_Name_Txtbox}</arg>
<arg>${Field_Name_01}</arg>
<doc>Types the given ``text`` into the text field identified by ``locator``.</doc>
<msg timestamp="20211021 21:07:26.656" level="INFO">Typing text 'dept_loc' into text field 'xpath://input[@name='field-name']'.</msg>
<status status="PASS" starttime="20211021 21:07:26.648" endtime="20211021 21:07:26.817"/>
</kw>
<kw name="Input Text" library="SeleniumLibrary">
<arg>${New_Field_Value_Txtbox}</arg>
<arg>${New_Field_Value_01}</arg>
<doc>Types the given ``text`` into the text field identified by ``locator``.</doc>
<msg timestamp="20211021 21:07:26.817" level="INFO">Typing text '"India"' into text field 'xpath://input[@name='field-value']'.</msg>
<status status="PASS" starttime="20211021 21:07:26.817" endtime="20211021 21:07:27.064"/>
</kw>
<status status="PASS" starttime="20211021 21:07:24.927" endtime="20211021 21:07:27.064"/>
</kw>
<kw name="And User gives the details of Else block" library="transformation">
<kw name="Drag And Drop By Offset" library="SeleniumLibrary">
<arg>${Rename_Field_Elem}</arg>
<arg>240</arg>
<arg>-20</arg>
<doc>Drags the element identified with ``locator`` by ``xoffset/yoffset``.</doc>
<status status="PASS" starttime="20211021 21:07:27.094" endtime="20211021 21:07:27.877"/>
</kw>
<kw name="Click Button" library="SeleniumLibrary">
<arg>${Add_Filter_Btn1}</arg>
<doc>Clicks the button identified by ``locator``.</doc>
<msg timestamp="20211021 21:07:27.893" level="INFO">Clicking button 'xpath://button[text()=' Add Filter ']'.</msg>
<status status="PASS" starttime="20211021 21:07:27.877" endtime="20211021 21:07:28.066"/>
</kw>
<kw name="Click Element" library="SeleniumLibrary">
<arg>${Event_Type_Option}</arg>
<doc>Click the element identified by ``locator``.</doc>
<msg timestamp="20211021 21:07:28.074" level="INFO">Clicking element 'xpath://fs-option[text()=' Event Type ']'.</msg>
<status status="PASS" starttime="20211021 21:07:28.066" endtime="20211021 21:07:28.195"/>
</kw>
<kw name="Click Element" library="SeleniumLibrary">
<arg>${Equals_Option}</arg>
<doc>Click the element identified by ``locator``.</doc>
<msg timestamp="20211021 21:07:28.195" level="INFO">Clicking element 'xpath://fs-option[text()=' Equals ']'.</msg>
<status status="PASS" starttime="20211021 21:07:28.195" endtime="20211021 21:07:28.310"/>
</kw>
<kw name="Input Text" library="SeleniumLibrary">
<arg>${Enter_Value_Txtbox}</arg>
<arg>${Event_Value}</arg>
<doc>Types the given ``text`` into the text field identified by ``locator``.</doc>
<msg timestamp="20211021 21:07:28.310" level="INFO">Typing text 'demo.departments' into text field 'xpath://input[@placeholder='Value']'.</msg>
<status status="PASS" starttime="20211021 21:07:28.310" endtime="20211021 21:07:28.681"/>
</kw>
<kw name="Click Button" library="SeleniumLibrary">
<arg>${Add_Filter_Btn2}</arg>
<doc>Clicks the button identified by ``locator``.</doc>
<msg timestamp="20211021 21:07:28.681" level="INFO">Clicking button 'xpath://button[@class='btn btn-primary']'.</msg>
<status status="PASS" starttime="20211021 21:07:28.681" endtime="20211021 21:07:28.830"/>
</kw>
<kw name="Input Text" library="SeleniumLibrary">
<arg>${Field_Name_Elem_02}</arg>
<arg>${Field_Name_02}</arg>
<doc>Types the given ``text`` into the text field identified by ``locator``.</doc>
<msg timestamp="20211021 21:07:28.830" level="INFO">Typing text 'dept_name' into text field 'xpath://input[@name='field-name']'.</msg>
<status status="PASS" starttime="20211021 21:07:28.830" endtime="20211021 21:07:28.995"/>
</kw>
<kw name="Input Text" library="SeleniumLibrary">
<arg>${New_Field_Elem}</arg>
<arg>${New_Field_Value_02}</arg>
<doc>Types the given ``text`` into the text field identified by ``locator``.</doc>
<msg timestamp="20211021 21:07:28.998" level="INFO">Typing text 'dept_na' into text field 'xpath://input[@name='new-name']'.</msg>
<status status="PASS" starttime="20211021 21:07:28.998" endtime="20211021 21:07:29.194"/>
</kw>
<status status="PASS" starttime="20211021 21:07:27.094" endtime="20211021 21:07:29.197"/>
</kw>
<kw name="Then User tests the transformation applied to the event" library="transformation">
<kw name="Click Button" library="SeleniumLibrary">
<arg>${Test_Btn_01}</arg>
<doc>Clicks the button identified by ``locator``.</doc>
<msg timestamp="20211021 21:07:29.197" level="INFO">Clicking button 'xpath://button[@class='btn btn-secondary']'.</msg>
<status status="PASS" starttime="20211021 21:07:29.197" endtime="20211021 21:07:29.403"/>
</kw>
<kw name="Click Element" library="SeleniumLibrary">
<arg>${Select_Event_Dropdown}</arg>
<doc>Click the element identified by ``locator``.</doc>
<msg timestamp="20211021 21:07:29.403" level="INFO">Clicking element 'xpath://span[text()=' Select Event Type ']'.</msg>
<status status="PASS" starttime="20211021 21:07:29.403" endtime="20211021 21:07:29.537"/>
</kw>
<kw name="Input Text" library="SeleniumLibrary">
<arg>${Search_Icon}</arg>
<arg>${Event_Name}</arg>
<doc>Types the given ``text`` into the text field identified by ``locator``.</doc>
<msg timestamp="20211021 21:07:29.545" level="INFO">Typing text 'demo.departments' into text field 'xpath://input[@placeholder='Select Event Type']'.</msg>
<status status="PASS" starttime="20211021 21:07:29.537" endtime="20211021 21:07:29.770"/>
</kw>
<kw name="Press Keys" library="SeleniumLibrary">
<arg>None</arg>
<arg>ARROW_DOWN</arg>
<doc>Simulates the user pressing key(s) to an element or on the active browser.</doc>
<msg timestamp="20211021 21:07:29.770" level="INFO">Sending key(s) ('ARROW_DOWN',) to page.</msg>
<msg timestamp="20211021 21:07:29.770" level="INFO">Pressing special key ARROW_DOWN to browser.</msg>
<msg timestamp="20211021 21:07:29.770" level="INFO">Releasing special key ARROW_DOWN.</msg>
<status status="PASS" starttime="20211021 21:07:29.770" endtime="20211021 21:07:29.786"/>
</kw>
<kw name="Press Keys" library="SeleniumLibrary">
<arg>None</arg>
<arg>RETURN</arg>
<doc>Simulates the user pressing key(s) to an element or on the active browser.</doc>
<msg timestamp="20211021 21:07:29.794" level="INFO">Sending key(s) ('RETURN',) to page.</msg>
<msg timestamp="20211021 21:07:29.794" level="INFO">Pressing special key RETURN to browser.</msg>
<msg timestamp="20211021 21:07:29.794" level="INFO">Releasing special key RETURN.</msg>
<status status="PASS" starttime="20211021 21:07:29.786" endtime="20211021 21:07:29.810"/>
</kw>
<kw name="Click Button" library="SeleniumLibrary">
<arg>${Get_Sample_Btn}</arg>
<doc>Clicks the button identified by ``locator``.</doc>
<msg timestamp="20211021 21:07:29.810" level="INFO">Clicking button 'xpath://button[text()=' Get Sample ']'.</msg>
<status status="PASS" starttime="20211021 21:07:29.810" endtime="20211021 21:07:29.910"/>
</kw>
<kw name="Sleep" library="BuiltIn">
<arg>1</arg>
<doc>Pauses the test executed for the given time.</doc>
<msg timestamp="20211021 21:07:30.921" level="INFO">Slept 1 second</msg>
<status status="PASS" starttime="20211021 21:07:29.920" endtime="20211021 21:07:30.921"/>
</kw>
<kw name="Click Button" library="SeleniumLibrary">
<arg>${Test_Btn_02}</arg>
<doc>Clicks the button identified by ``locator``.</doc>
<msg timestamp="20211021 21:07:30.921" level="INFO">Clicking button 'xpath://button[@class='btn btn-primary']'.</msg>
<status status="PASS" starttime="20211021 21:07:30.921" endtime="20211021 21:07:31.035"/>
</kw>
<kw name="Sleep" library="BuiltIn">
<arg>3</arg>
<doc>Pauses the test executed for the given time.</doc>
<msg timestamp="20211021 21:07:34.040" level="INFO">Slept 3 seconds</msg>
<status status="PASS" starttime="20211021 21:07:31.035" endtime="20211021 21:07:34.040"/>
</kw>
<kw name="Click Button" library="SeleniumLibrary">
<arg>${Deploy_Btn}</arg>
<doc>Clicks the button identified by ``locator``.</doc>
<msg timestamp="20211021 21:07:34.040" level="INFO">Clicking button 'xpath://button[text()=' Deploy ']'.</msg>
<status status="PASS" starttime="20211021 21:07:34.040" endtime="20211021 21:07:34.265"/>
</kw>
<status status="PASS" starttime="20211021 21:07:29.197" endtime="20211021 21:07:34.273"/>
</kw>
<kw name="And User runs the event again" library="transformation">
<kw name="Click Element" library="SeleniumLibrary">
<arg>${Ovrview_Icon}</arg>
<doc>Click the element identified by ``locator``.</doc>
<msg timestamp="20211021 21:07:34.273" level="INFO">Clicking element 'xpath://a[@iconname='overview']'.</msg>
<status status="PASS" starttime="20211021 21:07:34.273" endtime="20211021 21:07:34.607"/>
</kw>
<kw name="Click Element" library="SeleniumLibrary">
<arg>${Src_Object_Elem}</arg>
<doc>Click the element identified by ``locator``.</doc>
<msg timestamp="20211021 21:07:34.607" level="INFO">Clicking element 'xpath://searcharea[@placeholder='Search Objects']'.</msg>
<status status="PASS" starttime="20211021 21:07:34.607" endtime="20211021 21:07:34.740"/>
</kw>
<kw name="Input Text" library="SeleniumLibrary">
<arg>${Src_Object_Text_Elem}</arg>
<arg>${Event_Value}</arg>
<doc>Types the given ``text`` into the text field identified by ``locator``.</doc>
<msg timestamp="20211021 21:07:34.740" level="INFO">Typing text 'demo.departments' into text field 'xpath://input[@placeholder='Search Objects']'.</msg>
<status status="PASS" starttime="20211021 21:07:34.740" endtime="20211021 21:07:35.350"/>
</kw>
<kw name="Sleep" library="BuiltIn">
<arg>1</arg>
<doc>Pauses the test executed for the given time.</doc>
<msg timestamp="20211021 21:07:36.356" level="INFO">Slept 1 second</msg>
<status status="PASS" starttime="20211021 21:07:35.350" endtime="20211021 21:07:36.356"/>
</kw>
<kw name="Click Element" library="SeleniumLibrary">
<arg>${Vertical_Bar_Icon}</arg>
<doc>Click the element identified by ``locator``.</doc>
<msg timestamp="20211021 21:07:36.356" level="INFO">Clicking element 'xpath://div[@class='status-actions-container']/button'.</msg>
<status status="PASS" starttime="20211021 21:07:36.356" endtime="20211021 21:07:36.641"/>
</kw>
<kw name="Click Element" library="SeleniumLibrary">
<arg>${Run_Now_Opt}</arg>
<doc>Click the element identified by ``locator``.</doc>
<msg timestamp="20211021 21:07:36.641" level="INFO">Clicking element 'xpath://hd-icon[@name='run-now']'.</msg>
<status status="PASS" starttime="20211021 21:07:36.641" endtime="20211021 21:07:36.761"/>
</kw>
<status status="PASS" starttime="20211021 21:07:34.273" endtime="20211021 21:07:36.761"/>
</kw>
<kw name="Close the Browser" library="transformation" type="TEARDOWN">
<kw name="Close Browser" library="SeleniumLibrary">
<doc>Closes the current browser.</doc>
<status status="PASS" starttime="20211021 21:07:36.769" endtime="20211021 21:07:39.357"/>
</kw>
<status status="PASS" starttime="20211021 21:07:36.761" endtime="20211021 21:07:39.357"/>
</kw>
<doc>If-Else and continuous transformation</doc>
<tag>Transformation</tag>
<status status="PASS" starttime="20211021 21:06:59.944" endtime="20211021 21:07:39.357"/>
</test>
<status status="PASS" starttime="20211021 21:02:17.491" endtime="20211021 21:07:39.361"/>
</suite>
<statistics>
<total>
<stat pass="9" fail="0" skip="0">All Tests</stat>
</total>
<tag>
<stat pass="9" fail="0" skip="0">Transformation</stat>
</tag>
<suite>
<stat pass="9" fail="0" skip="0" id="s1" name="Testcase003">Testcase003</stat>
</suite>
</statistics>
<errors>
</errors>
</robot>
